
> sanoa-lab@0.1.0 typecheck /workspaces/sanoa-lab
> tsc --noEmit

app/(app)/agenda/page.tsx(206,9): error TS2322: Type '({ kind: "cal"; uid: string; title: string; start: string; end: string; meetingUrl: string | null | undefined; attendee: string | undefined; } | { kind: "local"; id: string; title: string; start: string; end: string; patient_id: string; cal_event_id: string | null; })[]' is not assignable to type 'UniItem[]'.
  Type '{ kind: "cal"; uid: string; title: string; start: string; end: string; meetingUrl: string | null | undefined; attendee: string | undefined; } | { kind: "local"; id: string; title: string; start: string; end: string; patient_id: string; cal_event_id: string | null; }' is not assignable to type 'UniItem'.
    Type '{ kind: "cal"; uid: string; title: string; start: string; end: string; meetingUrl: string | null | undefined; attendee: string | undefined; }' is not assignable to type 'UniItem'.
      Type '{ kind: "cal"; uid: string; title: string; start: string; end: string; meetingUrl: string | null | undefined; attendee: string | undefined; }' is not assignable to type '{ kind: "cal"; uid: string; title: string; start: string; end: string; meetingUrl?: string | undefined; attendee?: string | undefined; }'.
        Types of property 'meetingUrl' are incompatible.
          Type 'string | null | undefined' is not assignable to type 'string | undefined'.
            Type 'null' is not assignable to type 'string | undefined'.
app/(app)/agenda/semana/page.tsx(57,17): error TS2322: Type 'Dispatch<SetStateAction<{ id: string; label: string; } | null>>' is not assignable to type '(p: Item) => void'.
  Types of parameters 'value' and 'p' are incompatible.
    Type 'Item' is not assignable to type 'SetStateAction<{ id: string; label: string; } | null>'.
      Property 'label' is missing in type 'Item' but required in type '{ id: string; label: string; }'.
app/(app)/banco/ajustes/page.tsx(192,23): error TS2322: Type '{ ctaHref: string; }' is not assignable to type 'IntrinsicAttributes & Props'.
  Property 'ctaHref' does not exist on type 'IntrinsicAttributes & Props'.
app/(app)/banco/presupuestos/page.tsx(25,31): error TS2322: Type '{ ctaHref: string; }' is not assignable to type 'IntrinsicAttributes & Props'.
  Property 'ctaHref' does not exist on type 'IntrinsicAttributes & Props'.
app/(app)/banco/reportes/page.tsx(41,23): error TS2322: Type '{ ctaHref: string; }' is not assignable to type 'IntrinsicAttributes & Props'.
  Property 'ctaHref' does not exist on type 'IntrinsicAttributes & Props'.
app/(app)/modulos/equilibrio/checkins/page.tsx(32,13): error TS2322: Type 'Dispatch<SetStateAction<{ id: string; label: string; } | null>>' is not assignable to type '(p: Item) => void'.
  Types of parameters 'value' and 'p' are incompatible.
    Type 'Item' is not assignable to type 'SetStateAction<{ id: string; label: string; } | null>'.
      Property 'label' is missing in type 'Item' but required in type '{ id: string; label: string; }'.
app/(app)/modulos/mente/sesiones/page.tsx(75,61): error TS2322: Type 'Dispatch<SetStateAction<{ id: string; label: string; } | null>>' is not assignable to type '(p: Item) => void'.
  Types of parameters 'value' and 'p' are incompatible.
    Type 'Item' is not assignable to type 'SetStateAction<{ id: string; label: string; } | null>'.
      Property 'label' is missing in type 'Item' but required in type '{ id: string; label: string; }'.
app/(app)/modulos/pulso/mediciones/page.tsx(35,13): error TS2322: Type 'Dispatch<SetStateAction<{ id: string; label: string; } | null>>' is not assignable to type '(p: Item) => void'.
  Types of parameters 'value' and 'p' are incompatible.
    Type 'Item' is not assignable to type 'SetStateAction<{ id: string; label: string; } | null>'.
      Property 'label' is missing in type 'Item' but required in type '{ id: string; label: string; }'.
app/(app)/modulos/pulso/objetivos/page.tsx(31,13): error TS2322: Type 'Dispatch<SetStateAction<{ id: string; label: string; } | null>>' is not assignable to type '(p: Item) => void'.
  Types of parameters 'value' and 'p' are incompatible.
    Type 'Item' is not assignable to type 'SetStateAction<{ id: string; label: string; } | null>'.
      Property 'label' is missing in type 'Item' but required in type '{ id: string; label: string; }'.
app/(app)/modulos/sonrisa/presupuestos/page.tsx(33,13): error TS2322: Type 'Dispatch<SetStateAction<{ id: string; label: string; } | null>>' is not assignable to type '(p: Item) => void'.
  Types of parameters 'value' and 'p' are incompatible.
    Type 'Item' is not assignable to type 'SetStateAction<{ id: string; label: string; } | null>'.
      Property 'label' is missing in type 'Item' but required in type '{ id: string; label: string; }'.
app/(app)/pacientes/[id]/laboratorio/[req]/page.tsx(73,11): error TS2322: Type '"secondary"' is not assignable to type '"default" | "error" | "success" | "info" | "destructive" | undefined'.
app/(app)/pacientes/[id]/laboratorio/[req]/page.tsx(81,37): error TS2345: Argument of type 'ArrayBuffer' is not assignable to parameter of type 'ImageLike'.
  Type 'ArrayBuffer' is missing the following properties from type 'Buffer<ArrayBufferLike>': subarray, write, toJSON, equals, and 99 more.
app/(app)/print/recetas/[id]/page.tsx(79,35): error TS7006: Parameter 'it' implicitly has an 'any' type.
app/(app)/print/recetas/[id]/page.tsx(79,39): error TS7006: Parameter 'i' implicitly has an 'any' type.
app/(app)/recordatorios/page.tsx(84,42): error TS2322: Type '"reminders"' is not assignable to type '"bank_tx"'.
app/(auth)/login/page.tsx(204,15): error TS2322: Type '{ children: Element; htmlFor: string; required: true; label: Element; error: string | undefined; errorId: string | undefined; }' is not assignable to type 'IntrinsicAttributes & FieldProps'.
  Property 'error' does not exist on type 'IntrinsicAttributes & FieldProps'.
app/(auth)/login/page.tsx(220,17): error TS2322: Type '{ id: string; name: string; type: "email"; inputMode: "email"; autoComplete: "email"; required: true; "aria-required": "true"; "aria-invalid": true | undefined; "aria-describedby": string | undefined; value: string; onChange: (e: ChangeEvent<...>) => void; placeholder: string; invalid: boolean; }' is not assignable to type 'IntrinsicAttributes & Omit<DetailedHTMLProps<InputHTMLAttributes<HTMLInputElement>, HTMLInputElement>, "ref"> & RefAttributes<...>'.
  Property 'invalid' does not exist on type 'IntrinsicAttributes & Omit<DetailedHTMLProps<InputHTMLAttributes<HTMLInputElement>, HTMLInputElement>, "ref"> & RefAttributes<...>'. Did you mean 'onInvalid'?
app/(auth)/reset-password/change/page.tsx(61,13): error TS2322: Type '{ children: Element; label: string; htmlFor: string; required: true; hint: string; error: string | undefined; errorId: string | undefined; }' is not assignable to type 'IntrinsicAttributes & FieldProps'.
  Property 'error' does not exist on type 'IntrinsicAttributes & FieldProps'.
app/(auth)/reset-password/change/page.tsx(73,15): error TS2322: Type '{ id: string; name: string; type: "password"; required: true; minLength: number; value: string; onChange: (e: ChangeEvent<HTMLInputElement>) => void; placeholder: string; invalid: boolean; "aria-describedby": string | undefined; }' is not assignable to type 'IntrinsicAttributes & Omit<DetailedHTMLProps<InputHTMLAttributes<HTMLInputElement>, HTMLInputElement>, "ref"> & RefAttributes<...>'.
  Property 'invalid' does not exist on type 'IntrinsicAttributes & Omit<DetailedHTMLProps<InputHTMLAttributes<HTMLInputElement>, HTMLInputElement>, "ref"> & RefAttributes<...>'. Did you mean 'onInvalid'?
app/(auth)/reset-password/page.tsx(60,58): error TS2322: Type '{ children: Element; label: string; htmlFor: string; required: true; error: string | undefined; errorId: string | undefined; }' is not assignable to type 'IntrinsicAttributes & FieldProps'.
  Property 'error' does not exist on type 'IntrinsicAttributes & FieldProps'.
app/(auth)/reset-password/page.tsx(71,15): error TS2322: Type '{ id: string; name: string; type: "email"; inputMode: "email"; autoComplete: "email"; required: true; value: string; onChange: (e: ChangeEvent<HTMLInputElement>) => void; placeholder: string; invalid: boolean; "aria-describedby": string | undefined; }' is not assignable to type 'IntrinsicAttributes & Omit<DetailedHTMLProps<InputHTMLAttributes<HTMLInputElement>, HTMLInputElement>, "ref"> & RefAttributes<...>'.
  Property 'invalid' does not exist on type 'IntrinsicAttributes & Omit<DetailedHTMLProps<InputHTMLAttributes<HTMLInputElement>, HTMLInputElement>, "ref"> & RefAttributes<...>'. Did you mean 'onInvalid'?
app/(auth)/update-password/page.tsx(151,13): error TS2322: Type '{ children: Element; label: Element; required: true; error: string | undefined; errorId: string | undefined; hint: string; }' is not assignable to type 'IntrinsicAttributes & FieldProps'.
  Property 'error' does not exist on type 'IntrinsicAttributes & FieldProps'.
app/(auth)/update-password/page.tsx(161,15): error TS2322: Type '{ type: "password"; value: string; onChange: (e: ChangeEvent<HTMLInputElement>) => void; placeholder: string; required: true; invalid: boolean; "aria-describedby": string | undefined; }' is not assignable to type 'IntrinsicAttributes & Omit<DetailedHTMLProps<InputHTMLAttributes<HTMLInputElement>, HTMLInputElement>, "ref"> & RefAttributes<...>'.
  Property 'invalid' does not exist on type 'IntrinsicAttributes & Omit<DetailedHTMLProps<InputHTMLAttributes<HTMLInputElement>, HTMLInputElement>, "ref"> & RefAttributes<...>'. Did you mean 'onInvalid'?
app/(auth)/update-password/page.tsx(173,13): error TS2322: Type '{ children: Element; label: Element; required: true; error: string | undefined; errorId: string | undefined; }' is not assignable to type 'IntrinsicAttributes & FieldProps'.
  Property 'error' does not exist on type 'IntrinsicAttributes & FieldProps'.
app/(auth)/update-password/page.tsx(182,15): error TS2322: Type '{ type: "password"; value: string; onChange: (e: ChangeEvent<HTMLInputElement>) => void; placeholder: string; required: true; invalid: boolean; "aria-describedby": string | undefined; }' is not assignable to type 'IntrinsicAttributes & Omit<DetailedHTMLProps<InputHTMLAttributes<HTMLInputElement>, HTMLInputElement>, "ref"> & RefAttributes<...>'.
  Property 'invalid' does not exist on type 'IntrinsicAttributes & Omit<DetailedHTMLProps<InputHTMLAttributes<HTMLInputElement>, HTMLInputElement>, "ref"> & RefAttributes<...>'. Did you mean 'onInvalid'?
app/api/acuerdos/accept/route.ts(11,11): error TS2769: No overload matches this call.
  Overload 1 of 2, '(relation: "organizations" | "patients" | "audit_log" | "org_members" | "patient_files" | "patient_notes" | "patient_shares" | "user_prefs"): PostgrestQueryBuilder<{ PostgrestVersion: "13.0.4"; }, { ...; }, { ...; } | ... 6 more ... | { ...; }, "organizations" | ... 6 more ... | "user_prefs", [] | ... 4 more ... | [...]>', gave the following error.
    Argument of type '"agreements"' is not assignable to parameter of type '"organizations" | "patients" | "audit_log" | "org_members" | "patient_files" | "patient_notes" | "patient_shares" | "user_prefs"'.
  Overload 2 of 2, '(relation: "v_my_orgs"): PostgrestQueryBuilder<{ PostgrestVersion: "13.0.4"; }, { Tables: { audit_log: { Row: { action: string; actor_email: string | null; actor_id: string | null; created_at: string; data: Json; ... 4 more ...; patient_id: string; }; Insert: { ...; }; Update: { ...; }; Relationships: []; }; ... 6 more ...; user_prefs: { ...; }; }; Views: { ...; }; Functions: { ...; }; Enums: {}; CompositeTypes: {}; }, { ...; }, "v_my_orgs", []>', gave the following error.
    Argument of type '"agreements"' is not assignable to parameter of type '"v_my_orgs"'.
app/api/acuerdos/accept/route.ts(12,15): error TS2353: Object literal may only specify known properties, and 'accepted_by' does not exist in type '{ action?: string | undefined; actor_email?: string | null | undefined; actor_id?: string | null | undefined; created_at?: string | undefined; data?: Json | undefined; entity?: string | undefined; entity_id?: string | undefined; id?: string | undefined; org_id?: string | ... 1 more ... | undefined; patient_id?: stri...'.
app/api/acuerdos/create/route.ts(10,11): error TS2769: No overload matches this call.
  Overload 1 of 2, '(relation: "organizations" | "patients" | "audit_log" | "org_members" | "patient_files" | "patient_notes" | "patient_shares" | "user_prefs"): PostgrestQueryBuilder<{ PostgrestVersion: "13.0.4"; }, { ...; }, { ...; } | ... 6 more ... | { ...; }, "organizations" | ... 6 more ... | "user_prefs", [] | ... 4 more ... | [...]>', gave the following error.
    Argument of type '"agreements"' is not assignable to parameter of type '"organizations" | "patients" | "audit_log" | "org_members" | "patient_files" | "patient_notes" | "patient_shares" | "user_prefs"'.
  Overload 2 of 2, '(relation: "v_my_orgs"): PostgrestQueryBuilder<{ PostgrestVersion: "13.0.4"; }, { Tables: { audit_log: { Row: { action: string; actor_email: string | null; actor_id: string | null; created_at: string; data: Json; ... 4 more ...; patient_id: string; }; Insert: { ...; }; Update: { ...; }; Relationships: []; }; ... 6 more ...; user_prefs: { ...; }; }; Views: { ...; }; Functions: { ...; }; Enums: {}; CompositeTypes: {}; }, { ...; }, "v_my_orgs", []>', gave the following error.
    Argument of type '"agreements"' is not assignable to parameter of type '"v_my_orgs"'.
app/api/acuerdos/create/route.ts(11,6): error TS2769: No overload matches this call.
  Overload 1 of 2, '(values: { action: string; actor_email?: string | null | undefined; actor_id?: string | null | undefined; created_at?: string | undefined; data?: Json | undefined; entity: string; entity_id: string; id?: string | undefined; org_id?: string | ... 1 more ... | undefined; patient_id: string; } | ... 6 more ... | { ...; }, options?: { ...; } | undefined): PostgrestFilterBuilder<...>', gave the following error.
    Argument of type '{ contract_type: any; org_id: any; subject_id: any; subject_type: any; version: any; }[]' is not assignable to parameter of type '{ action: string; actor_email?: string | null | undefined; actor_id?: string | null | undefined; created_at?: string | undefined; data?: Json | undefined; entity: string; entity_id: string; id?: string | undefined; org_id?: string | ... 1 more ... | undefined; patient_id: string; } | ... 6 more ... | { ...; }'.
  Overload 2 of 2, '(values: ({ action: string; actor_email?: string | null | undefined; actor_id?: string | null | undefined; created_at?: string | undefined; data?: Json | undefined; entity: string; entity_id: string; id?: string | undefined; org_id?: string | ... 1 more ... | undefined; patient_id: string; } | ... 6 more ... | { ...; })[], options?: { ...; } | undefined): PostgrestFilterBuilder<...>', gave the following error.
    Object literal may only specify known properties, and 'contract_type' does not exist in type '{ action: string; actor_email?: string | null | undefined; actor_id?: string | null | undefined; created_at?: string | undefined; data?: Json | undefined; entity: string; entity_id: string; id?: string | undefined; org_id?: string | ... 1 more ... | undefined; patient_id: string; } | ... 6 more ... | { ...; }'.
app/api/agenda/slots/suggest/route.ts(114,24): error TS7006: Parameter 'o' implicitly has an 'any' type.
app/api/agenda/slots/suggest/route.ts(141,31): error TS7006: Parameter 'x' implicitly has an 'any' type.
app/api/agenda/slots/suggest/route.ts(171,20): error TS7006: Parameter 'x' implicitly has an 'any' type.
app/api/agenda/slots/suggest/route.ts(172,17): error TS7006: Parameter 'x' implicitly has an 'any' type.
app/api/agreements/share/[token]/accept/route.ts(21,11): error TS2769: No overload matches this call.
  Overload 1 of 2, '(relation: "organizations" | "patients" | "audit_log" | "org_members" | "patient_files" | "patient_notes" | "patient_shares" | "user_prefs"): PostgrestQueryBuilder<{ PostgrestVersion: "13.0.4"; }, { ...; }, { ...; } | ... 6 more ... | { ...; }, "organizations" | ... 6 more ... | "user_prefs", [] | ... 4 more ... | [...]>', gave the following error.
    Argument of type '"agreements_links"' is not assignable to parameter of type '"organizations" | "patients" | "audit_log" | "org_members" | "patient_files" | "patient_notes" | "patient_shares" | "user_prefs"'.
  Overload 2 of 2, '(relation: "v_my_orgs"): PostgrestQueryBuilder<{ PostgrestVersion: "13.0.4"; }, { Tables: { audit_log: { Row: { action: string; actor_email: string | null; actor_id: string | null; created_at: string; data: Json; ... 4 more ...; patient_id: string; }; Insert: { ...; }; Update: { ...; }; Relationships: []; }; ... 6 more ...; user_prefs: { ...; }; }; Views: { ...; }; Functions: { ...; }; Enums: {}; CompositeTypes: {}; }, { ...; }, "v_my_orgs", []>', gave the following error.
    Argument of type '"agreements_links"' is not assignable to parameter of type '"v_my_orgs"'.
app/api/agreements/share/[token]/accept/route.ts(28,12): error TS2339: Property 'used_at' does not exist on type '{ action: string; actor_email: string | null; actor_id: string | null; created_at: string; data: Json; entity: string; entity_id: string; id: string; org_id: string | null; patient_id: string; } | ... 6 more ... | { ...; }'.
  Property 'used_at' does not exist on type '{ action: string; actor_email: string | null; actor_id: string | null; created_at: string; data: Json; entity: string; entity_id: string; id: string; org_id: string | null; patient_id: string; }'.
app/api/agreements/share/[token]/accept/route.ts(29,12): error TS2339: Property 'expires_at' does not exist on type '{ action: string; actor_email: string | null; actor_id: string | null; created_at: string; data: Json; entity: string; entity_id: string; id: string; org_id: string | null; patient_id: string; } | ... 6 more ... | { ...; }'.
  Property 'expires_at' does not exist on type '{ action: string; actor_email: string | null; actor_id: string | null; created_at: string; data: Json; entity: string; entity_id: string; id: string; org_id: string | null; patient_id: string; }'.
app/api/agreements/share/[token]/accept/route.ts(29,40): error TS2339: Property 'expires_at' does not exist on type '{ action: string; actor_email: string | null; actor_id: string | null; created_at: string; data: Json; entity: string; entity_id: string; id: string; org_id: string | null; patient_id: string; } | ... 6 more ... | { ...; }'.
  Property 'expires_at' does not exist on type '{ action: string; actor_email: string | null; actor_id: string | null; created_at: string; data: Json; entity: string; entity_id: string; id: string; org_id: string | null; patient_id: string; }'.
app/api/agreements/share/[token]/accept/route.ts(33,11): error TS2769: No overload matches this call.
  Overload 1 of 2, '(relation: "organizations" | "patients" | "audit_log" | "org_members" | "patient_files" | "patient_notes" | "patient_shares" | "user_prefs"): PostgrestQueryBuilder<{ PostgrestVersion: "13.0.4"; }, { ...; }, { ...; } | ... 6 more ... | { ...; }, "organizations" | ... 6 more ... | "user_prefs", [] | ... 4 more ... | [...]>', gave the following error.
    Argument of type '"agreements_templates"' is not assignable to parameter of type '"organizations" | "patients" | "audit_log" | "org_members" | "patient_files" | "patient_notes" | "patient_shares" | "user_prefs"'.
  Overload 2 of 2, '(relation: "v_my_orgs"): PostgrestQueryBuilder<{ PostgrestVersion: "13.0.4"; }, { Tables: { audit_log: { Row: { action: string; actor_email: string | null; actor_id: string | null; created_at: string; data: Json; ... 4 more ...; patient_id: string; }; Insert: { ...; }; Update: { ...; }; Relationships: []; }; ... 6 more ...; user_prefs: { ...; }; }; Views: { ...; }; Functions: { ...; }; Enums: {}; CompositeTypes: {}; }, { ...; }, "v_my_orgs", []>', gave the following error.
    Argument of type '"agreements_templates"' is not assignable to parameter of type '"v_my_orgs"'.
app/api/agreements/share/[token]/accept/route.ts(35,20): error TS2339: Property 'template_id' does not exist on type '{ action: string; actor_email: string | null; actor_id: string | null; created_at: string; data: Json; entity: string; entity_id: string; id: string; org_id: string | null; patient_id: string; } | ... 6 more ... | { ...; }'.
  Property 'template_id' does not exist on type '{ action: string; actor_email: string | null; actor_id: string | null; created_at: string; data: Json; entity: string; entity_id: string; id: string; org_id: string | null; patient_id: string; }'.
app/api/agreements/share/[token]/accept/route.ts(41,18): error TS2339: Property 'org_id' does not exist on type '{ action: string; actor_email: string | null; actor_id: string | null; created_at: string; data: Json; entity: string; entity_id: string; id: string; org_id: string | null; patient_id: string; } | ... 6 more ... | { ...; }'.
  Property 'org_id' does not exist on type '{ created_at: string; created_by: string; id: string; is_personal: boolean; name: string; slug: string | null; }'.
app/api/agreements/share/[token]/accept/route.ts(42,23): error TS2339: Property 'template_id' does not exist on type '{ action: string; actor_email: string | null; actor_id: string | null; created_at: string; data: Json; entity: string; entity_id: string; id: string; org_id: string | null; patient_id: string; } | ... 6 more ... | { ...; }'.
  Property 'template_id' does not exist on type '{ action: string; actor_email: string | null; actor_id: string | null; created_at: string; data: Json; entity: string; entity_id: string; id: string; org_id: string | null; patient_id: string; }'.
app/api/agreements/share/[token]/accept/route.ts(43,22): error TS2339: Property 'patient_id' does not exist on type '{ action: string; actor_email: string | null; actor_id: string | null; created_at: string; data: Json; entity: string; entity_id: string; id: string; org_id: string | null; patient_id: string; } | ... 6 more ... | { ...; }'.
  Property 'patient_id' does not exist on type '{ created_at: string; org_id: string; role: string; user_id: string; }'.
app/api/agreements/share/[token]/accept/route.ts(44,25): error TS2339: Property 'provider_id' does not exist on type '{ action: string; actor_email: string | null; actor_id: string | null; created_at: string; data: Json; entity: string; entity_id: string; id: string; org_id: string | null; patient_id: string; } | ... 6 more ... | { ...; }'.
  Property 'provider_id' does not exist on type '{ action: string; actor_email: string | null; actor_id: string | null; created_at: string; data: Json; entity: string; entity_id: string; id: string; org_id: string | null; patient_id: string; }'.
app/api/agreements/share/[token]/accept/route.ts(45,23): error TS2339: Property 'type' does not exist on type '{ action: string; actor_email: string | null; actor_id: string | null; created_at: string; data: Json; entity: string; entity_id: string; id: string; org_id: string | null; patient_id: string; } | ... 6 more ... | { ...; }'.
  Property 'type' does not exist on type '{ action: string; actor_email: string | null; actor_id: string | null; created_at: string; data: Json; entity: string; entity_id: string; id: string; org_id: string | null; patient_id: string; }'.
app/api/agreements/share/[token]/accept/route.ts(46,21): error TS2339: Property 'type' does not exist on type '{ action: string; actor_email: string | null; actor_id: string | null; created_at: string; data: Json; entity: string; entity_id: string; id: string; org_id: string | null; patient_id: string; } | ... 6 more ... | { ...; }'.
  Property 'type' does not exist on type '{ action: string; actor_email: string | null; actor_id: string | null; created_at: string; data: Json; entity: string; entity_id: string; id: string; org_id: string | null; patient_id: string; }'.
app/api/agreements/share/[token]/accept/route.ts(46,59): error TS2339: Property 'provider_id' does not exist on type '{ action: string; actor_email: string | null; actor_id: string | null; created_at: string; data: Json; entity: string; entity_id: string; id: string; org_id: string | null; patient_id: string; } | ... 6 more ... | { ...; }'.
  Property 'provider_id' does not exist on type '{ action: string; actor_email: string | null; actor_id: string | null; created_at: string; data: Json; entity: string; entity_id: string; id: string; org_id: string | null; patient_id: string; }'.
app/api/agreements/share/[token]/accept/route.ts(46,78): error TS2339: Property 'patient_id' does not exist on type '{ action: string; actor_email: string | null; actor_id: string | null; created_at: string; data: Json; entity: string; entity_id: string; id: string; org_id: string | null; patient_id: string; } | ... 6 more ... | { ...; }'.
  Property 'patient_id' does not exist on type '{ created_at: string; org_id: string; role: string; user_id: string; }'.
app/api/agreements/share/[token]/accept/route.ts(49,28): error TS2339: Property 'title' does not exist on type 'SelectQueryError<"column 'id' does not exist on 'organizations'."> | SelectQueryError<"column 'id' does not exist on 'patients'."> | ... 5 more ... | SelectQueryError<...>'.
  Property 'title' does not exist on type 'SelectQueryError<"column 'id' does not exist on 'organizations'.">'.
app/api/agreements/share/[token]/accept/route.ts(49,48): error TS2339: Property 'content' does not exist on type 'SelectQueryError<"column 'id' does not exist on 'organizations'."> | SelectQueryError<"column 'id' does not exist on 'patients'."> | ... 5 more ... | SelectQueryError<...>'.
  Property 'content' does not exist on type 'SelectQueryError<"column 'id' does not exist on 'organizations'.">'.
app/api/agreements/share/[token]/accept/route.ts(54,42): error TS2769: No overload matches this call.
  Overload 1 of 2, '(relation: "organizations" | "patients" | "audit_log" | "org_members" | "patient_files" | "patient_notes" | "patient_shares" | "user_prefs"): PostgrestQueryBuilder<{ PostgrestVersion: "13.0.4"; }, { ...; }, { ...; } | ... 6 more ... | { ...; }, "organizations" | ... 6 more ... | "user_prefs", [] | ... 4 more ... | [...]>', gave the following error.
    Argument of type '"agreements_acceptances"' is not assignable to parameter of type '"organizations" | "patients" | "audit_log" | "org_members" | "patient_files" | "patient_notes" | "patient_shares" | "user_prefs"'.
  Overload 2 of 2, '(relation: "v_my_orgs"): PostgrestQueryBuilder<{ PostgrestVersion: "13.0.4"; }, { Tables: { audit_log: { Row: { action: string; actor_email: string | null; actor_id: string | null; created_at: string; data: Json; ... 4 more ...; patient_id: string; }; Insert: { ...; }; Update: { ...; }; Relationships: []; }; ... 6 more ...; user_prefs: { ...; }; }; Views: { ...; }; Functions: { ...; }; Enums: {}; CompositeTypes: {}; }, { ...; }, "v_my_orgs", []>', gave the following error.
    Argument of type '"agreements_acceptances"' is not assignable to parameter of type '"v_my_orgs"'.
app/api/agreements/share/[token]/accept/route.ts(54,75): error TS2769: No overload matches this call.
  Overload 1 of 2, '(values: { action: string; actor_email?: string | null | undefined; actor_id?: string | null | undefined; created_at?: string | undefined; data?: Json | undefined; entity: string; entity_id: string; id?: string | undefined; org_id?: string | ... 1 more ... | undefined; patient_id: string; } | ... 6 more ... | { ...; }, options?: { ...; } | undefined): PostgrestFilterBuilder<...>', gave the following error.
    Argument of type '{ org_id: any; template_id: any; patient_id: any; specialist_id: any; signer_type: string; signer_id: any; signer_name: string; accepted_at: string; snapshot: { title: any; content: any; selections: any; }; ip: string | null; user_agent: string | null; }' is not assignable to parameter of type '{ action: string; actor_email?: string | null | undefined; actor_id?: string | null | undefined; created_at?: string | undefined; data?: Json | undefined; entity: string; entity_id: string; id?: string | undefined; org_id?: string | ... 1 more ... | undefined; patient_id: string; } | ... 6 more ... | { ...; }'.
      Type '{ org_id: any; template_id: any; patient_id: any; specialist_id: any; signer_type: string; signer_id: any; signer_name: string; accepted_at: string; snapshot: { title: any; content: any; selections: any; }; ip: string | null; user_agent: string | null; }' is missing the following properties from type '{ can_edit?: boolean | undefined; created_at?: string | undefined; grantee_email: string; id?: string | undefined; org_id?: string | null | undefined; owner_id: string; patient_id: string; }': grantee_email, owner_id
  Overload 2 of 2, '(values: ({ action: string; actor_email?: string | null | undefined; actor_id?: string | null | undefined; created_at?: string | undefined; data?: Json | undefined; entity: string; entity_id: string; id?: string | undefined; org_id?: string | ... 1 more ... | undefined; patient_id: string; } | ... 6 more ... | { ...; })[], options?: { ...; } | undefined): PostgrestFilterBuilder<...>', gave the following error.
    Argument of type '{ org_id: any; template_id: any; patient_id: any; specialist_id: any; signer_type: string; signer_id: any; signer_name: string; accepted_at: string; snapshot: { title: any; content: any; selections: any; }; ip: string | null; user_agent: string | null; }' is not assignable to parameter of type '({ action: string; actor_email?: string | null | undefined; actor_id?: string | null | undefined; created_at?: string | undefined; data?: Json | undefined; entity: string; entity_id: string; id?: string | undefined; org_id?: string | ... 1 more ... | undefined; patient_id: string; } | ... 6 more ... | { ...; })[]'.
      Type '{ org_id: any; template_id: any; patient_id: any; specialist_id: any; signer_type: string; signer_id: any; signer_name: string; accepted_at: string; snapshot: { title: any; content: any; selections: any; }; ip: string | null; user_agent: string | null; }' is missing the following properties from type '({ action: string; actor_email?: string | null | undefined; actor_id?: string | null | undefined; created_at?: string | undefined; data?: Json | undefined; entity: string; entity_id: string; id?: string | undefined; org_id?: string | ... 1 more ... | undefined; patient_id: string; } | ... 6 more ... | { ...; })[]': length, pop, push, concat, and 35 more.
app/api/agreements/share/[token]/accept/route.ts(58,11): error TS2769: No overload matches this call.
  Overload 1 of 2, '(relation: "organizations" | "patients" | "audit_log" | "org_members" | "patient_files" | "patient_notes" | "patient_shares" | "user_prefs"): PostgrestQueryBuilder<{ PostgrestVersion: "13.0.4"; }, { ...; }, { ...; } | ... 6 more ... | { ...; }, "organizations" | ... 6 more ... | "user_prefs", [] | ... 4 more ... | [...]>', gave the following error.
    Argument of type '"agreements_links"' is not assignable to parameter of type '"organizations" | "patients" | "audit_log" | "org_members" | "patient_files" | "patient_notes" | "patient_shares" | "user_prefs"'.
  Overload 2 of 2, '(relation: "v_my_orgs"): PostgrestQueryBuilder<{ PostgrestVersion: "13.0.4"; }, { Tables: { audit_log: { Row: { action: string; actor_email: string | null; actor_id: string | null; created_at: string; data: Json; ... 4 more ...; patient_id: string; }; Insert: { ...; }; Update: { ...; }; Relationships: []; }; ... 6 more ...; user_prefs: { ...; }; }; Views: { ...; }; Functions: { ...; }; Enums: {}; CompositeTypes: {}; }, { ...; }, "v_my_orgs", []>', gave the following error.
    Argument of type '"agreements_links"' is not assignable to parameter of type '"v_my_orgs"'.
app/api/agreements/share/[token]/accept/route.ts(59,15): error TS2353: Object literal may only specify known properties, and 'used_at' does not exist in type '{ action?: string | undefined; actor_email?: string | null | undefined; actor_id?: string | null | undefined; created_at?: string | undefined; data?: Json | undefined; entity?: string | undefined; entity_id?: string | undefined; id?: string | undefined; org_id?: string | ... 1 more ... | undefined; patient_id?: stri...'.
app/api/agreements/share/[token]/route.ts(11,11): error TS2769: No overload matches this call.
  Overload 1 of 2, '(relation: "organizations" | "patients" | "audit_log" | "org_members" | "patient_files" | "patient_notes" | "patient_shares" | "user_prefs"): PostgrestQueryBuilder<{ PostgrestVersion: "13.0.4"; }, { ...; }, { ...; } | ... 6 more ... | { ...; }, "organizations" | ... 6 more ... | "user_prefs", [] | ... 4 more ... | [...]>', gave the following error.
    Argument of type '"agreements_links"' is not assignable to parameter of type '"organizations" | "patients" | "audit_log" | "org_members" | "patient_files" | "patient_notes" | "patient_shares" | "user_prefs"'.
  Overload 2 of 2, '(relation: "v_my_orgs"): PostgrestQueryBuilder<{ PostgrestVersion: "13.0.4"; }, { Tables: { audit_log: { Row: { action: string; actor_email: string | null; actor_id: string | null; created_at: string; data: Json; ... 4 more ...; patient_id: string; }; Insert: { ...; }; Update: { ...; }; Relationships: []; }; ... 6 more ...; user_prefs: { ...; }; }; Views: { ...; }; Functions: { ...; }; Enums: {}; CompositeTypes: {}; }, { ...; }, "v_my_orgs", []>', gave the following error.
    Argument of type '"agreements_links"' is not assignable to parameter of type '"v_my_orgs"'.
app/api/agreements/share/[token]/route.ts(20,12): error TS2339: Property 'used_at' does not exist on type 'SelectQueryError<"column 'token' does not exist on 'organizations'."> | SelectQueryError<"column 'token' does not exist on 'patients'."> | ... 5 more ... | SelectQueryError<...>'.
  Property 'used_at' does not exist on type 'SelectQueryError<"column 'token' does not exist on 'organizations'.">'.
app/api/agreements/share/[token]/route.ts(21,12): error TS2339: Property 'expires_at' does not exist on type 'SelectQueryError<"column 'token' does not exist on 'organizations'."> | SelectQueryError<"column 'token' does not exist on 'patients'."> | ... 5 more ... | SelectQueryError<...>'.
  Property 'expires_at' does not exist on type 'SelectQueryError<"column 'token' does not exist on 'organizations'.">'.
app/api/agreements/share/[token]/route.ts(21,40): error TS2339: Property 'expires_at' does not exist on type 'SelectQueryError<"column 'token' does not exist on 'organizations'."> | SelectQueryError<"column 'token' does not exist on 'patients'."> | ... 5 more ... | SelectQueryError<...>'.
  Property 'expires_at' does not exist on type 'SelectQueryError<"column 'token' does not exist on 'organizations'.">'.
app/api/agreements/share/[token]/route.ts(25,11): error TS2769: No overload matches this call.
  Overload 1 of 2, '(relation: "organizations" | "patients" | "audit_log" | "org_members" | "patient_files" | "patient_notes" | "patient_shares" | "user_prefs"): PostgrestQueryBuilder<{ PostgrestVersion: "13.0.4"; }, { ...; }, { ...; } | ... 6 more ... | { ...; }, "organizations" | ... 6 more ... | "user_prefs", [] | ... 4 more ... | [...]>', gave the following error.
    Argument of type '"agreements_templates"' is not assignable to parameter of type '"organizations" | "patients" | "audit_log" | "org_members" | "patient_files" | "patient_notes" | "patient_shares" | "user_prefs"'.
  Overload 2 of 2, '(relation: "v_my_orgs"): PostgrestQueryBuilder<{ PostgrestVersion: "13.0.4"; }, { Tables: { audit_log: { Row: { action: string; actor_email: string | null; actor_id: string | null; created_at: string; data: Json; ... 4 more ...; patient_id: string; }; Insert: { ...; }; Update: { ...; }; Relationships: []; }; ... 6 more ...; user_prefs: { ...; }; }; Views: { ...; }; Functions: { ...; }; Enums: {}; CompositeTypes: {}; }, { ...; }, "v_my_orgs", []>', gave the following error.
    Argument of type '"agreements_templates"' is not assignable to parameter of type '"v_my_orgs"'.
app/api/agreements/share/[token]/route.ts(27,20): error TS2339: Property 'template_id' does not exist on type 'SelectQueryError<"column 'token' does not exist on 'organizations'."> | SelectQueryError<"column 'token' does not exist on 'patients'."> | ... 5 more ... | SelectQueryError<...>'.
  Property 'template_id' does not exist on type 'SelectQueryError<"column 'token' does not exist on 'organizations'.">'.
app/api/agreements/share/[token]/route.ts(33,17): error TS2339: Property 'token' does not exist on type 'SelectQueryError<"column 'token' does not exist on 'organizations'."> | SelectQueryError<"column 'token' does not exist on 'patients'."> | ... 5 more ... | SelectQueryError<...>'.
  Property 'token' does not exist on type 'SelectQueryError<"column 'token' does not exist on 'organizations'.">'.
app/api/agreements/share/[token]/route.ts(34,16): error TS2339: Property 'type' does not exist on type 'SelectQueryError<"column 'token' does not exist on 'organizations'."> | SelectQueryError<"column 'token' does not exist on 'patients'."> | ... 5 more ... | SelectQueryError<...>'.
  Property 'type' does not exist on type 'SelectQueryError<"column 'token' does not exist on 'organizations'.">'.
app/api/agreements/share/[token]/route.ts(35,18): error TS2339: Property 'org_id' does not exist on type 'SelectQueryError<"column 'token' does not exist on 'organizations'."> | SelectQueryError<"column 'token' does not exist on 'patients'."> | ... 5 more ... | SelectQueryError<...>'.
  Property 'org_id' does not exist on type 'SelectQueryError<"column 'token' does not exist on 'organizations'.">'.
app/api/agreements/share/[token]/route.ts(37,15): error TS2339: Property 'id' does not exist on type 'SelectQueryError<"column 'id' does not exist on 'organizations'."> | SelectQueryError<"column 'id' does not exist on 'patients'."> | ... 5 more ... | SelectQueryError<...>'.
  Property 'id' does not exist on type 'SelectQueryError<"column 'id' does not exist on 'organizations'.">'.
app/api/agreements/share/[token]/route.ts(38,18): error TS2339: Property 'title' does not exist on type 'SelectQueryError<"column 'id' does not exist on 'organizations'."> | SelectQueryError<"column 'id' does not exist on 'patients'."> | ... 5 more ... | SelectQueryError<...>'.
  Property 'title' does not exist on type 'SelectQueryError<"column 'id' does not exist on 'organizations'.">'.
app/api/agreements/share/[token]/route.ts(39,24): error TS2339: Property 'description' does not exist on type 'SelectQueryError<"column 'id' does not exist on 'organizations'."> | SelectQueryError<"column 'id' does not exist on 'patients'."> | ... 5 more ... | SelectQueryError<...>'.
  Property 'description' does not exist on type 'SelectQueryError<"column 'id' does not exist on 'organizations'.">'.
app/api/agreements/share/[token]/route.ts(40,20): error TS2339: Property 'content' does not exist on type 'SelectQueryError<"column 'id' does not exist on 'organizations'."> | SelectQueryError<"column 'id' does not exist on 'patients'."> | ... 5 more ... | SelectQueryError<...>'.
  Property 'content' does not exist on type 'SelectQueryError<"column 'id' does not exist on 'organizations'.">'.
app/api/agreements/templates/route.ts(187,18): error TS2339: Property 'id' does not exist on type '{}'.
app/api/bank/customer-portal/route.ts(7,61): error TS2322: Type '"2024-06-20"' is not assignable to type '"2025-08-27.basil"'.
app/api/bank/ledger/export/route.ts(15,11): error TS2769: No overload matches this call.
  Overload 1 of 2, '(relation: "organizations" | "patients" | "audit_log" | "org_members" | "patient_files" | "patient_notes" | "patient_shares" | "user_prefs"): PostgrestQueryBuilder<{ PostgrestVersion: "13.0.4"; }, { ...; }, { ...; } | ... 6 more ... | { ...; }, "organizations" | ... 6 more ... | "user_prefs", [] | ... 4 more ... | [...]>', gave the following error.
    Argument of type '"org_ledger_transactions"' is not assignable to parameter of type '"organizations" | "patients" | "audit_log" | "org_members" | "patient_files" | "patient_notes" | "patient_shares" | "user_prefs"'.
  Overload 2 of 2, '(relation: "v_my_orgs"): PostgrestQueryBuilder<{ PostgrestVersion: "13.0.4"; }, { Tables: { audit_log: { Row: { action: string; actor_email: string | null; actor_id: string | null; created_at: string; data: Json; ... 4 more ...; patient_id: string; }; Insert: { ...; }; Update: { ...; }; Relationships: []; }; ... 6 more ...; user_prefs: { ...; }; }; Views: { ...; }; Functions: { ...; }; Enums: {}; CompositeTypes: {}; }, { ...; }, "v_my_orgs", []>', gave the following error.
    Argument of type '"org_ledger_transactions"' is not assignable to parameter of type '"v_my_orgs"'.
app/api/bank/portal/route.ts(9,61): error TS2322: Type '"2024-06-20"' is not assignable to type '"2025-08-27.basil"'.
app/api/bank/portal/route.ts(22,13): error TS2769: No overload matches this call.
  Overload 1 of 2, '(relation: "organizations" | "patients" | "audit_log" | "org_members" | "patient_files" | "patient_notes" | "patient_shares" | "user_prefs"): PostgrestQueryBuilder<{ PostgrestVersion: "13.0.4"; }, { ...; }, { ...; } | ... 6 more ... | { ...; }, "organizations" | ... 6 more ... | "user_prefs", [] | ... 4 more ... | [...]>', gave the following error.
    Argument of type '"org_billing"' is not assignable to parameter of type '"organizations" | "patients" | "audit_log" | "org_members" | "patient_files" | "patient_notes" | "patient_shares" | "user_prefs"'.
  Overload 2 of 2, '(relation: "v_my_orgs"): PostgrestQueryBuilder<{ PostgrestVersion: "13.0.4"; }, { Tables: { audit_log: { Row: { action: string; actor_email: string | null; actor_id: string | null; created_at: string; data: Json; ... 4 more ...; patient_id: string; }; Insert: { ...; }; Update: { ...; }; Relationships: []; }; ... 6 more ...; user_prefs: { ...; }; }; Views: { ...; }; Functions: { ...; }; Enums: {}; CompositeTypes: {}; }, { ...; }, "v_my_orgs", []>', gave the following error.
    Argument of type '"org_billing"' is not assignable to parameter of type '"v_my_orgs"'.
app/api/bank/portal/route.ts(27,25): error TS2339: Property 'stripe_customer_id' does not exist on type 'SelectQueryError<"column 'stripe_customer_id' does not exist on 'organizations'."> | SelectQueryError<"column 'stripe_customer_id' does not exist on 'patients'."> | ... 5 more ... | SelectQueryError<...>'.
  Property 'stripe_customer_id' does not exist on type 'SelectQueryError<"column 'stripe_customer_id' does not exist on 'organizations'.">'.
app/api/bank/portal/route.ts(36,22): error TS2339: Property 'stripe_customer_id' does not exist on type 'SelectQueryError<"column 'stripe_customer_id' does not exist on 'organizations'."> | SelectQueryError<"column 'stripe_customer_id' does not exist on 'patients'."> | ... 5 more ... | SelectQueryError<...>'.
  Property 'stripe_customer_id' does not exist on type 'SelectQueryError<"column 'stripe_customer_id' does not exist on 'organizations'.">'.
app/api/bank/rules/route.ts(8,36): error TS2339: Property 'bank_rules' does not exist on type '{ audit_log: { Row: { action: string; actor_email: string | null; actor_id: string | null; created_at: string; data: Json; entity: string; entity_id: string; id: string; org_id: string | null; patient_id: string; }; Insert: { ...; }; Update: { ...; }; Relationships: []; }; ... 6 more ...; user_prefs: { ...; }; }'.
app/api/bank/settings/route.ts(11,11): error TS2769: No overload matches this call.
  Overload 1 of 2, '(relation: "organizations" | "patients" | "audit_log" | "org_members" | "patient_files" | "patient_notes" | "patient_shares" | "user_prefs"): PostgrestQueryBuilder<{ PostgrestVersion: "13.0.4"; }, { ...; }, { ...; } | ... 6 more ... | { ...; }, "organizations" | ... 6 more ... | "user_prefs", [] | ... 4 more ... | [...]>', gave the following error.
    Argument of type '"org_bank_settings"' is not assignable to parameter of type '"organizations" | "patients" | "audit_log" | "org_members" | "patient_files" | "patient_notes" | "patient_shares" | "user_prefs"'.
  Overload 2 of 2, '(relation: "v_my_orgs"): PostgrestQueryBuilder<{ PostgrestVersion: "13.0.4"; }, { Tables: { audit_log: { Row: { action: string; actor_email: string | null; actor_id: string | null; created_at: string; data: Json; ... 4 more ...; patient_id: string; }; Insert: { ...; }; Update: { ...; }; Relationships: []; }; ... 6 more ...; user_prefs: { ...; }; }; Views: { ...; }; Functions: { ...; }; Enums: {}; CompositeTypes: {}; }, { ...; }, "v_my_orgs", []>', gave the following error.
    Argument of type '"org_bank_settings"' is not assignable to parameter of type '"v_my_orgs"'.
app/api/bank/settings/route.ts(35,36): error TS2769: No overload matches this call.
  Overload 1 of 2, '(relation: "organizations" | "patients" | "audit_log" | "org_members" | "patient_files" | "patient_notes" | "patient_shares" | "user_prefs"): PostgrestQueryBuilder<{ PostgrestVersion: "13.0.4"; }, { ...; }, { ...; } | ... 6 more ... | { ...; }, "organizations" | ... 6 more ... | "user_prefs", [] | ... 4 more ... | [...]>', gave the following error.
    Argument of type '"org_bank_settings"' is not assignable to parameter of type '"organizations" | "patients" | "audit_log" | "org_members" | "patient_files" | "patient_notes" | "patient_shares" | "user_prefs"'.
  Overload 2 of 2, '(relation: "v_my_orgs"): PostgrestQueryBuilder<{ PostgrestVersion: "13.0.4"; }, { Tables: { audit_log: { Row: { action: string; actor_email: string | null; actor_id: string | null; created_at: string; data: Json; ... 4 more ...; patient_id: string; }; Insert: { ...; }; Update: { ...; }; Relationships: []; }; ... 6 more ...; user_prefs: { ...; }; }; Views: { ...; }; Functions: { ...; }; Enums: {}; CompositeTypes: {}; }, { ...; }, "v_my_orgs", []>', gave the following error.
    Argument of type '"org_bank_settings"' is not assignable to parameter of type '"v_my_orgs"'.
app/api/bank/settings/route.ts(35,57): error TS2769: No overload matches this call.
  Overload 1 of 2, '(values: { action: string; actor_email?: string | null | undefined; actor_id?: string | null | undefined; created_at?: string | undefined; data?: Json | undefined; entity: string; entity_id: string; id?: string | undefined; org_id?: string | ... 1 more ... | undefined; patient_id: string; } | ... 6 more ... | { ...; }, options?: { ...; } | undefined): PostgrestFilterBuilder<...>', gave the following error.
    Object literal may only specify known properties, and 'low_balance_threshold_cents' does not exist in type '{ action: string; actor_email?: string | null | undefined; actor_id?: string | null | undefined; created_at?: string | undefined; data?: Json | undefined; entity: string; entity_id: string; id?: string | undefined; org_id?: string | ... 1 more ... | undefined; patient_id: string; } | ... 6 more ... | { ...; }'.
  Overload 2 of 2, '(values: ({ action: string; actor_email?: string | null | undefined; actor_id?: string | null | undefined; created_at?: string | undefined; data?: Json | undefined; entity: string; entity_id: string; id?: string | undefined; org_id?: string | ... 1 more ... | undefined; patient_id: string; } | ... 6 more ... | { ...; })[], options?: { ...; } | undefined): PostgrestFilterBuilder<...>', gave the following error.
    Object literal may only specify known properties, and 'org_id' does not exist in type '({ action: string; actor_email?: string | null | undefined; actor_id?: string | null | undefined; created_at?: string | undefined; data?: Json | undefined; entity: string; entity_id: string; id?: string | undefined; org_id?: string | ... 1 more ... | undefined; patient_id: string; } | ... 6 more ... | { ...; })[]'.
app/api/bank/tx/bulk/route.ts(8,34): error TS2339: Property 'bank_tx' does not exist on type '{ audit_log: { Row: { action: string; actor_email: string | null; actor_id: string | null; created_at: string; data: Json; entity: string; entity_id: string; id: string; org_id: string | null; patient_id: string; }; Insert: { ...; }; Update: { ...; }; Relationships: []; }; ... 6 more ...; user_prefs: { ...; }; }'.
app/api/bank/tx/export/route.ts(136,36): error TS7006: Parameter 'r' implicitly has an 'any' type.
app/api/bank/tx/export/route.ts(152,20): error TS7006: Parameter 'line' implicitly has an 'any' type.
app/api/bank/tx/route.ts(8,34): error TS2339: Property 'bank_tx' does not exist on type '{ audit_log: { Row: { action: string; actor_email: string | null; actor_id: string | null; created_at: string; data: Json; entity: string; entity_id: string; id: string; org_id: string | null; patient_id: string; }; Insert: { ...; }; Update: { ...; }; Relationships: []; }; ... 6 more ...; user_prefs: { ...; }; }'.
app/api/bank/webhook/route.ts(7,61): error TS2322: Type '"2024-06-20"' is not assignable to type '"2025-08-27.basil"'.
app/api/bank/webhook/route.ts(32,25): error TS2769: No overload matches this call.
  Overload 1 of 2, '(relation: "organizations" | "patients" | "audit_log" | "org_members" | "patient_files" | "patient_notes" | "patient_shares" | "user_prefs"): PostgrestQueryBuilder<{ PostgrestVersion: "13.0.4"; }, { ...; }, { ...; } | ... 6 more ... | { ...; }, "organizations" | ... 6 more ... | "user_prefs", [] | ... 4 more ... | [...]>', gave the following error.
    Argument of type '"org_features"' is not assignable to parameter of type '"organizations" | "patients" | "audit_log" | "org_members" | "patient_files" | "patient_notes" | "patient_shares" | "user_prefs"'.
  Overload 2 of 2, '(relation: "v_my_orgs"): PostgrestQueryBuilder<{ PostgrestVersion: "13.0.4"; }, { Tables: { audit_log: { Row: { action: string; actor_email: string | null; actor_id: string | null; created_at: string; data: Json; ... 4 more ...; patient_id: string; }; Insert: { ...; }; Update: { ...; }; Relationships: []; }; ... 6 more ...; user_prefs: { ...; }; }; Views: { ...; }; Functions: { ...; }; Enums: {}; CompositeTypes: {}; }, { ...; }, "v_my_orgs", []>', gave the following error.
    Argument of type '"org_features"' is not assignable to parameter of type '"v_my_orgs"'.
app/api/bank/webhook/route.ts(32,48): error TS2769: No overload matches this call.
  Overload 1 of 2, '(values: { action: string; actor_email?: string | null | undefined; actor_id?: string | null | undefined; created_at?: string | undefined; data?: Json | undefined; entity: string; entity_id: string; id?: string | undefined; org_id?: string | ... 1 more ... | undefined; patient_id: string; } | ... 6 more ... | { ...; }, options?: { ...; } | undefined): PostgrestFilterBuilder<...>', gave the following error.
    Argument of type 'Record<string, any>' is not assignable to parameter of type '{ action: string; actor_email?: string | null | undefined; actor_id?: string | null | undefined; created_at?: string | undefined; data?: Json | undefined; entity: string; entity_id: string; id?: string | undefined; org_id?: string | ... 1 more ... | undefined; patient_id: string; } | ... 6 more ... | { ...; }'.
      Type 'Record<string, any>' is missing the following properties from type '{ birthdate?: string | null | undefined; created_at?: string | undefined; edad?: number | null | undefined; email?: string | null | undefined; full_name: string; genero?: string | null | undefined; ... 7 more ...; user_id: string; }': full_name, user_id
  Overload 2 of 2, '(values: any[], options?: { onConflict?: string | undefined; ignoreDuplicates?: boolean | undefined; count?: "exact" | "planned" | "estimated" | undefined; defaultToNull?: boolean | undefined; } | undefined): PostgrestFilterBuilder<...>', gave the following error.
    Argument of type 'Record<string, any>' is not assignable to parameter of type 'any[]'.
      Type 'Record<string, any>' is missing the following properties from type 'any[]': length, pop, push, concat, and 35 more.
app/api/billing/stripe/checkout/add-funds/route.ts(27,13): error TS2769: No overload matches this call.
  Overload 1 of 2, '(relation: "organizations" | "patients" | "audit_log" | "org_members" | "patient_files" | "patient_notes" | "patient_shares" | "user_prefs"): PostgrestQueryBuilder<{ PostgrestVersion: "13.0.4"; }, { ...; }, { ...; } | ... 6 more ... | { ...; }, "organizations" | ... 6 more ... | "user_prefs", [] | ... 4 more ... | [...]>', gave the following error.
    Argument of type '"org_subscriptions"' is not assignable to parameter of type '"organizations" | "patients" | "audit_log" | "org_members" | "patient_files" | "patient_notes" | "patient_shares" | "user_prefs"'.
  Overload 2 of 2, '(relation: "v_my_orgs"): PostgrestQueryBuilder<{ PostgrestVersion: "13.0.4"; }, { Tables: { audit_log: { Row: { action: string; actor_email: string | null; actor_id: string | null; created_at: string; data: Json; ... 4 more ...; patient_id: string; }; Insert: { ...; }; Update: { ...; }; Relationships: []; }; ... 6 more ...; user_prefs: { ...; }; }; Views: { ...; }; Functions: { ...; }; Enums: {}; CompositeTypes: {}; }, { ...; }, "v_my_orgs", []>', gave the following error.
    Argument of type '"org_subscriptions"' is not assignable to parameter of type '"v_my_orgs"'.
app/api/billing/stripe/checkout/add-funds/route.ts(31,14): error TS2339: Property 'stripe_customer_id' does not exist on type 'SelectQueryError<"column 'stripe_customer_id' does not exist on 'organizations'."> | SelectQueryError<"column 'stripe_customer_id' does not exist on 'patients'."> | ... 5 more ... | SelectQueryError<...>'.
  Property 'stripe_customer_id' does not exist on type 'SelectQueryError<"column 'stripe_customer_id' does not exist on 'organizations'.">'.
app/api/billing/stripe/checkout/add-funds/route.ts(32,24): error TS2339: Property 'stripe_customer_id' does not exist on type 'SelectQueryError<"column 'stripe_customer_id' does not exist on 'organizations'."> | SelectQueryError<"column 'stripe_customer_id' does not exist on 'patients'."> | ... 5 more ... | SelectQueryError<...>'.
  Property 'stripe_customer_id' does not exist on type 'SelectQueryError<"column 'stripe_customer_id' does not exist on 'organizations'.">'.
app/api/billing/stripe/checkout/add-funds/route.ts(37,15): error TS2769: No overload matches this call.
  Overload 1 of 2, '(relation: "organizations" | "patients" | "audit_log" | "org_members" | "patient_files" | "patient_notes" | "patient_shares" | "user_prefs"): PostgrestQueryBuilder<{ PostgrestVersion: "13.0.4"; }, { ...; }, { ...; } | ... 6 more ... | { ...; }, "organizations" | ... 6 more ... | "user_prefs", [] | ... 4 more ... | [...]>', gave the following error.
    Argument of type '"org_subscriptions"' is not assignable to parameter of type '"organizations" | "patients" | "audit_log" | "org_members" | "patient_files" | "patient_notes" | "patient_shares" | "user_prefs"'.
  Overload 2 of 2, '(relation: "v_my_orgs"): PostgrestQueryBuilder<{ PostgrestVersion: "13.0.4"; }, { Tables: { audit_log: { Row: { action: string; actor_email: string | null; actor_id: string | null; created_at: string; data: Json; ... 4 more ...; patient_id: string; }; Insert: { ...; }; Update: { ...; }; Relationships: []; }; ... 6 more ...; user_prefs: { ...; }; }; Views: { ...; }; Functions: { ...; }; Enums: {}; CompositeTypes: {}; }, { ...; }, "v_my_orgs", []>', gave the following error.
    Argument of type '"org_subscriptions"' is not assignable to parameter of type '"v_my_orgs"'.
app/api/billing/stripe/checkout/add-funds/route.ts(38,10): error TS2769: No overload matches this call.
  Overload 1 of 2, '(values: { action: string; actor_email?: string | null | undefined; actor_id?: string | null | undefined; created_at?: string | undefined; data?: Json | undefined; entity: string; entity_id: string; id?: string | undefined; org_id?: string | ... 1 more ... | undefined; patient_id: string; } | ... 6 more ... | { ...; }, options?: { ...; } | undefined): PostgrestFilterBuilder<...>', gave the following error.
    Object literal may only specify known properties, and 'stripe_customer_id' does not exist in type '{ action: string; actor_email?: string | null | undefined; actor_id?: string | null | undefined; created_at?: string | undefined; data?: Json | undefined; entity: string; entity_id: string; id?: string | undefined; org_id?: string | ... 1 more ... | undefined; patient_id: string; } | ... 6 more ... | { ...; }'.
  Overload 2 of 2, '(values: ({ action: string; actor_email?: string | null | undefined; actor_id?: string | null | undefined; created_at?: string | undefined; data?: Json | undefined; entity: string; entity_id: string; id?: string | undefined; org_id?: string | ... 1 more ... | undefined; patient_id: string; } | ... 6 more ... | { ...; })[], options?: { ...; } | undefined): PostgrestFilterBuilder<...>', gave the following error.
    Object literal may only specify known properties, and 'org_id' does not exist in type '({ action: string; actor_email?: string | null | undefined; actor_id?: string | null | undefined; created_at?: string | undefined; data?: Json | undefined; entity: string; entity_id: string; id?: string | undefined; org_id?: string | ... 1 more ... | undefined; patient_id: string; } | ... 6 more ... | { ...; })[]'.
app/api/billing/stripe/webhook/route.ts(40,27): error TS2769: No overload matches this call.
  Overload 1 of 2, '(relation: "organizations" | "patients" | "audit_log" | "org_members" | "patient_files" | "patient_notes" | "patient_shares" | "user_prefs"): PostgrestQueryBuilder<{ PostgrestVersion: "13.0.4"; }, { ...; }, { ...; } | ... 6 more ... | { ...; }, "organizations" | ... 6 more ... | "user_prefs", [] | ... 4 more ... | [...]>', gave the following error.
    Argument of type '"org_features"' is not assignable to parameter of type '"organizations" | "patients" | "audit_log" | "org_members" | "patient_files" | "patient_notes" | "patient_shares" | "user_prefs"'.
  Overload 2 of 2, '(relation: "v_my_orgs"): PostgrestQueryBuilder<{ PostgrestVersion: "13.0.4"; }, { Tables: { audit_log: { Row: { action: string; actor_email: string | null; actor_id: string | null; created_at: string; data: Json; ... 4 more ...; patient_id: string; }; Insert: { ...; }; Update: { ...; }; Relationships: []; }; ... 6 more ...; user_prefs: { ...; }; }; Views: { ...; }; Functions: { ...; }; Enums: {}; CompositeTypes: {}; }, { ...; }, "v_my_orgs", []>', gave the following error.
    Argument of type '"org_features"' is not assignable to parameter of type '"v_my_orgs"'.
app/api/billing/stripe/webhook/route.ts(40,50): error TS2769: No overload matches this call.
  Overload 1 of 2, '(values: { action: string; actor_email?: string | null | undefined; actor_id?: string | null | undefined; created_at?: string | undefined; data?: Json | undefined; entity: string; entity_id: string; id?: string | undefined; org_id?: string | ... 1 more ... | undefined; patient_id: string; } | ... 6 more ... | { ...; }, options?: { ...; } | undefined): PostgrestFilterBuilder<...>', gave the following error.
    Argument of type 'Record<string, unknown>' is not assignable to parameter of type '{ action: string; actor_email?: string | null | undefined; actor_id?: string | null | undefined; created_at?: string | undefined; data?: Json | undefined; entity: string; entity_id: string; id?: string | undefined; org_id?: string | ... 1 more ... | undefined; patient_id: string; } | ... 6 more ... | { ...; }'.
      Type 'Record<string, unknown>' is missing the following properties from type '{ birthdate?: string | null | undefined; created_at?: string | undefined; edad?: number | null | undefined; email?: string | null | undefined; full_name: string; genero?: string | null | undefined; ... 7 more ...; user_id: string; }': full_name, user_id
  Overload 2 of 2, '(values: ({ action: string; actor_email?: string | null | undefined; actor_id?: string | null | undefined; created_at?: string | undefined; data?: Json | undefined; entity: string; entity_id: string; id?: string | undefined; org_id?: string | ... 1 more ... | undefined; patient_id: string; } | ... 6 more ... | { ...; })[], options?: { ...; } | undefined): PostgrestFilterBuilder<...>', gave the following error.
    Argument of type 'Record<string, unknown>' is not assignable to parameter of type '({ action: string; actor_email?: string | null | undefined; actor_id?: string | null | undefined; created_at?: string | undefined; data?: Json | undefined; entity: string; entity_id: string; id?: string | undefined; org_id?: string | ... 1 more ... | undefined; patient_id: string; } | ... 6 more ... | { ...; })[]'.
      Type 'Record<string, unknown>' is missing the following properties from type '({ action: string; actor_email?: string | null | undefined; actor_id?: string | null | undefined; created_at?: string | undefined; data?: Json | undefined; entity: string; entity_id: string; id?: string | undefined; org_id?: string | ... 1 more ... | undefined; patient_id: string; } | ... 6 more ... | { ...; })[]': length, pop, push, concat, and 35 more.
app/api/billing/stripe/webhook/route.ts(44,17): error TS2769: No overload matches this call.
  Overload 1 of 2, '(relation: "organizations" | "patients" | "audit_log" | "org_members" | "patient_files" | "patient_notes" | "patient_shares" | "user_prefs"): PostgrestQueryBuilder<{ PostgrestVersion: "13.0.4"; }, { ...; }, { ...; } | ... 6 more ... | { ...; }, "organizations" | ... 6 more ... | "user_prefs", [] | ... 4 more ... | [...]>', gave the following error.
    Argument of type '"org_billing"' is not assignable to parameter of type '"organizations" | "patients" | "audit_log" | "org_members" | "patient_files" | "patient_notes" | "patient_shares" | "user_prefs"'.
  Overload 2 of 2, '(relation: "v_my_orgs"): PostgrestQueryBuilder<{ PostgrestVersion: "13.0.4"; }, { Tables: { audit_log: { Row: { action: string; actor_email: string | null; actor_id: string | null; created_at: string; data: Json; ... 4 more ...; patient_id: string; }; Insert: { ...; }; Update: { ...; }; Relationships: []; }; ... 6 more ...; user_prefs: { ...; }; }; Views: { ...; }; Functions: { ...; }; Enums: {}; CompositeTypes: {}; }, { ...; }, "v_my_orgs", []>', gave the following error.
    Argument of type '"org_billing"' is not assignable to parameter of type '"v_my_orgs"'.
app/api/billing/stripe/webhook/route.ts(45,12): error TS2769: No overload matches this call.
  Overload 1 of 2, '(values: { action: string; actor_email?: string | null | undefined; actor_id?: string | null | undefined; created_at?: string | undefined; data?: Json | undefined; entity: string; entity_id: string; id?: string | undefined; org_id?: string | ... 1 more ... | undefined; patient_id: string; } | ... 6 more ... | { ...; }, options?: { ...; } | undefined): PostgrestFilterBuilder<...>', gave the following error.
    Object literal may only specify known properties, and 'stripe_customer_id' does not exist in type '{ action: string; actor_email?: string | null | undefined; actor_id?: string | null | undefined; created_at?: string | undefined; data?: Json | undefined; entity: string; entity_id: string; id?: string | undefined; org_id?: string | ... 1 more ... | undefined; patient_id: string; } | ... 6 more ... | { ...; }'.
  Overload 2 of 2, '(values: ({ action: string; actor_email?: string | null | undefined; actor_id?: string | null | undefined; created_at?: string | undefined; data?: Json | undefined; entity: string; entity_id: string; id?: string | undefined; org_id?: string | ... 1 more ... | undefined; patient_id: string; } | ... 6 more ... | { ...; })[], options?: { ...; } | undefined): PostgrestFilterBuilder<...>', gave the following error.
    Object literal may only specify known properties, and 'org_id' does not exist in type '({ action: string; actor_email?: string | null | undefined; actor_id?: string | null | undefined; created_at?: string | undefined; data?: Json | undefined; entity: string; entity_id: string; id?: string | undefined; org_id?: string | ... 1 more ... | undefined; patient_id: string; } | ... 6 more ... | { ...; })[]'.
app/api/cal/bookings/route.ts(157,15): error TS2769: No overload matches this call.
  Overload 1 of 2, '(relation: "organizations" | "patients" | "audit_log" | "org_members" | "patient_files" | "patient_notes" | "patient_shares" | "user_prefs"): PostgrestQueryBuilder<{ PostgrestVersion: "13.0.4"; }, { ...; }, { ...; } | ... 6 more ... | { ...; }, "organizations" | ... 6 more ... | "user_prefs", [] | ... 4 more ... | [...]>', gave the following error.
    Argument of type '"cal_webhooks"' is not assignable to parameter of type '"organizations" | "patients" | "audit_log" | "org_members" | "patient_files" | "patient_notes" | "patient_shares" | "user_prefs"'.
  Overload 2 of 2, '(relation: "v_my_orgs"): PostgrestQueryBuilder<{ PostgrestVersion: "13.0.4"; }, { Tables: { audit_log: { Row: { action: string; actor_email: string | null; actor_id: string | null; created_at: string; data: Json; ... 4 more ...; patient_id: string; }; Insert: { ...; }; Update: { ...; }; Relationships: []; }; ... 6 more ...; user_prefs: { ...; }; }; Views: { ...; }; Functions: { ...; }; Enums: {}; CompositeTypes: {}; }, { ...; }, "v_my_orgs", []>', gave the following error.
    Argument of type '"cal_webhooks"' is not assignable to parameter of type '"v_my_orgs"'.
app/api/cal/bookings/route.ts(158,10): error TS2769: No overload matches this call.
  Overload 1 of 2, '(values: { action: string; actor_email?: string | null | undefined; actor_id?: string | null | undefined; created_at?: string | undefined; data?: Json | undefined; entity: string; entity_id: string; id?: string | undefined; org_id?: string | ... 1 more ... | undefined; patient_id: string; } | ... 6 more ... | { ...; }, options?: { ...; } | undefined): PostgrestFilterBuilder<...>', gave the following error.
    Object literal may only specify known properties, and 'raw' does not exist in type '{ action: string; actor_email?: string | null | undefined; actor_id?: string | null | undefined; created_at?: string | undefined; data?: Json | undefined; entity: string; entity_id: string; id?: string | undefined; org_id?: string | ... 1 more ... | undefined; patient_id: string; } | ... 6 more ... | { ...; }'.
  Overload 2 of 2, '(values: ({ action: string; actor_email?: string | null | undefined; actor_id?: string | null | undefined; created_at?: string | undefined; data?: Json | undefined; entity: string; entity_id: string; id?: string | undefined; org_id?: string | ... 1 more ... | undefined; patient_id: string; } | ... 6 more ... | { ...; })[], options?: { ...; } | undefined): PostgrestFilterBuilder<...>', gave the following error.
    Object literal may only specify known properties, and 'id' does not exist in type '({ action: string; actor_email?: string | null | undefined; actor_id?: string | null | undefined; created_at?: string | undefined; data?: Json | undefined; entity: string; entity_id: string; id?: string | undefined; org_id?: string | ... 1 more ... | undefined; patient_id: string; } | ... 6 more ... | { ...; })[]'.
app/api/docs/verify/route.ts(20,13): error TS2769: No overload matches this call.
  Overload 1 of 2, '(relation: "organizations" | "patients" | "audit_log" | "org_members" | "patient_files" | "patient_notes" | "patient_shares" | "user_prefs"): PostgrestQueryBuilder<{ PostgrestVersion: "13.0.4"; }, { ...; }, { ...; } | ... 6 more ... | { ...; }, "organizations" | ... 6 more ... | "user_prefs", [] | ... 4 more ... | [...]>', gave the following error.
    Argument of type '"document_ledger"' is not assignable to parameter of type '"organizations" | "patients" | "audit_log" | "org_members" | "patient_files" | "patient_notes" | "patient_shares" | "user_prefs"'.
  Overload 2 of 2, '(relation: "v_my_orgs"): PostgrestQueryBuilder<{ PostgrestVersion: "13.0.4"; }, { Tables: { audit_log: { Row: { action: string; actor_email: string | null; actor_id: string | null; created_at: string; data: Json; ... 4 more ...; patient_id: string; }; Insert: { ...; }; Update: { ...; }; Relationships: []; }; ... 6 more ...; user_prefs: { ...; }; }; Views: { ...; }; Functions: { ...; }; Enums: {}; CompositeTypes: {}; }, { ...; }, "v_my_orgs", []>', gave the following error.
    Argument of type '"document_ledger"' is not assignable to parameter of type '"v_my_orgs"'.
app/api/docs/verify/route.ts(35,15): error TS2769: No overload matches this call.
  Overload 1 of 2, '(relation: "organizations" | "patients" | "audit_log" | "org_members" | "patient_files" | "patient_notes" | "patient_shares" | "user_prefs"): PostgrestQueryBuilder<{ PostgrestVersion: "13.0.4"; }, { ...; }, { ...; } | ... 6 more ... | { ...; }, "organizations" | ... 6 more ... | "user_prefs", [] | ... 4 more ... | [...]>', gave the following error.
    Argument of type '"prescriptions"' is not assignable to parameter of type '"organizations" | "patients" | "audit_log" | "org_members" | "patient_files" | "patient_notes" | "patient_shares" | "user_prefs"'.
  Overload 2 of 2, '(relation: "v_my_orgs"): PostgrestQueryBuilder<{ PostgrestVersion: "13.0.4"; }, { Tables: { audit_log: { Row: { action: string; actor_email: string | null; actor_id: string | null; created_at: string; data: Json; ... 4 more ...; patient_id: string; }; Insert: { ...; }; Update: { ...; }; Relationships: []; }; ... 6 more ...; user_prefs: { ...; }; }; Views: { ...; }; Functions: { ...; }; Enums: {}; CompositeTypes: {}; }, { ...; }, "v_my_orgs", []>', gave the following error.
    Argument of type '"prescriptions"' is not assignable to parameter of type '"v_my_orgs"'.
app/api/docs/verify/route.ts(40,26): error TS2339: Property 'created_at' does not exist on type 'SelectQueryError<"column 'created_at' does not exist on 'organizations'."> | SelectQueryError<"column 'created_at' does not exist on 'patients'."> | ... 5 more ... | SelectQueryError<...>'.
  Property 'created_at' does not exist on type 'SelectQueryError<"column 'created_at' does not exist on 'organizations'.">'.
app/api/docs/verify/route.ts(43,15): error TS2769: No overload matches this call.
  Overload 1 of 2, '(relation: "organizations" | "patients" | "audit_log" | "org_members" | "patient_files" | "patient_notes" | "patient_shares" | "user_prefs"): PostgrestQueryBuilder<{ PostgrestVersion: "13.0.4"; }, { ...; }, { ...; } | ... 6 more ... | { ...; }, "organizations" | ... 6 more ... | "user_prefs", [] | ... 4 more ... | [...]>', gave the following error.
    Argument of type '"referrals"' is not assignable to parameter of type '"organizations" | "patients" | "audit_log" | "org_members" | "patient_files" | "patient_notes" | "patient_shares" | "user_prefs"'.
  Overload 2 of 2, '(relation: "v_my_orgs"): PostgrestQueryBuilder<{ PostgrestVersion: "13.0.4"; }, { Tables: { audit_log: { Row: { action: string; actor_email: string | null; actor_id: string | null; created_at: string; data: Json; ... 4 more ...; patient_id: string; }; Insert: { ...; }; Update: { ...; }; Relationships: []; }; ... 6 more ...; user_prefs: { ...; }; }; Views: { ...; }; Functions: { ...; }; Enums: {}; CompositeTypes: {}; }, { ...; }, "v_my_orgs", []>', gave the following error.
    Argument of type '"referrals"' is not assignable to parameter of type '"v_my_orgs"'.
app/api/docs/verify/route.ts(48,26): error TS2339: Property 'created_at' does not exist on type 'SelectQueryError<"column 'created_at' does not exist on 'organizations'."> | SelectQueryError<"column 'created_at' does not exist on 'patients'."> | ... 5 more ... | SelectQueryError<...>'.
  Property 'created_at' does not exist on type 'SelectQueryError<"column 'created_at' does not exist on 'organizations'.">'.
app/api/docs/verify/route.ts(51,15): error TS2769: No overload matches this call.
  Overload 1 of 2, '(relation: "organizations" | "patients" | "audit_log" | "org_members" | "patient_files" | "patient_notes" | "patient_shares" | "user_prefs"): PostgrestQueryBuilder<{ PostgrestVersion: "13.0.4"; }, { ...; }, { ...; } | ... 6 more ... | { ...; }, "organizations" | ... 6 more ... | "user_prefs", [] | ... 4 more ... | [...]>', gave the following error.
    Argument of type '"discharges"' is not assignable to parameter of type '"organizations" | "patients" | "audit_log" | "org_members" | "patient_files" | "patient_notes" | "patient_shares" | "user_prefs"'.
  Overload 2 of 2, '(relation: "v_my_orgs"): PostgrestQueryBuilder<{ PostgrestVersion: "13.0.4"; }, { Tables: { audit_log: { Row: { action: string; actor_email: string | null; actor_id: string | null; created_at: string; data: Json; ... 4 more ...; patient_id: string; }; Insert: { ...; }; Update: { ...; }; Relationships: []; }; ... 6 more ...; user_prefs: { ...; }; }; Views: { ...; }; Functions: { ...; }; Enums: {}; CompositeTypes: {}; }, { ...; }, "v_my_orgs", []>', gave the following error.
    Argument of type '"discharges"' is not assignable to parameter of type '"v_my_orgs"'.
app/api/docs/verify/route.ts(56,26): error TS2339: Property 'created_at' does not exist on type 'SelectQueryError<"column 'created_at' does not exist on 'organizations'."> | SelectQueryError<"column 'created_at' does not exist on 'patients'."> | ... 5 more ... | SelectQueryError<...>'.
  Property 'created_at' does not exist on type 'SelectQueryError<"column 'created_at' does not exist on 'organizations'.">'.
app/api/docs/verify/route.ts(59,15): error TS2769: No overload matches this call.
  Overload 1 of 2, '(relation: "organizations" | "patients" | "audit_log" | "org_members" | "patient_files" | "patient_notes" | "patient_shares" | "user_prefs"): PostgrestQueryBuilder<{ PostgrestVersion: "13.0.4"; }, { ...; }, { ...; } | ... 6 more ... | { ...; }, "organizations" | ... 6 more ... | "user_prefs", [] | ... 4 more ... | [...]>', gave the following error.
    Argument of type '"lab_requests"' is not assignable to parameter of type '"organizations" | "patients" | "audit_log" | "org_members" | "patient_files" | "patient_notes" | "patient_shares" | "user_prefs"'.
  Overload 2 of 2, '(relation: "v_my_orgs"): PostgrestQueryBuilder<{ PostgrestVersion: "13.0.4"; }, { Tables: { audit_log: { Row: { action: string; actor_email: string | null; actor_id: string | null; created_at: string; data: Json; ... 4 more ...; patient_id: string; }; Insert: { ...; }; Update: { ...; }; Relationships: []; }; ... 6 more ...; user_prefs: { ...; }; }; Views: { ...; }; Functions: { ...; }; Enums: {}; CompositeTypes: {}; }, { ...; }, "v_my_orgs", []>', gave the following error.
    Argument of type '"lab_requests"' is not assignable to parameter of type '"v_my_orgs"'.
app/api/docs/verify/route.ts(64,26): error TS2339: Property 'created_at' does not exist on type 'SelectQueryError<"column 'created_at' does not exist on 'organizations'."> | SelectQueryError<"column 'created_at' does not exist on 'patients'."> | ... 5 more ... | SelectQueryError<...>'.
  Property 'created_at' does not exist on type 'SelectQueryError<"column 'created_at' does not exist on 'organizations'.">'.
app/api/docs/verify/route.ts(67,27): error TS2339: Property 'revoked_at' does not exist on type '{ action: string; actor_email: string | null; actor_id: string | null; created_at: string; data: Json; entity: string; entity_id: string; id: string; org_id: string | null; patient_id: string; } | ... 6 more ... | { ...; }'.
  Property 'revoked_at' does not exist on type '{ action: string; actor_email: string | null; actor_id: string | null; created_at: string; data: Json; entity: string; entity_id: string; id: string; org_id: string | null; patient_id: string; }'.
app/api/docs/verify/route.ts(71,23): error TS2339: Property 'revoked_at' does not exist on type '{ action: string; actor_email: string | null; actor_id: string | null; created_at: string; data: Json; entity: string; entity_id: string; id: string; org_id: string | null; patient_id: string; } | ... 6 more ... | { ...; }'.
  Property 'revoked_at' does not exist on type '{ action: string; actor_email: string | null; actor_id: string | null; created_at: string; data: Json; entity: string; entity_id: string; id: string; org_id: string | null; patient_id: string; }'.
app/api/docs/verify/route.ts(72,18): error TS2339: Property 'folio' does not exist on type '{ action: string; actor_email: string | null; actor_id: string | null; created_at: string; data: Json; entity: string; entity_id: string; id: string; org_id: string | null; patient_id: string; } | ... 6 more ... | { ...; }'.
  Property 'folio' does not exist on type '{ action: string; actor_email: string | null; actor_id: string | null; created_at: string; data: Json; entity: string; entity_id: string; id: string; org_id: string | null; patient_id: string; }'.
app/api/export/pacientes/route.ts(49,9): error TS18047: 'idsByTags' is possibly 'null'.
app/api/export/pacientes/xlsx/route.ts(65,34): error TS7006: Parameter 'r' implicitly has an 'any' type.
app/api/integrations/twilio/inbound/route.ts(47,11): error TS2769: No overload matches this call.
  Overload 1 of 2, '(relation: "organizations" | "patients" | "audit_log" | "org_members" | "patient_files" | "patient_notes" | "patient_shares" | "user_prefs"): PostgrestQueryBuilder<{ PostgrestVersion: "13.0.4"; }, { ...; }, { ...; } | ... 6 more ... | { ...; }, "organizations" | ... 6 more ... | "user_prefs", [] | ... 4 more ... | [...]>', gave the following error.
    Argument of type '"reminders"' is not assignable to parameter of type '"organizations" | "patients" | "audit_log" | "org_members" | "patient_files" | "patient_notes" | "patient_shares" | "user_prefs"'.
  Overload 2 of 2, '(relation: "v_my_orgs"): PostgrestQueryBuilder<{ PostgrestVersion: "13.0.4"; }, { Tables: { audit_log: { Row: { action: string; actor_email: string | null; actor_id: string | null; created_at: string; data: Json; ... 4 more ...; patient_id: string; }; Insert: { ...; }; Update: { ...; }; Relationships: []; }; ... 6 more ...; user_prefs: { ...; }; }; Views: { ...; }; Functions: { ...; }; Enums: {}; CompositeTypes: {}; }, { ...; }, "v_my_orgs", []>', gave the following error.
    Argument of type '"reminders"' is not assignable to parameter of type '"v_my_orgs"'.
app/api/integrations/twilio/inbound/route.ts(67,15): error TS2769: No overload matches this call.
  Overload 1 of 2, '(relation: "organizations" | "patients" | "audit_log" | "org_members" | "patient_files" | "patient_notes" | "patient_shares" | "user_prefs"): PostgrestQueryBuilder<{ PostgrestVersion: "13.0.4"; }, { ...; }, { ...; } | ... 6 more ... | { ...; }, "organizations" | ... 6 more ... | "user_prefs", [] | ... 4 more ... | [...]>', gave the following error.
    Argument of type '"reminders"' is not assignable to parameter of type '"organizations" | "patients" | "audit_log" | "org_members" | "patient_files" | "patient_notes" | "patient_shares" | "user_prefs"'.
  Overload 2 of 2, '(relation: "v_my_orgs"): PostgrestQueryBuilder<{ PostgrestVersion: "13.0.4"; }, { Tables: { audit_log: { Row: { action: string; actor_email: string | null; actor_id: string | null; created_at: string; data: Json; ... 4 more ...; patient_id: string; }; Insert: { ...; }; Update: { ...; }; Relationships: []; }; ... 6 more ...; user_prefs: { ...; }; }; Views: { ...; }; Functions: { ...; }; Enums: {}; CompositeTypes: {}; }, { ...; }, "v_my_orgs", []>', gave the following error.
    Argument of type '"reminders"' is not assignable to parameter of type '"v_my_orgs"'.
app/api/integrations/twilio/inbound/route.ts(69,11): error TS2353: Object literal may only specify known properties, and 'status' does not exist in type '{ action?: string | undefined; actor_email?: string | null | undefined; actor_id?: string | null | undefined; created_at?: string | undefined; data?: Json | undefined; entity?: string | undefined; entity_id?: string | undefined; id?: string | undefined; org_id?: string | ... 1 more ... | undefined; patient_id?: stri...'.
app/api/integrations/twilio/inbound/route.ts(73,23): error TS2339: Property 'id' does not exist on type '{ action: string; actor_email: string | null; actor_id: string | null; created_at: string; data: Json; entity: string; entity_id: string; id: string; org_id: string | null; patient_id: string; } | ... 6 more ... | { ...; }'.
  Property 'id' does not exist on type '{ created_at: string; org_id: string; role: string; user_id: string; }'.
app/api/integrations/twilio/inbound/route.ts(75,23): error TS2769: No overload matches this call.
  Overload 1 of 2, '(relation: "organizations" | "patients" | "audit_log" | "org_members" | "patient_files" | "patient_notes" | "patient_shares" | "user_prefs"): PostgrestQueryBuilder<{ PostgrestVersion: "13.0.4"; }, { ...; }, { ...; } | ... 6 more ... | { ...; }, "organizations" | ... 6 more ... | "user_prefs", [] | ... 4 more ... | [...]>', gave the following error.
    Argument of type '"reminder_logs"' is not assignable to parameter of type '"organizations" | "patients" | "audit_log" | "org_members" | "patient_files" | "patient_notes" | "patient_shares" | "user_prefs"'.
  Overload 2 of 2, '(relation: "v_my_orgs"): PostgrestQueryBuilder<{ PostgrestVersion: "13.0.4"; }, { Tables: { audit_log: { Row: { action: string; actor_email: string | null; actor_id: string | null; created_at: string; data: Json; ... 4 more ...; patient_id: string; }; Insert: { ...; }; Update: { ...; }; Relationships: []; }; ... 6 more ...; user_prefs: { ...; }; }; Views: { ...; }; Functions: { ...; }; Enums: {}; CompositeTypes: {}; }, { ...; }, "v_my_orgs", []>', gave the following error.
    Argument of type '"reminder_logs"' is not assignable to parameter of type '"v_my_orgs"'.
app/api/integrations/twilio/inbound/route.ts(76,9): error TS2769: No overload matches this call.
  Overload 1 of 2, '(values: { action: string; actor_email?: string | null | undefined; actor_id?: string | null | undefined; created_at?: string | undefined; data?: Json | undefined; entity: string; entity_id: string; id?: string | undefined; org_id?: string | ... 1 more ... | undefined; patient_id: string; } | ... 6 more ... | { ...; }, options?: { ...; } | undefined): PostgrestFilterBuilder<...>', gave the following error.
    Object literal may only specify known properties, and 'reminder_id' does not exist in type '{ action: string; actor_email?: string | null | undefined; actor_id?: string | null | undefined; created_at?: string | undefined; data?: Json | undefined; entity: string; entity_id: string; id?: string | undefined; org_id?: string | ... 1 more ... | undefined; patient_id: string; } | ... 6 more ... | { ...; }'.
  Overload 2 of 2, '(values: ({ action: string; actor_email?: string | null | undefined; actor_id?: string | null | undefined; created_at?: string | undefined; data?: Json | undefined; entity: string; entity_id: string; id?: string | undefined; org_id?: string | ... 1 more ... | undefined; patient_id: string; } | ... 6 more ... | { ...; })[], options?: { ...; } | undefined): PostgrestFilterBuilder<...>', gave the following error.
    Object literal may only specify known properties, and 'reminder_id' does not exist in type '({ action: string; actor_email?: string | null | undefined; actor_id?: string | null | undefined; created_at?: string | undefined; data?: Json | undefined; entity: string; entity_id: string; id?: string | undefined; org_id?: string | ... 1 more ... | undefined; patient_id: string; } | ... 6 more ... | { ...; })[]'.
app/api/integrations/twilio/inbound/route.ts(76,26): error TS2339: Property 'id' does not exist on type '{ action: string; actor_email: string | null; actor_id: string | null; created_at: string; data: Json; entity: string; entity_id: string; id: string; org_id: string | null; patient_id: string; } | ... 6 more ... | { ...; }'.
  Property 'id' does not exist on type '{ created_at: string; org_id: string; role: string; user_id: string; }'.
app/api/integrations/twilio/inbound/route.ts(82,23): error TS2769: No overload matches this call.
  Overload 1 of 2, '(relation: "organizations" | "patients" | "audit_log" | "org_members" | "patient_files" | "patient_notes" | "patient_shares" | "user_prefs"): PostgrestQueryBuilder<{ PostgrestVersion: "13.0.4"; }, { ...; }, { ...; } | ... 6 more ... | { ...; }, "organizations" | ... 6 more ... | "user_prefs", [] | ... 4 more ... | [...]>', gave the following error.
    Argument of type '"appointments_events"' is not assignable to parameter of type '"organizations" | "patients" | "audit_log" | "org_members" | "patient_files" | "patient_notes" | "patient_shares" | "user_prefs"'.
  Overload 2 of 2, '(relation: "v_my_orgs"): PostgrestQueryBuilder<{ PostgrestVersion: "13.0.4"; }, { Tables: { audit_log: { Row: { action: string; actor_email: string | null; actor_id: string | null; created_at: string; data: Json; ... 4 more ...; patient_id: string; }; Insert: { ...; }; Update: { ...; }; Relationships: []; }; ... 6 more ...; user_prefs: { ...; }; }; Views: { ...; }; Functions: { ...; }; Enums: {}; CompositeTypes: {}; }, { ...; }, "v_my_orgs", []>', gave the following error.
    Argument of type '"appointments_events"' is not assignable to parameter of type '"v_my_orgs"'.
app/api/integrations/twilio/inbound/route.ts(82,46): error TS2769: No overload matches this call.
  Overload 1 of 2, '(values: { action: string; actor_email?: string | null | undefined; actor_id?: string | null | undefined; created_at?: string | undefined; data?: Json | undefined; entity: string; entity_id: string; id?: string | undefined; org_id?: string | ... 1 more ... | undefined; patient_id: string; } | ... 6 more ... | { ...; }, options?: { ...; } | undefined): PostgrestFilterBuilder<...>', gave the following error.
    Object literal may only specify known properties, and 'appointment_id' does not exist in type '{ action: string; actor_email?: string | null | undefined; actor_id?: string | null | undefined; created_at?: string | undefined; data?: Json | undefined; entity: string; entity_id: string; id?: string | undefined; org_id?: string | ... 1 more ... | undefined; patient_id: string; } | ... 6 more ... | { ...; }'.
  Overload 2 of 2, '(values: ({ action: string; actor_email?: string | null | undefined; actor_id?: string | null | undefined; created_at?: string | undefined; data?: Json | undefined; entity: string; entity_id: string; id?: string | undefined; org_id?: string | ... 1 more ... | undefined; patient_id: string; } | ... 6 more ... | { ...; })[], options?: { ...; } | undefined): PostgrestFilterBuilder<...>', gave the following error.
    Object literal may only specify known properties, and 'org_id' does not exist in type '({ action: string; actor_email?: string | null | undefined; actor_id?: string | null | undefined; created_at?: string | undefined; data?: Json | undefined; entity: string; entity_id: string; id?: string | undefined; org_id?: string | ... 1 more ... | undefined; patient_id: string; } | ... 6 more ... | { ...; })[]'.
app/api/integrations/twilio/inbound/route.ts(83,21): error TS2339: Property 'org_id' does not exist on type '{ action: string; actor_email: string | null; actor_id: string | null; created_at: string; data: Json; entity: string; entity_id: string; id: string; org_id: string | null; patient_id: string; } | ... 6 more ... | { ...; }'.
  Property 'org_id' does not exist on type '{ created_at: string; created_by: string; id: string; is_personal: boolean; name: string; slug: string | null; }'.
app/api/integrations/twilio/inbound/route.ts(84,29): error TS2339: Property 'appointment_id' does not exist on type '{ action: string; actor_email: string | null; actor_id: string | null; created_at: string; data: Json; entity: string; entity_id: string; id: string; org_id: string | null; patient_id: string; } | ... 6 more ... | { ...; }'.
  Property 'appointment_id' does not exist on type '{ action: string; actor_email: string | null; actor_id: string | null; created_at: string; data: Json; entity: string; entity_id: string; id: string; org_id: string | null; patient_id: string; }'.
app/api/integrations/twilio/inbound/route.ts(88,34): error TS2339: Property 'id' does not exist on type '{ action: string; actor_email: string | null; actor_id: string | null; created_at: string; data: Json; entity: string; entity_id: string; id: string; org_id: string | null; patient_id: string; } | ... 6 more ... | { ...; }'.
  Property 'id' does not exist on type '{ created_at: string; org_id: string; role: string; user_id: string; }'.
app/api/integrations/twilio/inbound/route.ts(91,52): error TS2339: Property 'org_id' does not exist on type '{ action: string; actor_email: string | null; actor_id: string | null; created_at: string; data: Json; entity: string; entity_id: string; id: string; org_id: string | null; patient_id: string; } | ... 6 more ... | { ...; }'.
  Property 'org_id' does not exist on type '{ created_at: string; created_by: string; id: string; is_personal: boolean; name: string; slug: string | null; }'.
app/api/integrations/twilio/inbound/route.ts(91,77): error TS2339: Property 'id' does not exist on type '{ action: string; actor_email: string | null; actor_id: string | null; created_at: string; data: Json; entity: string; entity_id: string; id: string; org_id: string | null; patient_id: string; } | ... 6 more ... | { ...; }'.
  Property 'id' does not exist on type '{ created_at: string; org_id: string; role: string; user_id: string; }'.
app/api/integrations/twilio/inbound/route.ts(99,15): error TS2769: No overload matches this call.
  Overload 1 of 2, '(relation: "organizations" | "patients" | "audit_log" | "org_members" | "patient_files" | "patient_notes" | "patient_shares" | "user_prefs"): PostgrestQueryBuilder<{ PostgrestVersion: "13.0.4"; }, { ...; }, { ...; } | ... 6 more ... | { ...; }, "organizations" | ... 6 more ... | "user_prefs", [] | ... 4 more ... | [...]>', gave the following error.
    Argument of type '"reminders"' is not assignable to parameter of type '"organizations" | "patients" | "audit_log" | "org_members" | "patient_files" | "patient_notes" | "patient_shares" | "user_prefs"'.
  Overload 2 of 2, '(relation: "v_my_orgs"): PostgrestQueryBuilder<{ PostgrestVersion: "13.0.4"; }, { Tables: { audit_log: { Row: { action: string; actor_email: string | null; actor_id: string | null; created_at: string; data: Json; ... 4 more ...; patient_id: string; }; Insert: { ...; }; Update: { ...; }; Relationships: []; }; ... 6 more ...; user_prefs: { ...; }; }; Views: { ...; }; Functions: { ...; }; Enums: {}; CompositeTypes: {}; }, { ...; }, "v_my_orgs", []>', gave the following error.
    Argument of type '"reminders"' is not assignable to parameter of type '"v_my_orgs"'.
app/api/integrations/twilio/inbound/route.ts(101,11): error TS2353: Object literal may only specify known properties, and 'status' does not exist in type '{ action?: string | undefined; actor_email?: string | null | undefined; actor_id?: string | null | undefined; created_at?: string | undefined; data?: Json | undefined; entity?: string | undefined; entity_id?: string | undefined; id?: string | undefined; org_id?: string | ... 1 more ... | undefined; patient_id?: stri...'.
app/api/integrations/twilio/inbound/route.ts(106,23): error TS2339: Property 'id' does not exist on type '{ action: string; actor_email: string | null; actor_id: string | null; created_at: string; data: Json; entity: string; entity_id: string; id: string; org_id: string | null; patient_id: string; } | ... 6 more ... | { ...; }'.
  Property 'id' does not exist on type '{ created_at: string; org_id: string; role: string; user_id: string; }'.
app/api/integrations/twilio/inbound/route.ts(108,23): error TS2769: No overload matches this call.
  Overload 1 of 2, '(relation: "organizations" | "patients" | "audit_log" | "org_members" | "patient_files" | "patient_notes" | "patient_shares" | "user_prefs"): PostgrestQueryBuilder<{ PostgrestVersion: "13.0.4"; }, { ...; }, { ...; } | ... 6 more ... | { ...; }, "organizations" | ... 6 more ... | "user_prefs", [] | ... 4 more ... | [...]>', gave the following error.
    Argument of type '"reminder_logs"' is not assignable to parameter of type '"organizations" | "patients" | "audit_log" | "org_members" | "patient_files" | "patient_notes" | "patient_shares" | "user_prefs"'.
  Overload 2 of 2, '(relation: "v_my_orgs"): PostgrestQueryBuilder<{ PostgrestVersion: "13.0.4"; }, { Tables: { audit_log: { Row: { action: string; actor_email: string | null; actor_id: string | null; created_at: string; data: Json; ... 4 more ...; patient_id: string; }; Insert: { ...; }; Update: { ...; }; Relationships: []; }; ... 6 more ...; user_prefs: { ...; }; }; Views: { ...; }; Functions: { ...; }; Enums: {}; CompositeTypes: {}; }, { ...; }, "v_my_orgs", []>', gave the following error.
    Argument of type '"reminder_logs"' is not assignable to parameter of type '"v_my_orgs"'.
app/api/integrations/twilio/inbound/route.ts(109,9): error TS2769: No overload matches this call.
  Overload 1 of 2, '(values: { action: string; actor_email?: string | null | undefined; actor_id?: string | null | undefined; created_at?: string | undefined; data?: Json | undefined; entity: string; entity_id: string; id?: string | undefined; org_id?: string | ... 1 more ... | undefined; patient_id: string; } | ... 6 more ... | { ...; }, options?: { ...; } | undefined): PostgrestFilterBuilder<...>', gave the following error.
    Object literal may only specify known properties, and 'reminder_id' does not exist in type '{ action: string; actor_email?: string | null | undefined; actor_id?: string | null | undefined; created_at?: string | undefined; data?: Json | undefined; entity: string; entity_id: string; id?: string | undefined; org_id?: string | ... 1 more ... | undefined; patient_id: string; } | ... 6 more ... | { ...; }'.
  Overload 2 of 2, '(values: ({ action: string; actor_email?: string | null | undefined; actor_id?: string | null | undefined; created_at?: string | undefined; data?: Json | undefined; entity: string; entity_id: string; id?: string | undefined; org_id?: string | ... 1 more ... | undefined; patient_id: string; } | ... 6 more ... | { ...; })[], options?: { ...; } | undefined): PostgrestFilterBuilder<...>', gave the following error.
    Object literal may only specify known properties, and 'reminder_id' does not exist in type '({ action: string; actor_email?: string | null | undefined; actor_id?: string | null | undefined; created_at?: string | undefined; data?: Json | undefined; entity: string; entity_id: string; id?: string | undefined; org_id?: string | ... 1 more ... | undefined; patient_id: string; } | ... 6 more ... | { ...; })[]'.
app/api/integrations/twilio/inbound/route.ts(109,26): error TS2339: Property 'id' does not exist on type '{ action: string; actor_email: string | null; actor_id: string | null; created_at: string; data: Json; entity: string; entity_id: string; id: string; org_id: string | null; patient_id: string; } | ... 6 more ... | { ...; }'.
  Property 'id' does not exist on type '{ created_at: string; org_id: string; role: string; user_id: string; }'.
app/api/integrations/twilio/inbound/route.ts(115,23): error TS2769: No overload matches this call.
  Overload 1 of 2, '(relation: "organizations" | "patients" | "audit_log" | "org_members" | "patient_files" | "patient_notes" | "patient_shares" | "user_prefs"): PostgrestQueryBuilder<{ PostgrestVersion: "13.0.4"; }, { ...; }, { ...; } | ... 6 more ... | { ...; }, "organizations" | ... 6 more ... | "user_prefs", [] | ... 4 more ... | [...]>', gave the following error.
    Argument of type '"appointments_events"' is not assignable to parameter of type '"organizations" | "patients" | "audit_log" | "org_members" | "patient_files" | "patient_notes" | "patient_shares" | "user_prefs"'.
  Overload 2 of 2, '(relation: "v_my_orgs"): PostgrestQueryBuilder<{ PostgrestVersion: "13.0.4"; }, { Tables: { audit_log: { Row: { action: string; actor_email: string | null; actor_id: string | null; created_at: string; data: Json; ... 4 more ...; patient_id: string; }; Insert: { ...; }; Update: { ...; }; Relationships: []; }; ... 6 more ...; user_prefs: { ...; }; }; Views: { ...; }; Functions: { ...; }; Enums: {}; CompositeTypes: {}; }, { ...; }, "v_my_orgs", []>', gave the following error.
    Argument of type '"appointments_events"' is not assignable to parameter of type '"v_my_orgs"'.
app/api/integrations/twilio/inbound/route.ts(115,46): error TS2769: No overload matches this call.
  Overload 1 of 2, '(values: { action: string; actor_email?: string | null | undefined; actor_id?: string | null | undefined; created_at?: string | undefined; data?: Json | undefined; entity: string; entity_id: string; id?: string | undefined; org_id?: string | ... 1 more ... | undefined; patient_id: string; } | ... 6 more ... | { ...; }, options?: { ...; } | undefined): PostgrestFilterBuilder<...>', gave the following error.
    Object literal may only specify known properties, and 'appointment_id' does not exist in type '{ action: string; actor_email?: string | null | undefined; actor_id?: string | null | undefined; created_at?: string | undefined; data?: Json | undefined; entity: string; entity_id: string; id?: string | undefined; org_id?: string | ... 1 more ... | undefined; patient_id: string; } | ... 6 more ... | { ...; }'.
  Overload 2 of 2, '(values: ({ action: string; actor_email?: string | null | undefined; actor_id?: string | null | undefined; created_at?: string | undefined; data?: Json | undefined; entity: string; entity_id: string; id?: string | undefined; org_id?: string | ... 1 more ... | undefined; patient_id: string; } | ... 6 more ... | { ...; })[], options?: { ...; } | undefined): PostgrestFilterBuilder<...>', gave the following error.
    Object literal may only specify known properties, and 'org_id' does not exist in type '({ action: string; actor_email?: string | null | undefined; actor_id?: string | null | undefined; created_at?: string | undefined; data?: Json | undefined; entity: string; entity_id: string; id?: string | undefined; org_id?: string | ... 1 more ... | undefined; patient_id: string; } | ... 6 more ... | { ...; })[]'.
app/api/integrations/twilio/inbound/route.ts(116,21): error TS2339: Property 'org_id' does not exist on type '{ action: string; actor_email: string | null; actor_id: string | null; created_at: string; data: Json; entity: string; entity_id: string; id: string; org_id: string | null; patient_id: string; } | ... 6 more ... | { ...; }'.
  Property 'org_id' does not exist on type '{ created_at: string; created_by: string; id: string; is_personal: boolean; name: string; slug: string | null; }'.
app/api/integrations/twilio/inbound/route.ts(117,29): error TS2339: Property 'appointment_id' does not exist on type '{ action: string; actor_email: string | null; actor_id: string | null; created_at: string; data: Json; entity: string; entity_id: string; id: string; org_id: string | null; patient_id: string; } | ... 6 more ... | { ...; }'.
  Property 'appointment_id' does not exist on type '{ action: string; actor_email: string | null; actor_id: string | null; created_at: string; data: Json; entity: string; entity_id: string; id: string; org_id: string | null; patient_id: string; }'.
app/api/integrations/twilio/inbound/route.ts(121,34): error TS2339: Property 'id' does not exist on type '{ action: string; actor_email: string | null; actor_id: string | null; created_at: string; data: Json; entity: string; entity_id: string; id: string; org_id: string | null; patient_id: string; } | ... 6 more ... | { ...; }'.
  Property 'id' does not exist on type '{ created_at: string; org_id: string; role: string; user_id: string; }'.
app/api/integrations/twilio/inbound/route.ts(124,52): error TS2339: Property 'org_id' does not exist on type '{ action: string; actor_email: string | null; actor_id: string | null; created_at: string; data: Json; entity: string; entity_id: string; id: string; org_id: string | null; patient_id: string; } | ... 6 more ... | { ...; }'.
  Property 'org_id' does not exist on type '{ created_at: string; created_by: string; id: string; is_personal: boolean; name: string; slug: string | null; }'.
app/api/integrations/twilio/inbound/route.ts(124,77): error TS2339: Property 'id' does not exist on type '{ action: string; actor_email: string | null; actor_id: string | null; created_at: string; data: Json; entity: string; entity_id: string; id: string; org_id: string | null; patient_id: string; } | ... 6 more ... | { ...; }'.
  Property 'id' does not exist on type '{ created_at: string; org_id: string; role: string; user_id: string; }'.
app/api/integrations/twilio/inbound/route.ts(132,15): error TS2769: No overload matches this call.
  Overload 1 of 2, '(relation: "organizations" | "patients" | "audit_log" | "org_members" | "patient_files" | "patient_notes" | "patient_shares" | "user_prefs"): PostgrestQueryBuilder<{ PostgrestVersion: "13.0.4"; }, { ...; }, { ...; } | ... 6 more ... | { ...; }, "organizations" | ... 6 more ... | "user_prefs", [] | ... 4 more ... | [...]>', gave the following error.
    Argument of type '"reminders"' is not assignable to parameter of type '"organizations" | "patients" | "audit_log" | "org_members" | "patient_files" | "patient_notes" | "patient_shares" | "user_prefs"'.
  Overload 2 of 2, '(relation: "v_my_orgs"): PostgrestQueryBuilder<{ PostgrestVersion: "13.0.4"; }, { Tables: { audit_log: { Row: { action: string; actor_email: string | null; actor_id: string | null; created_at: string; data: Json; ... 4 more ...; patient_id: string; }; Insert: { ...; }; Update: { ...; }; Relationships: []; }; ... 6 more ...; user_prefs: { ...; }; }; Views: { ...; }; Functions: { ...; }; Enums: {}; CompositeTypes: {}; }, { ...; }, "v_my_orgs", []>', gave the following error.
    Argument of type '"reminders"' is not assignable to parameter of type '"v_my_orgs"'.
app/api/integrations/twilio/inbound/route.ts(134,11): error TS2353: Object literal may only specify known properties, and 'last_inbound_message' does not exist in type '{ action?: string | undefined; actor_email?: string | null | undefined; actor_id?: string | null | undefined; created_at?: string | undefined; data?: Json | undefined; entity?: string | undefined; entity_id?: string | undefined; id?: string | undefined; org_id?: string | ... 1 more ... | undefined; patient_id?: stri...'.
app/api/integrations/twilio/inbound/route.ts(136,23): error TS2339: Property 'id' does not exist on type '{ action: string; actor_email: string | null; actor_id: string | null; created_at: string; data: Json; entity: string; entity_id: string; id: string; org_id: string | null; patient_id: string; } | ... 6 more ... | { ...; }'.
  Property 'id' does not exist on type '{ created_at: string; org_id: string; role: string; user_id: string; }'.
app/api/integrations/twilio/inbound/route.ts(138,23): error TS2769: No overload matches this call.
  Overload 1 of 2, '(relation: "organizations" | "patients" | "audit_log" | "org_members" | "patient_files" | "patient_notes" | "patient_shares" | "user_prefs"): PostgrestQueryBuilder<{ PostgrestVersion: "13.0.4"; }, { ...; }, { ...; } | ... 6 more ... | { ...; }, "organizations" | ... 6 more ... | "user_prefs", [] | ... 4 more ... | [...]>', gave the following error.
    Argument of type '"reminder_logs"' is not assignable to parameter of type '"organizations" | "patients" | "audit_log" | "org_members" | "patient_files" | "patient_notes" | "patient_shares" | "user_prefs"'.
  Overload 2 of 2, '(relation: "v_my_orgs"): PostgrestQueryBuilder<{ PostgrestVersion: "13.0.4"; }, { Tables: { audit_log: { Row: { action: string; actor_email: string | null; actor_id: string | null; created_at: string; data: Json; ... 4 more ...; patient_id: string; }; Insert: { ...; }; Update: { ...; }; Relationships: []; }; ... 6 more ...; user_prefs: { ...; }; }; Views: { ...; }; Functions: { ...; }; Enums: {}; CompositeTypes: {}; }, { ...; }, "v_my_orgs", []>', gave the following error.
    Argument of type '"reminder_logs"' is not assignable to parameter of type '"v_my_orgs"'.
app/api/integrations/twilio/inbound/route.ts(139,9): error TS2769: No overload matches this call.
  Overload 1 of 2, '(values: { action: string; actor_email?: string | null | undefined; actor_id?: string | null | undefined; created_at?: string | undefined; data?: Json | undefined; entity: string; entity_id: string; id?: string | undefined; org_id?: string | ... 1 more ... | undefined; patient_id: string; } | ... 6 more ... | { ...; }, options?: { ...; } | undefined): PostgrestFilterBuilder<...>', gave the following error.
    Object literal may only specify known properties, and 'reminder_id' does not exist in type '{ action: string; actor_email?: string | null | undefined; actor_id?: string | null | undefined; created_at?: string | undefined; data?: Json | undefined; entity: string; entity_id: string; id?: string | undefined; org_id?: string | ... 1 more ... | undefined; patient_id: string; } | ... 6 more ... | { ...; }'.
  Overload 2 of 2, '(values: ({ action: string; actor_email?: string | null | undefined; actor_id?: string | null | undefined; created_at?: string | undefined; data?: Json | undefined; entity: string; entity_id: string; id?: string | undefined; org_id?: string | ... 1 more ... | undefined; patient_id: string; } | ... 6 more ... | { ...; })[], options?: { ...; } | undefined): PostgrestFilterBuilder<...>', gave the following error.
    Object literal may only specify known properties, and 'reminder_id' does not exist in type '({ action: string; actor_email?: string | null | undefined; actor_id?: string | null | undefined; created_at?: string | undefined; data?: Json | undefined; entity: string; entity_id: string; id?: string | undefined; org_id?: string | ... 1 more ... | undefined; patient_id: string; } | ... 6 more ... | { ...; })[]'.
app/api/integrations/twilio/inbound/route.ts(139,26): error TS2339: Property 'id' does not exist on type '{ action: string; actor_email: string | null; actor_id: string | null; created_at: string; data: Json; entity: string; entity_id: string; id: string; org_id: string | null; patient_id: string; } | ... 6 more ... | { ...; }'.
  Property 'id' does not exist on type '{ created_at: string; org_id: string; role: string; user_id: string; }'.
app/api/integrations/twilio/inbound/route.ts(145,23): error TS2769: No overload matches this call.
  Overload 1 of 2, '(relation: "organizations" | "patients" | "audit_log" | "org_members" | "patient_files" | "patient_notes" | "patient_shares" | "user_prefs"): PostgrestQueryBuilder<{ PostgrestVersion: "13.0.4"; }, { ...; }, { ...; } | ... 6 more ... | { ...; }, "organizations" | ... 6 more ... | "user_prefs", [] | ... 4 more ... | [...]>', gave the following error.
    Argument of type '"appointments_events"' is not assignable to parameter of type '"organizations" | "patients" | "audit_log" | "org_members" | "patient_files" | "patient_notes" | "patient_shares" | "user_prefs"'.
  Overload 2 of 2, '(relation: "v_my_orgs"): PostgrestQueryBuilder<{ PostgrestVersion: "13.0.4"; }, { Tables: { audit_log: { Row: { action: string; actor_email: string | null; actor_id: string | null; created_at: string; data: Json; ... 4 more ...; patient_id: string; }; Insert: { ...; }; Update: { ...; }; Relationships: []; }; ... 6 more ...; user_prefs: { ...; }; }; Views: { ...; }; Functions: { ...; }; Enums: {}; CompositeTypes: {}; }, { ...; }, "v_my_orgs", []>', gave the following error.
    Argument of type '"appointments_events"' is not assignable to parameter of type '"v_my_orgs"'.
app/api/integrations/twilio/inbound/route.ts(145,46): error TS2769: No overload matches this call.
  Overload 1 of 2, '(values: { action: string; actor_email?: string | null | undefined; actor_id?: string | null | undefined; created_at?: string | undefined; data?: Json | undefined; entity: string; entity_id: string; id?: string | undefined; org_id?: string | ... 1 more ... | undefined; patient_id: string; } | ... 6 more ... | { ...; }, options?: { ...; } | undefined): PostgrestFilterBuilder<...>', gave the following error.
    Object literal may only specify known properties, and 'appointment_id' does not exist in type '{ action: string; actor_email?: string | null | undefined; actor_id?: string | null | undefined; created_at?: string | undefined; data?: Json | undefined; entity: string; entity_id: string; id?: string | undefined; org_id?: string | ... 1 more ... | undefined; patient_id: string; } | ... 6 more ... | { ...; }'.
  Overload 2 of 2, '(values: ({ action: string; actor_email?: string | null | undefined; actor_id?: string | null | undefined; created_at?: string | undefined; data?: Json | undefined; entity: string; entity_id: string; id?: string | undefined; org_id?: string | ... 1 more ... | undefined; patient_id: string; } | ... 6 more ... | { ...; })[], options?: { ...; } | undefined): PostgrestFilterBuilder<...>', gave the following error.
    Object literal may only specify known properties, and 'org_id' does not exist in type '({ action: string; actor_email?: string | null | undefined; actor_id?: string | null | undefined; created_at?: string | undefined; data?: Json | undefined; entity: string; entity_id: string; id?: string | undefined; org_id?: string | ... 1 more ... | undefined; patient_id: string; } | ... 6 more ... | { ...; })[]'.
app/api/integrations/twilio/inbound/route.ts(146,21): error TS2339: Property 'org_id' does not exist on type '{ action: string; actor_email: string | null; actor_id: string | null; created_at: string; data: Json; entity: string; entity_id: string; id: string; org_id: string | null; patient_id: string; } | ... 6 more ... | { ...; }'.
  Property 'org_id' does not exist on type '{ created_at: string; created_by: string; id: string; is_personal: boolean; name: string; slug: string | null; }'.
app/api/integrations/twilio/inbound/route.ts(147,29): error TS2339: Property 'appointment_id' does not exist on type '{ action: string; actor_email: string | null; actor_id: string | null; created_at: string; data: Json; entity: string; entity_id: string; id: string; org_id: string | null; patient_id: string; } | ... 6 more ... | { ...; }'.
  Property 'appointment_id' does not exist on type '{ action: string; actor_email: string | null; actor_id: string | null; created_at: string; data: Json; entity: string; entity_id: string; id: string; org_id: string | null; patient_id: string; }'.
app/api/integrations/twilio/inbound/route.ts(151,34): error TS2339: Property 'id' does not exist on type '{ action: string; actor_email: string | null; actor_id: string | null; created_at: string; data: Json; entity: string; entity_id: string; id: string; org_id: string | null; patient_id: string; } | ... 6 more ... | { ...; }'.
  Property 'id' does not exist on type '{ created_at: string; org_id: string; role: string; user_id: string; }'.
app/api/integrations/twilio/inbound/route.ts(155,21): error TS2339: Property 'org_id' does not exist on type '{ action: string; actor_email: string | null; actor_id: string | null; created_at: string; data: Json; entity: string; entity_id: string; id: string; org_id: string | null; patient_id: string; } | ... 6 more ... | { ...; }'.
  Property 'org_id' does not exist on type '{ created_at: string; created_by: string; id: string; is_personal: boolean; name: string; slug: string | null; }'.
app/api/integrations/twilio/inbound/route.ts(156,26): error TS2339: Property 'id' does not exist on type '{ action: string; actor_email: string | null; actor_id: string | null; created_at: string; data: Json; entity: string; entity_id: string; id: string; org_id: string | null; patient_id: string; } | ... 6 more ... | { ...; }'.
  Property 'id' does not exist on type '{ created_at: string; org_id: string; role: string; user_id: string; }'.
app/api/integrations/twilio/inbound/route.ts(168,21): error TS2769: No overload matches this call.
  Overload 1 of 2, '(relation: "organizations" | "patients" | "audit_log" | "org_members" | "patient_files" | "patient_notes" | "patient_shares" | "user_prefs"): PostgrestQueryBuilder<{ PostgrestVersion: "13.0.4"; }, { ...; }, { ...; } | ... 6 more ... | { ...; }, "organizations" | ... 6 more ... | "user_prefs", [] | ... 4 more ... | [...]>', gave the following error.
    Argument of type '"reminder_logs"' is not assignable to parameter of type '"organizations" | "patients" | "audit_log" | "org_members" | "patient_files" | "patient_notes" | "patient_shares" | "user_prefs"'.
  Overload 2 of 2, '(relation: "v_my_orgs"): PostgrestQueryBuilder<{ PostgrestVersion: "13.0.4"; }, { Tables: { audit_log: { Row: { action: string; actor_email: string | null; actor_id: string | null; created_at: string; data: Json; ... 4 more ...; patient_id: string; }; Insert: { ...; }; Update: { ...; }; Relationships: []; }; ... 6 more ...; user_prefs: { ...; }; }; Views: { ...; }; Functions: { ...; }; Enums: {}; CompositeTypes: {}; }, { ...; }, "v_my_orgs", []>', gave the following error.
    Argument of type '"reminder_logs"' is not assignable to parameter of type '"v_my_orgs"'.
app/api/integrations/twilio/inbound/route.ts(169,7): error TS2769: No overload matches this call.
  Overload 1 of 2, '(values: { action: string; actor_email?: string | null | undefined; actor_id?: string | null | undefined; created_at?: string | undefined; data?: Json | undefined; entity: string; entity_id: string; id?: string | undefined; org_id?: string | ... 1 more ... | undefined; patient_id: string; } | ... 6 more ... | { ...; }, options?: { ...; } | undefined): PostgrestFilterBuilder<...>', gave the following error.
    Object literal may only specify known properties, and 'reminder_id' does not exist in type '{ action: string; actor_email?: string | null | undefined; actor_id?: string | null | undefined; created_at?: string | undefined; data?: Json | undefined; entity: string; entity_id: string; id?: string | undefined; org_id?: string | ... 1 more ... | undefined; patient_id: string; } | ... 6 more ... | { ...; }'.
  Overload 2 of 2, '(values: ({ action: string; actor_email?: string | null | undefined; actor_id?: string | null | undefined; created_at?: string | undefined; data?: Json | undefined; entity: string; entity_id: string; id?: string | undefined; org_id?: string | ... 1 more ... | undefined; patient_id: string; } | ... 6 more ... | { ...; })[], options?: { ...; } | undefined): PostgrestFilterBuilder<...>', gave the following error.
    Object literal may only specify known properties, and 'reminder_id' does not exist in type '({ action: string; actor_email?: string | null | undefined; actor_id?: string | null | undefined; created_at?: string | undefined; data?: Json | undefined; entity: string; entity_id: string; id?: string | undefined; org_id?: string | ... 1 more ... | undefined; patient_id: string; } | ... 6 more ... | { ...; })[]'.
app/api/integrations/twilio/inbound/route.ts(169,25): error TS2339: Property 'id' does not exist on type '{ action: string; actor_email: string | null; actor_id: string | null; created_at: string; data: Json; entity: string; entity_id: string; id: string; org_id: string | null; patient_id: string; } | ... 6 more ... | { ...; }'.
  Property 'id' does not exist on type '{ created_at: string; org_id: string; role: string; user_id: string; }'.
app/api/integrations/twilio/status/route.ts(24,11): error TS2769: No overload matches this call.
  Overload 1 of 2, '(relation: "organizations" | "patients" | "audit_log" | "org_members" | "patient_files" | "patient_notes" | "patient_shares" | "user_prefs"): PostgrestQueryBuilder<{ PostgrestVersion: "13.0.4"; }, { ...; }, { ...; } | ... 6 more ... | { ...; }, "organizations" | ... 6 more ... | "user_prefs", [] | ... 4 more ... | [...]>', gave the following error.
    Argument of type '"reminder_logs"' is not assignable to parameter of type '"organizations" | "patients" | "audit_log" | "org_members" | "patient_files" | "patient_notes" | "patient_shares" | "user_prefs"'.
  Overload 2 of 2, '(relation: "v_my_orgs"): PostgrestQueryBuilder<{ PostgrestVersion: "13.0.4"; }, { Tables: { audit_log: { Row: { action: string; actor_email: string | null; actor_id: string | null; created_at: string; data: Json; ... 4 more ...; patient_id: string; }; Insert: { ...; }; Update: { ...; }; Relationships: []; }; ... 6 more ...; user_prefs: { ...; }; }; Views: { ...; }; Functions: { ...; }; Enums: {}; CompositeTypes: {}; }, { ...; }, "v_my_orgs", []>', gave the following error.
    Argument of type '"reminder_logs"' is not assignable to parameter of type '"v_my_orgs"'.
app/api/integrations/twilio/status/route.ts(31,13): error TS2769: No overload matches this call.
  Overload 1 of 2, '(relation: "organizations" | "patients" | "audit_log" | "org_members" | "patient_files" | "patient_notes" | "patient_shares" | "user_prefs"): PostgrestQueryBuilder<{ PostgrestVersion: "13.0.4"; }, { ...; }, { ...; } | ... 6 more ... | { ...; }, "organizations" | ... 6 more ... | "user_prefs", [] | ... 4 more ... | [...]>', gave the following error.
    Argument of type '"reminder_logs"' is not assignable to parameter of type '"organizations" | "patients" | "audit_log" | "org_members" | "patient_files" | "patient_notes" | "patient_shares" | "user_prefs"'.
  Overload 2 of 2, '(relation: "v_my_orgs"): PostgrestQueryBuilder<{ PostgrestVersion: "13.0.4"; }, { Tables: { audit_log: { Row: { action: string; actor_email: string | null; actor_id: string | null; created_at: string; data: Json; ... 4 more ...; patient_id: string; }; Insert: { ...; }; Update: { ...; }; Relationships: []; }; ... 6 more ...; user_prefs: { ...; }; }; Views: { ...; }; Functions: { ...; }; Enums: {}; CompositeTypes: {}; }, { ...; }, "v_my_orgs", []>', gave the following error.
    Argument of type '"reminder_logs"' is not assignable to parameter of type '"v_my_orgs"'.
app/api/integrations/twilio/status/route.ts(33,9): error TS2353: Object literal may only specify known properties, and 'status' does not exist in type '{ action?: string | undefined; actor_email?: string | null | undefined; actor_id?: string | null | undefined; created_at?: string | undefined; data?: Json | undefined; entity?: string | undefined; entity_id?: string | undefined; id?: string | undefined; org_id?: string | ... 1 more ... | undefined; patient_id?: stri...'.
app/api/integrations/twilio/status/route.ts(41,26): error TS2339: Property 'id' does not exist on type 'SelectQueryError<"column 'id' does not exist on 'organizations'."> | SelectQueryError<"column 'id' does not exist on 'patients'."> | ... 5 more ... | SelectQueryError<...>'.
  Property 'id' does not exist on type 'SelectQueryError<"column 'id' does not exist on 'organizations'.">'.
app/api/integrations/twilio/status/route.ts(46,13): error TS2769: No overload matches this call.
  Overload 1 of 2, '(relation: "organizations" | "patients" | "audit_log" | "org_members" | "patient_files" | "patient_notes" | "patient_shares" | "user_prefs"): PostgrestQueryBuilder<{ PostgrestVersion: "13.0.4"; }, { ...; }, { ...; } | ... 6 more ... | { ...; }, "organizations" | ... 6 more ... | "user_prefs", [] | ... 4 more ... | [...]>', gave the following error.
    Argument of type '"reminders"' is not assignable to parameter of type '"organizations" | "patients" | "audit_log" | "org_members" | "patient_files" | "patient_notes" | "patient_shares" | "user_prefs"'.
  Overload 2 of 2, '(relation: "v_my_orgs"): PostgrestQueryBuilder<{ PostgrestVersion: "13.0.4"; }, { Tables: { audit_log: { Row: { action: string; actor_email: string | null; actor_id: string | null; created_at: string; data: Json; ... 4 more ...; patient_id: string; }; Insert: { ...; }; Update: { ...; }; Relationships: []; }; ... 6 more ...; user_prefs: { ...; }; }; Views: { ...; }; Functions: { ...; }; Enums: {}; CompositeTypes: {}; }, { ...; }, "v_my_orgs", []>', gave the following error.
    Argument of type '"reminders"' is not assignable to parameter of type '"v_my_orgs"'.
app/api/integrations/twilio/status/route.ts(54,21): error TS2769: No overload matches this call.
  Overload 1 of 2, '(relation: "organizations" | "patients" | "audit_log" | "org_members" | "patient_files" | "patient_notes" | "patient_shares" | "user_prefs"): PostgrestQueryBuilder<{ PostgrestVersion: "13.0.4"; }, { ...; }, { ...; } | ... 6 more ... | { ...; }, "organizations" | ... 6 more ... | "user_prefs", [] | ... 4 more ... | [...]>', gave the following error.
    Argument of type '"reminder_logs"' is not assignable to parameter of type '"organizations" | "patients" | "audit_log" | "org_members" | "patient_files" | "patient_notes" | "patient_shares" | "user_prefs"'.
  Overload 2 of 2, '(relation: "v_my_orgs"): PostgrestQueryBuilder<{ PostgrestVersion: "13.0.4"; }, { Tables: { audit_log: { Row: { action: string; actor_email: string | null; actor_id: string | null; created_at: string; data: Json; ... 4 more ...; patient_id: string; }; Insert: { ...; }; Update: { ...; }; Relationships: []; }; ... 6 more ...; user_prefs: { ...; }; }; Views: { ...; }; Functions: { ...; }; Enums: {}; CompositeTypes: {}; }, { ...; }, "v_my_orgs", []>', gave the following error.
    Argument of type '"reminder_logs"' is not assignable to parameter of type '"v_my_orgs"'.
app/api/integrations/twilio/status/route.ts(55,7): error TS2769: No overload matches this call.
  Overload 1 of 2, '(values: { action: string; actor_email?: string | null | undefined; actor_id?: string | null | undefined; created_at?: string | undefined; data?: Json | undefined; entity: string; entity_id: string; id?: string | undefined; org_id?: string | ... 1 more ... | undefined; patient_id: string; } | ... 6 more ... | { ...; }, options?: { ...; } | undefined): PostgrestFilterBuilder<...>', gave the following error.
    Object literal may only specify known properties, and 'reminder_id' does not exist in type '{ action: string; actor_email?: string | null | undefined; actor_id?: string | null | undefined; created_at?: string | undefined; data?: Json | undefined; entity: string; entity_id: string; id?: string | undefined; org_id?: string | ... 1 more ... | undefined; patient_id: string; } | ... 6 more ... | { ...; }'.
  Overload 2 of 2, '(values: ({ action: string; actor_email?: string | null | undefined; actor_id?: string | null | undefined; created_at?: string | undefined; data?: Json | undefined; entity: string; entity_id: string; id?: string | undefined; org_id?: string | ... 1 more ... | undefined; patient_id: string; } | ... 6 more ... | { ...; })[], options?: { ...; } | undefined): PostgrestFilterBuilder<...>', gave the following error.
    Object literal may only specify known properties, and 'reminder_id' does not exist in type '({ action: string; actor_email?: string | null | undefined; actor_id?: string | null | undefined; created_at?: string | undefined; data?: Json | undefined; entity: string; entity_id: string; id?: string | undefined; org_id?: string | ... 1 more ... | undefined; patient_id: string; } | ... 6 more ... | { ...; })[]'.
app/api/integrations/twilio/status/route.ts(55,25): error TS2339: Property 'id' does not exist on type 'SelectQueryError<"column 'id' does not exist on 'organizations'."> | SelectQueryError<"column 'id' does not exist on 'patients'."> | ... 5 more ... | SelectQueryError<...>'.
  Property 'id' does not exist on type 'SelectQueryError<"column 'id' does not exist on 'organizations'.">'.
app/api/jobs/reminders/build/route.ts(28,11): error TS2769: No overload matches this call.
  Overload 1 of 2, '(relation: "organizations" | "patients" | "audit_log" | "org_members" | "patient_files" | "patient_notes" | "patient_shares" | "user_prefs"): PostgrestQueryBuilder<{ PostgrestVersion: "13.0.4"; }, { ...; }, { ...; } | ... 6 more ... | { ...; }, "organizations" | ... 6 more ... | "user_prefs", [] | ... 4 more ... | [...]>', gave the following error.
    Argument of type '"work_assignments"' is not assignable to parameter of type '"organizations" | "patients" | "audit_log" | "org_members" | "patient_files" | "patient_notes" | "patient_shares" | "user_prefs"'.
  Overload 2 of 2, '(relation: "v_my_orgs"): PostgrestQueryBuilder<{ PostgrestVersion: "13.0.4"; }, { Tables: { audit_log: { Row: { action: string; actor_email: string | null; actor_id: string | null; created_at: string; data: Json; ... 4 more ...; patient_id: string; }; Insert: { ...; }; Update: { ...; }; Relationships: []; }; ... 6 more ...; user_prefs: { ...; }; }; Views: { ...; }; Functions: { ...; }; Enums: {}; CompositeTypes: {}; }, { ...; }, "v_my_orgs", []>', gave the following error.
    Argument of type '"work_assignments"' is not assignable to parameter of type '"v_my_orgs"'.
app/api/jobs/reminders/build/route.ts(41,19): error TS2339: Property 'due_at' does not exist on type 'SelectQueryError<"column 'id' does not exist on 'organizations'."> | SelectQueryError<"column 'id' does not exist on 'patients'."> | ... 5 more ... | SelectQueryError<...>'.
  Property 'due_at' does not exist on type 'SelectQueryError<"column 'id' does not exist on 'organizations'.">'.
app/api/jobs/reminders/build/route.ts(41,39): error TS2339: Property 'due_at' does not exist on type 'SelectQueryError<"column 'id' does not exist on 'organizations'."> | SelectQueryError<"column 'id' does not exist on 'patients'."> | ... 5 more ... | SelectQueryError<...>'.
  Property 'due_at' does not exist on type 'SelectQueryError<"column 'id' does not exist on 'organizations'.">'.
app/api/jobs/reminders/build/route.ts(49,13): error TS2769: No overload matches this call.
  Overload 1 of 2, '(relation: "organizations" | "patients" | "audit_log" | "org_members" | "patient_files" | "patient_notes" | "patient_shares" | "user_prefs"): PostgrestQueryBuilder<{ PostgrestVersion: "13.0.4"; }, { ...; }, { ...; } | ... 6 more ... | { ...; }, "organizations" | ... 6 more ... | "user_prefs", [] | ... 4 more ... | [...]>', gave the following error.
    Argument of type '"reminder_prefs"' is not assignable to parameter of type '"organizations" | "patients" | "audit_log" | "org_members" | "patient_files" | "patient_notes" | "patient_shares" | "user_prefs"'.
  Overload 2 of 2, '(relation: "v_my_orgs"): PostgrestQueryBuilder<{ PostgrestVersion: "13.0.4"; }, { Tables: { audit_log: { Row: { action: string; actor_email: string | null; actor_id: string | null; created_at: string; data: Json; ... 4 more ...; patient_id: string; }; Insert: { ...; }; Update: { ...; }; Relationships: []; }; ... 6 more ...; user_prefs: { ...; }; }; Views: { ...; }; Functions: { ...; }; Enums: {}; CompositeTypes: {}; }, { ...; }, "v_my_orgs", []>', gave the following error.
    Argument of type '"reminder_prefs"' is not assignable to parameter of type '"v_my_orgs"'.
app/api/jobs/reminders/build/route.ts(51,23): error TS2339: Property 'org_id' does not exist on type 'SelectQueryError<"column 'id' does not exist on 'organizations'."> | SelectQueryError<"column 'id' does not exist on 'patients'."> | ... 5 more ... | SelectQueryError<...>'.
  Property 'org_id' does not exist on type 'SelectQueryError<"column 'id' does not exist on 'organizations'.">'.
app/api/jobs/reminders/build/route.ts(52,28): error TS2339: Property 'provider_id' does not exist on type 'SelectQueryError<"column 'id' does not exist on 'organizations'."> | SelectQueryError<"column 'id' does not exist on 'patients'."> | ... 5 more ... | SelectQueryError<...>'.
  Property 'provider_id' does not exist on type 'SelectQueryError<"column 'id' does not exist on 'organizations'.">'.
app/api/jobs/reminders/build/route.ts(57,17): error TS2339: Property 'tz' does not exist on type '{ action: string; actor_email: string | null; actor_id: string | null; created_at: string; data: Json; entity: string; entity_id: string; id: string; org_id: string | null; patient_id: string; } | ... 6 more ... | { ...; }'.
  Property 'tz' does not exist on type '{ action: string; actor_email: string | null; actor_id: string | null; created_at: string; data: Json; entity: string; entity_id: string; id: string; org_id: string | null; patient_id: string; }'.
app/api/jobs/reminders/build/route.ts(58,27): error TS2339: Property 'window_start' does not exist on type '{ action: string; actor_email: string | null; actor_id: string | null; created_at: string; data: Json; entity: string; entity_id: string; id: string; org_id: string | null; patient_id: string; } | ... 6 more ... | { ...; }'.
  Property 'window_start' does not exist on type '{ action: string; actor_email: string | null; actor_id: string | null; created_at: string; data: Json; entity: string; entity_id: string; id: string; org_id: string | null; patient_id: string; }'.
app/api/jobs/reminders/build/route.ts(59,25): error TS2339: Property 'window_end' does not exist on type '{ action: string; actor_email: string | null; actor_id: string | null; created_at: string; data: Json; entity: string; entity_id: string; id: string; org_id: string | null; patient_id: string; } | ... 6 more ... | { ...; }'.
  Property 'window_end' does not exist on type '{ action: string; actor_email: string | null; actor_id: string | null; created_at: string; data: Json; entity: string; entity_id: string; id: string; org_id: string | null; patient_id: string; }'.
app/api/jobs/reminders/build/route.ts(60,27): error TS2339: Property 'days_of_week' does not exist on type '{ action: string; actor_email: string | null; actor_id: string | null; created_at: string; data: Json; entity: string; entity_id: string; id: string; org_id: string | null; patient_id: string; } | ... 6 more ... | { ...; }'.
  Property 'days_of_week' does not exist on type '{ action: string; actor_email: string | null; actor_id: string | null; created_at: string; data: Json; entity: string; entity_id: string; id: string; org_id: string | null; patient_id: string; }'.
app/api/jobs/reminders/build/route.ts(61,33): error TS2339: Property 'channels_priority' does not exist on type '{ action: string; actor_email: string | null; actor_id: string | null; created_at: string; data: Json; entity: string; entity_id: string; id: string; org_id: string | null; patient_id: string; } | ... 6 more ... | { ...; }'.
  Property 'channels_priority' does not exist on type '{ action: string; actor_email: string | null; actor_id: string | null; created_at: string; data: Json; entity: string; entity_id: string; id: string; org_id: string | null; patient_id: string; }'.
app/api/jobs/reminders/build/route.ts(66,13): error TS2769: No overload matches this call.
  Overload 1 of 2, '(relation: "organizations" | "patients" | "audit_log" | "org_members" | "patient_files" | "patient_notes" | "patient_shares" | "user_prefs"): PostgrestQueryBuilder<{ PostgrestVersion: "13.0.4"; }, { ...; }, { ...; } | ... 6 more ... | { ...; }, "organizations" | ... 6 more ... | "user_prefs", [] | ... 4 more ... | [...]>', gave the following error.
    Argument of type '"reminder_queue"' is not assignable to parameter of type '"organizations" | "patients" | "audit_log" | "org_members" | "patient_files" | "patient_notes" | "patient_shares" | "user_prefs"'.
  Overload 2 of 2, '(relation: "v_my_orgs"): PostgrestQueryBuilder<{ PostgrestVersion: "13.0.4"; }, { Tables: { audit_log: { Row: { action: string; actor_email: string | null; actor_id: string | null; created_at: string; data: Json; ... 4 more ...; patient_id: string; }; Insert: { ...; }; Update: { ...; }; Relationships: []; }; ... 6 more ...; user_prefs: { ...; }; }; Views: { ...; }; Functions: { ...; }; Enums: {}; CompositeTypes: {}; }, { ...; }, "v_my_orgs", []>', gave the following error.
    Argument of type '"reminder_queue"' is not assignable to parameter of type '"v_my_orgs"'.
app/api/jobs/reminders/build/route.ts(68,23): error TS2339: Property 'org_id' does not exist on type 'SelectQueryError<"column 'id' does not exist on 'organizations'."> | SelectQueryError<"column 'id' does not exist on 'patients'."> | ... 5 more ... | SelectQueryError<...>'.
  Property 'org_id' does not exist on type 'SelectQueryError<"column 'id' does not exist on 'organizations'.">'.
app/api/jobs/reminders/build/route.ts(69,30): error TS2339: Property 'id' does not exist on type 'SelectQueryError<"column 'id' does not exist on 'organizations'."> | SelectQueryError<"column 'id' does not exist on 'patients'."> | ... 5 more ... | SelectQueryError<...>'.
  Property 'id' does not exist on type 'SelectQueryError<"column 'id' does not exist on 'organizations'.">'.
app/api/jobs/reminders/build/route.ts(73,17): error TS2339: Property 'id' does not exist on type 'SelectQueryError<"column 'id' does not exist on 'organizations'."> | SelectQueryError<"column 'id' does not exist on 'patients'."> | ... 5 more ... | SelectQueryError<...>'.
  Property 'id' does not exist on type 'SelectQueryError<"column 'id' does not exist on 'organizations'.">'.
app/api/jobs/reminders/build/route.ts(76,17): error TS2339: Property 'module' does not exist on type 'SelectQueryError<"column 'id' does not exist on 'organizations'."> | SelectQueryError<"column 'id' does not exist on 'patients'."> | ... 5 more ... | SelectQueryError<...>'.
  Property 'module' does not exist on type 'SelectQueryError<"column 'id' does not exist on 'organizations'.">'.
app/api/jobs/reminders/build/route.ts(77,27): error TS2339: Property 'title' does not exist on type 'SelectQueryError<"column 'id' does not exist on 'organizations'."> | SelectQueryError<"column 'id' does not exist on 'patients'."> | ... 5 more ... | SelectQueryError<...>'.
  Property 'title' does not exist on type 'SelectQueryError<"column 'id' does not exist on 'organizations'.">'.
app/api/jobs/reminders/build/route.ts(78,17): error TS2339: Property 'due_at' does not exist on type 'SelectQueryError<"column 'id' does not exist on 'organizations'."> | SelectQueryError<"column 'id' does not exist on 'patients'."> | ... 5 more ... | SelectQueryError<...>'.
  Property 'due_at' does not exist on type 'SelectQueryError<"column 'id' does not exist on 'organizations'.">'.
app/api/jobs/reminders/build/route.ts(81,42): error TS2769: No overload matches this call.
  Overload 1 of 2, '(relation: "organizations" | "patients" | "audit_log" | "org_members" | "patient_files" | "patient_notes" | "patient_shares" | "user_prefs"): PostgrestQueryBuilder<{ PostgrestVersion: "13.0.4"; }, { ...; }, { ...; } | ... 6 more ... | { ...; }, "organizations" | ... 6 more ... | "user_prefs", [] | ... 4 more ... | [...]>', gave the following error.
    Argument of type '"reminder_queue"' is not assignable to parameter of type '"organizations" | "patients" | "audit_log" | "org_members" | "patient_files" | "patient_notes" | "patient_shares" | "user_prefs"'.
  Overload 2 of 2, '(relation: "v_my_orgs"): PostgrestQueryBuilder<{ PostgrestVersion: "13.0.4"; }, { Tables: { audit_log: { Row: { action: string; actor_email: string | null; actor_id: string | null; created_at: string; data: Json; ... 4 more ...; patient_id: string; }; Insert: { ...; }; Update: { ...; }; Relationships: []; }; ... 6 more ...; user_prefs: { ...; }; }; Views: { ...; }; Functions: { ...; }; Enums: {}; CompositeTypes: {}; }, { ...; }, "v_my_orgs", []>', gave the following error.
    Argument of type '"reminder_queue"' is not assignable to parameter of type '"v_my_orgs"'.
app/api/jobs/reminders/build/route.ts(81,60): error TS2769: No overload matches this call.
  Overload 1 of 2, '(values: { action: string; actor_email?: string | null | undefined; actor_id?: string | null | undefined; created_at?: string | undefined; data?: Json | undefined; entity: string; entity_id: string; id?: string | undefined; org_id?: string | ... 1 more ... | undefined; patient_id: string; } | ... 6 more ... | { ...; }, options?: { ...; } | undefined): PostgrestFilterBuilder<...>', gave the following error.
    Object literal may only specify known properties, and 'provider_id' does not exist in type '{ action: string; actor_email?: string | null | undefined; actor_id?: string | null | undefined; created_at?: string | undefined; data?: Json | undefined; entity: string; entity_id: string; id?: string | undefined; org_id?: string | ... 1 more ... | undefined; patient_id: string; } | ... 6 more ... | { ...; }'.
  Overload 2 of 2, '(values: ({ action: string; actor_email?: string | null | undefined; actor_id?: string | null | undefined; created_at?: string | undefined; data?: Json | undefined; entity: string; entity_id: string; id?: string | undefined; org_id?: string | ... 1 more ... | undefined; patient_id: string; } | ... 6 more ... | { ...; })[], options?: { ...; } | undefined): PostgrestFilterBuilder<...>', gave the following error.
    Object literal may only specify known properties, and 'org_id' does not exist in type '({ action: string; actor_email?: string | null | undefined; actor_id?: string | null | undefined; created_at?: string | undefined; data?: Json | undefined; entity: string; entity_id: string; id?: string | undefined; org_id?: string | ... 1 more ... | undefined; patient_id: string; } | ... 6 more ... | { ...; })[]'.
app/api/jobs/reminders/build/route.ts(82,17): error TS2339: Property 'org_id' does not exist on type 'SelectQueryError<"column 'id' does not exist on 'organizations'."> | SelectQueryError<"column 'id' does not exist on 'patients'."> | ... 5 more ... | SelectQueryError<...>'.
  Property 'org_id' does not exist on type 'SelectQueryError<"column 'id' does not exist on 'organizations'.">'.
app/api/jobs/reminders/build/route.ts(83,21): error TS2339: Property 'patient_id' does not exist on type 'SelectQueryError<"column 'id' does not exist on 'organizations'."> | SelectQueryError<"column 'id' does not exist on 'patients'."> | ... 5 more ... | SelectQueryError<...>'.
  Property 'patient_id' does not exist on type 'SelectQueryError<"column 'id' does not exist on 'organizations'.">'.
app/api/jobs/reminders/build/route.ts(84,22): error TS2339: Property 'provider_id' does not exist on type 'SelectQueryError<"column 'id' does not exist on 'organizations'."> | SelectQueryError<"column 'id' does not exist on 'patients'."> | ... 5 more ... | SelectQueryError<...>'.
  Property 'provider_id' does not exist on type 'SelectQueryError<"column 'id' does not exist on 'organizations'.">'.
app/api/jobs/reminders/build/route.ts(85,24): error TS2339: Property 'id' does not exist on type 'SelectQueryError<"column 'id' does not exist on 'organizations'."> | SelectQueryError<"column 'id' does not exist on 'patients'."> | ... 5 more ... | SelectQueryError<...>'.
  Property 'id' does not exist on type 'SelectQueryError<"column 'id' does not exist on 'organizations'.">'.
app/api/jobs/reminders/dispatch/route.ts(25,11): error TS2769: No overload matches this call.
  Overload 1 of 2, '(relation: "organizations" | "patients" | "audit_log" | "org_members" | "patient_files" | "patient_notes" | "patient_shares" | "user_prefs"): PostgrestQueryBuilder<{ PostgrestVersion: "13.0.4"; }, { ...; }, { ...; } | ... 6 more ... | { ...; }, "organizations" | ... 6 more ... | "user_prefs", [] | ... 4 more ... | [...]>', gave the following error.
    Argument of type '"reminder_queue"' is not assignable to parameter of type '"organizations" | "patients" | "audit_log" | "org_members" | "patient_files" | "patient_notes" | "patient_shares" | "user_prefs"'.
  Overload 2 of 2, '(relation: "v_my_orgs"): PostgrestQueryBuilder<{ PostgrestVersion: "13.0.4"; }, { Tables: { audit_log: { Row: { action: string; actor_email: string | null; actor_id: string | null; created_at: string; data: Json; ... 4 more ...; patient_id: string; }; Insert: { ...; }; Update: { ...; }; Relationships: []; }; ... 6 more ...; user_prefs: { ...; }; }; Views: { ...; }; Functions: { ...; }; Enums: {}; CompositeTypes: {}; }, { ...; }, "v_my_orgs", []>', gave the following error.
    Argument of type '"reminder_queue"' is not assignable to parameter of type '"v_my_orgs"'.
app/api/jobs/reminders/dispatch/route.ts(43,13): error TS2769: No overload matches this call.
  Overload 1 of 2, '(relation: "organizations" | "patients" | "audit_log" | "org_members" | "patient_files" | "patient_notes" | "patient_shares" | "user_prefs"): PostgrestQueryBuilder<{ PostgrestVersion: "13.0.4"; }, { ...; }, { ...; } | ... 6 more ... | { ...; }, "organizations" | ... 6 more ... | "user_prefs", [] | ... 4 more ... | [...]>', gave the following error.
    Argument of type '"work_assignments"' is not assignable to parameter of type '"organizations" | "patients" | "audit_log" | "org_members" | "patient_files" | "patient_notes" | "patient_shares" | "user_prefs"'.
  Overload 2 of 2, '(relation: "v_my_orgs"): PostgrestQueryBuilder<{ PostgrestVersion: "13.0.4"; }, { Tables: { audit_log: { Row: { action: string; actor_email: string | null; actor_id: string | null; created_at: string; data: Json; ... 4 more ...; patient_id: string; }; Insert: { ...; }; Update: { ...; }; Relationships: []; }; ... 6 more ...; user_prefs: { ...; }; }; Views: { ...; }; Functions: { ...; }; Enums: {}; CompositeTypes: {}; }, { ...; }, "v_my_orgs", []>', gave the following error.
    Argument of type '"work_assignments"' is not assignable to parameter of type '"v_my_orgs"'.
app/api/jobs/reminders/dispatch/route.ts(45,20): error TS2339: Property 'assignment_id' does not exist on type 'SelectQueryError<"column 'id' does not exist on 'organizations'."> | SelectQueryError<"column 'id' does not exist on 'patients'."> | ... 5 more ... | SelectQueryError<...>'.
  Property 'assignment_id' does not exist on type 'SelectQueryError<"column 'id' does not exist on 'organizations'.">'.
app/api/jobs/reminders/dispatch/route.ts(49,35): error TS2339: Property 'status' does not exist on type 'SelectQueryError<"column 'id' does not exist on 'organizations'."> | SelectQueryError<"column 'id' does not exist on 'patients'."> | ... 5 more ... | SelectQueryError<...>'.
  Property 'status' does not exist on type 'SelectQueryError<"column 'id' does not exist on 'organizations'.">'.
app/api/jobs/reminders/dispatch/route.ts(50,22): error TS2769: No overload matches this call.
  Overload 1 of 2, '(relation: "organizations" | "patients" | "audit_log" | "org_members" | "patient_files" | "patient_notes" | "patient_shares" | "user_prefs"): PostgrestQueryBuilder<{ PostgrestVersion: "13.0.4"; }, { ...; }, { ...; } | ... 6 more ... | { ...; }, "organizations" | ... 6 more ... | "user_prefs", [] | ... 4 more ... | [...]>', gave the following error.
    Argument of type '"reminder_queue"' is not assignable to parameter of type '"organizations" | "patients" | "audit_log" | "org_members" | "patient_files" | "patient_notes" | "patient_shares" | "user_prefs"'.
  Overload 2 of 2, '(relation: "v_my_orgs"): PostgrestQueryBuilder<{ PostgrestVersion: "13.0.4"; }, { Tables: { audit_log: { Row: { action: string; actor_email: string | null; actor_id: string | null; created_at: string; data: Json; ... 4 more ...; patient_id: string; }; Insert: { ...; }; Update: { ...; }; Relationships: []; }; ... 6 more ...; user_prefs: { ...; }; }; Views: { ...; }; Functions: { ...; }; Enums: {}; CompositeTypes: {}; }, { ...; }, "v_my_orgs", []>', gave the following error.
    Argument of type '"reminder_queue"' is not assignable to parameter of type '"v_my_orgs"'.
app/api/jobs/reminders/dispatch/route.ts(50,49): error TS2353: Object literal may only specify known properties, and 'status' does not exist in type '{ action?: string | undefined; actor_email?: string | null | undefined; actor_id?: string | null | undefined; created_at?: string | undefined; data?: Json | undefined; entity?: string | undefined; entity_id?: string | undefined; id?: string | undefined; org_id?: string | ... 1 more ... | undefined; patient_id?: stri...'.
app/api/jobs/reminders/dispatch/route.ts(50,83): error TS2339: Property 'id' does not exist on type 'SelectQueryError<"column 'id' does not exist on 'organizations'."> | SelectQueryError<"column 'id' does not exist on 'patients'."> | ... 5 more ... | SelectQueryError<...>'.
  Property 'id' does not exist on type 'SelectQueryError<"column 'id' does not exist on 'organizations'.">'.
app/api/jobs/reminders/dispatch/route.ts(54,54): error TS2339: Property 'template_slug' does not exist on type 'SelectQueryError<"column 'id' does not exist on 'organizations'."> | SelectQueryError<"column 'id' does not exist on 'patients'."> | ... 5 more ... | SelectQueryError<...>'.
  Property 'template_slug' does not exist on type 'SelectQueryError<"column 'id' does not exist on 'organizations'.">'.
app/api/jobs/reminders/dispatch/route.ts(57,27): error TS2339: Property 'channel' does not exist on type 'SelectQueryError<"column 'id' does not exist on 'organizations'."> | SelectQueryError<"column 'id' does not exist on 'patients'."> | ... 5 more ... | SelectQueryError<...>'.
  Property 'channel' does not exist on type 'SelectQueryError<"column 'id' does not exist on 'organizations'.">'.
app/api/jobs/reminders/dispatch/route.ts(66,20): error TS2339: Property 'org_id' does not exist on type 'SelectQueryError<"column 'id' does not exist on 'organizations'."> | SelectQueryError<"column 'id' does not exist on 'patients'."> | ... 5 more ... | SelectQueryError<...>'.
  Property 'org_id' does not exist on type 'SelectQueryError<"column 'id' does not exist on 'organizations'.">'.
app/api/jobs/reminders/dispatch/route.ts(67,32): error TS2339: Property 'patient_id' does not exist on type 'SelectQueryError<"column 'id' does not exist on 'organizations'."> | SelectQueryError<"column 'id' does not exist on 'patients'."> | ... 5 more ... | SelectQueryError<...>'.
  Property 'patient_id' does not exist on type 'SelectQueryError<"column 'id' does not exist on 'organizations'.">'.
app/api/jobs/reminders/dispatch/route.ts(75,15): error TS2769: No overload matches this call.
  Overload 1 of 2, '(relation: "organizations" | "patients" | "audit_log" | "org_members" | "patient_files" | "patient_notes" | "patient_shares" | "user_prefs"): PostgrestQueryBuilder<{ PostgrestVersion: "13.0.4"; }, { ...; }, { ...; } | ... 6 more ... | { ...; }, "organizations" | ... 6 more ... | "user_prefs", [] | ... 4 more ... | [...]>', gave the following error.
    Argument of type '"reminder_queue"' is not assignable to parameter of type '"organizations" | "patients" | "audit_log" | "org_members" | "patient_files" | "patient_notes" | "patient_shares" | "user_prefs"'.
  Overload 2 of 2, '(relation: "v_my_orgs"): PostgrestQueryBuilder<{ PostgrestVersion: "13.0.4"; }, { Tables: { audit_log: { Row: { action: string; actor_email: string | null; actor_id: string | null; created_at: string; data: Json; ... 4 more ...; patient_id: string; }; Insert: { ...; }; Update: { ...; }; Relationships: []; }; ... 6 more ...; user_prefs: { ...; }; }; Views: { ...; }; Functions: { ...; }; Enums: {}; CompositeTypes: {}; }, { ...; }, "v_my_orgs", []>', gave the following error.
    Argument of type '"reminder_queue"' is not assignable to parameter of type '"v_my_orgs"'.
app/api/jobs/reminders/dispatch/route.ts(77,11): error TS2353: Object literal may only specify known properties, and 'status' does not exist in type '{ action?: string | undefined; actor_email?: string | null | undefined; actor_id?: string | null | undefined; created_at?: string | undefined; data?: Json | undefined; entity?: string | undefined; entity_id?: string | undefined; id?: string | undefined; org_id?: string | ... 1 more ... | undefined; patient_id?: stri...'.
app/api/jobs/reminders/dispatch/route.ts(80,29): error TS2339: Property 'attempt_count' does not exist on type 'SelectQueryError<"column 'id' does not exist on 'organizations'."> | SelectQueryError<"column 'id' does not exist on 'patients'."> | ... 5 more ... | SelectQueryError<...>'.
  Property 'attempt_count' does not exist on type 'SelectQueryError<"column 'id' does not exist on 'organizations'.">'.
app/api/jobs/reminders/dispatch/route.ts(82,22): error TS2339: Property 'id' does not exist on type 'SelectQueryError<"column 'id' does not exist on 'organizations'."> | SelectQueryError<"column 'id' does not exist on 'patients'."> | ... 5 more ... | SelectQueryError<...>'.
  Property 'id' does not exist on type 'SelectQueryError<"column 'id' does not exist on 'organizations'.">'.
app/api/jobs/reminders/dispatch/route.ts(89,13): error TS2769: No overload matches this call.
  Overload 1 of 2, '(relation: "organizations" | "patients" | "audit_log" | "org_members" | "patient_files" | "patient_notes" | "patient_shares" | "user_prefs"): PostgrestQueryBuilder<{ PostgrestVersion: "13.0.4"; }, { ...; }, { ...; } | ... 6 more ... | { ...; }, "organizations" | ... 6 more ... | "user_prefs", [] | ... 4 more ... | [...]>', gave the following error.
    Argument of type '"reminder_prefs"' is not assignable to parameter of type '"organizations" | "patients" | "audit_log" | "org_members" | "patient_files" | "patient_notes" | "patient_shares" | "user_prefs"'.
  Overload 2 of 2, '(relation: "v_my_orgs"): PostgrestQueryBuilder<{ PostgrestVersion: "13.0.4"; }, { Tables: { audit_log: { Row: { action: string; actor_email: string | null; actor_id: string | null; created_at: string; data: Json; ... 4 more ...; patient_id: string; }; Insert: { ...; }; Update: { ...; }; Relationships: []; }; ... 6 more ...; user_prefs: { ...; }; }; Views: { ...; }; Functions: { ...; }; Enums: {}; CompositeTypes: {}; }, { ...; }, "v_my_orgs", []>', gave the following error.
    Argument of type '"reminder_prefs"' is not assignable to parameter of type '"v_my_orgs"'.
app/api/jobs/reminders/dispatch/route.ts(91,24): error TS2339: Property 'org_id' does not exist on type 'SelectQueryError<"column 'id' does not exist on 'organizations'."> | SelectQueryError<"column 'id' does not exist on 'patients'."> | ... 5 more ... | SelectQueryError<...>'.
  Property 'org_id' does not exist on type 'SelectQueryError<"column 'id' does not exist on 'organizations'.">'.
app/api/jobs/reminders/dispatch/route.ts(92,29): error TS2339: Property 'provider_id' does not exist on type 'SelectQueryError<"column 'id' does not exist on 'organizations'."> | SelectQueryError<"column 'id' does not exist on 'patients'."> | ... 5 more ... | SelectQueryError<...>'.
  Property 'provider_id' does not exist on type 'SelectQueryError<"column 'id' does not exist on 'organizations'.">'.
app/api/jobs/reminders/dispatch/route.ts(97,19): error TS2339: Property 'attempt_count' does not exist on type 'SelectQueryError<"column 'id' does not exist on 'organizations'."> | SelectQueryError<"column 'id' does not exist on 'patients'."> | ... 5 more ... | SelectQueryError<...>'.
  Property 'attempt_count' does not exist on type 'SelectQueryError<"column 'id' does not exist on 'organizations'.">'.
app/api/jobs/reminders/dispatch/route.ts(98,26): error TS2339: Property 'max_retries' does not exist on type '{ action: string; actor_email: string | null; actor_id: string | null; created_at: string; data: Json; entity: string; entity_id: string; id: string; org_id: string | null; patient_id: string; } | ... 6 more ... | { ...; }'.
  Property 'max_retries' does not exist on type '{ action: string; actor_email: string | null; actor_id: string | null; created_at: string; data: Json; entity: string; entity_id: string; id: string; org_id: string | null; patient_id: string; }'.
app/api/jobs/reminders/dispatch/route.ts(99,32): error TS2339: Property 'retry_backoff_min' does not exist on type '{ action: string; actor_email: string | null; actor_id: string | null; created_at: string; data: Json; entity: string; entity_id: string; id: string; org_id: string | null; patient_id: string; } | ... 6 more ... | { ...; }'.
  Property 'retry_backoff_min' does not exist on type '{ action: string; actor_email: string | null; actor_id: string | null; created_at: string; data: Json; entity: string; entity_id: string; id: string; org_id: string | null; patient_id: string; }'.
app/api/jobs/reminders/dispatch/route.ts(100,17): error TS2339: Property 'tz' does not exist on type '{ action: string; actor_email: string | null; actor_id: string | null; created_at: string; data: Json; entity: string; entity_id: string; id: string; org_id: string | null; patient_id: string; } | ... 6 more ... | { ...; }'.
  Property 'tz' does not exist on type '{ action: string; actor_email: string | null; actor_id: string | null; created_at: string; data: Json; entity: string; entity_id: string; id: string; org_id: string | null; patient_id: string; }'.
app/api/jobs/reminders/dispatch/route.ts(101,27): error TS2339: Property 'window_start' does not exist on type '{ action: string; actor_email: string | null; actor_id: string | null; created_at: string; data: Json; entity: string; entity_id: string; id: string; org_id: string | null; patient_id: string; } | ... 6 more ... | { ...; }'.
  Property 'window_start' does not exist on type '{ action: string; actor_email: string | null; actor_id: string | null; created_at: string; data: Json; entity: string; entity_id: string; id: string; org_id: string | null; patient_id: string; }'.
app/api/jobs/reminders/dispatch/route.ts(102,25): error TS2339: Property 'window_end' does not exist on type '{ action: string; actor_email: string | null; actor_id: string | null; created_at: string; data: Json; entity: string; entity_id: string; id: string; org_id: string | null; patient_id: string; } | ... 6 more ... | { ...; }'.
  Property 'window_end' does not exist on type '{ action: string; actor_email: string | null; actor_id: string | null; created_at: string; data: Json; entity: string; entity_id: string; id: string; org_id: string | null; patient_id: string; }'.
app/api/jobs/reminders/dispatch/route.ts(103,27): error TS2339: Property 'days_of_week' does not exist on type '{ action: string; actor_email: string | null; actor_id: string | null; created_at: string; data: Json; entity: string; entity_id: string; id: string; org_id: string | null; patient_id: string; } | ... 6 more ... | { ...; }'.
  Property 'days_of_week' does not exist on type '{ action: string; actor_email: string | null; actor_id: string | null; created_at: string; data: Json; entity: string; entity_id: string; id: string; org_id: string | null; patient_id: string; }'.
app/api/jobs/reminders/dispatch/route.ts(108,15): error TS2769: No overload matches this call.
  Overload 1 of 2, '(relation: "organizations" | "patients" | "audit_log" | "org_members" | "patient_files" | "patient_notes" | "patient_shares" | "user_prefs"): PostgrestQueryBuilder<{ PostgrestVersion: "13.0.4"; }, { ...; }, { ...; } | ... 6 more ... | { ...; }, "organizations" | ... 6 more ... | "user_prefs", [] | ... 4 more ... | [...]>', gave the following error.
    Argument of type '"reminder_queue"' is not assignable to parameter of type '"organizations" | "patients" | "audit_log" | "org_members" | "patient_files" | "patient_notes" | "patient_shares" | "user_prefs"'.
  Overload 2 of 2, '(relation: "v_my_orgs"): PostgrestQueryBuilder<{ PostgrestVersion: "13.0.4"; }, { Tables: { audit_log: { Row: { action: string; actor_email: string | null; actor_id: string | null; created_at: string; data: Json; ... 4 more ...; patient_id: string; }; Insert: { ...; }; Update: { ...; }; Relationships: []; }; ... 6 more ...; user_prefs: { ...; }; }; Views: { ...; }; Functions: { ...; }; Enums: {}; CompositeTypes: {}; }, { ...; }, "v_my_orgs", []>', gave the following error.
    Argument of type '"reminder_queue"' is not assignable to parameter of type '"v_my_orgs"'.
app/api/jobs/reminders/dispatch/route.ts(110,11): error TS2353: Object literal may only specify known properties, and 'status' does not exist in type '{ action?: string | undefined; actor_email?: string | null | undefined; actor_id?: string | null | undefined; created_at?: string | undefined; data?: Json | undefined; entity?: string | undefined; entity_id?: string | undefined; id?: string | undefined; org_id?: string | ... 1 more ... | undefined; patient_id?: stri...'.
app/api/jobs/reminders/dispatch/route.ts(112,29): error TS2339: Property 'attempt_count' does not exist on type 'SelectQueryError<"column 'id' does not exist on 'organizations'."> | SelectQueryError<"column 'id' does not exist on 'patients'."> | ... 5 more ... | SelectQueryError<...>'.
  Property 'attempt_count' does not exist on type 'SelectQueryError<"column 'id' does not exist on 'organizations'.">'.
app/api/jobs/reminders/dispatch/route.ts(114,22): error TS2339: Property 'id' does not exist on type 'SelectQueryError<"column 'id' does not exist on 'organizations'."> | SelectQueryError<"column 'id' does not exist on 'patients'."> | ... 5 more ... | SelectQueryError<...>'.
  Property 'id' does not exist on type 'SelectQueryError<"column 'id' does not exist on 'organizations'.">'.
app/api/jobs/reminders/dispatch/route.ts(118,15): error TS2769: No overload matches this call.
  Overload 1 of 2, '(relation: "organizations" | "patients" | "audit_log" | "org_members" | "patient_files" | "patient_notes" | "patient_shares" | "user_prefs"): PostgrestQueryBuilder<{ PostgrestVersion: "13.0.4"; }, { ...; }, { ...; } | ... 6 more ... | { ...; }, "organizations" | ... 6 more ... | "user_prefs", [] | ... 4 more ... | [...]>', gave the following error.
    Argument of type '"reminder_queue"' is not assignable to parameter of type '"organizations" | "patients" | "audit_log" | "org_members" | "patient_files" | "patient_notes" | "patient_shares" | "user_prefs"'.
  Overload 2 of 2, '(relation: "v_my_orgs"): PostgrestQueryBuilder<{ PostgrestVersion: "13.0.4"; }, { Tables: { audit_log: { Row: { action: string; actor_email: string | null; actor_id: string | null; created_at: string; data: Json; ... 4 more ...; patient_id: string; }; Insert: { ...; }; Update: { ...; }; Relationships: []; }; ... 6 more ...; user_prefs: { ...; }; }; Views: { ...; }; Functions: { ...; }; Enums: {}; CompositeTypes: {}; }, { ...; }, "v_my_orgs", []>', gave the following error.
    Argument of type '"reminder_queue"' is not assignable to parameter of type '"v_my_orgs"'.
app/api/jobs/reminders/dispatch/route.ts(120,11): error TS2353: Object literal may only specify known properties, and 'status' does not exist in type '{ action?: string | undefined; actor_email?: string | null | undefined; actor_id?: string | null | undefined; created_at?: string | undefined; data?: Json | undefined; entity?: string | undefined; entity_id?: string | undefined; id?: string | undefined; org_id?: string | ... 1 more ... | undefined; patient_id?: stri...'.
app/api/jobs/reminders/dispatch/route.ts(121,29): error TS2339: Property 'attempt_count' does not exist on type 'SelectQueryError<"column 'id' does not exist on 'organizations'."> | SelectQueryError<"column 'id' does not exist on 'patients'."> | ... 5 more ... | SelectQueryError<...>'.
  Property 'attempt_count' does not exist on type 'SelectQueryError<"column 'id' does not exist on 'organizations'.">'.
app/api/jobs/reminders/dispatch/route.ts(125,22): error TS2339: Property 'id' does not exist on type 'SelectQueryError<"column 'id' does not exist on 'organizations'."> | SelectQueryError<"column 'id' does not exist on 'patients'."> | ... 5 more ... | SelectQueryError<...>'.
  Property 'id' does not exist on type 'SelectQueryError<"column 'id' does not exist on 'organizations'.">'.
app/api/jobs/reminders/run/route.ts(17,37): error TS2345: Argument of type '"reminders_run_due"' is not assignable to parameter of type '"ensure_personal_org_for" | "gtrgm_compress" | "gtrgm_decompress" | "gtrgm_in" | "gtrgm_options" | "gtrgm_out" | "is_member" | "jwt_email" | "log_audit" | "role_at_least" | "role_rank" | "set_limit" | "show_limit" | "show_trgm"'.
app/api/jobs/reports/run/route.ts(98,32): error TS7006: Parameter 'sc' implicitly has an 'any' type.
app/api/lab/upload/route.ts(24,20): error TS7006: Parameter 'b' implicitly has an 'any' type.
app/api/labs/requests/[id]/pdf/route.ts(206,28): error TS2322: Type 'Uint8Array<ArrayBufferLike>' is not assignable to type 'BlobPart'.
  Type 'Uint8Array<ArrayBufferLike>' is not assignable to type 'ArrayBufferView<ArrayBuffer>'.
    Types of property 'buffer' are incompatible.
      Type 'ArrayBufferLike' is not assignable to type 'ArrayBuffer'.
        Type 'SharedArrayBuffer' is missing the following properties from type 'ArrayBuffer': resizable, resize, detached, transfer, transferToFixedLength
app/api/modules/equilibrio/overview/route.ts(65,25): error TS7006: Parameter 'c' implicitly has an 'any' type.
app/api/modules/equilibrio/overview/route.ts(88,26): error TS7006: Parameter 'it' implicitly has an 'any' type.
app/api/modules/mente/overview/route.ts(40,29): error TS7006: Parameter 'x' implicitly has an 'any' type.
app/api/modules/mente/overview/route.ts(42,29): error TS7006: Parameter 'x' implicitly has an 'any' type.
app/api/modules/mente/overview/route.ts(44,31): error TS7006: Parameter 's' implicitly has an 'any' type.
app/api/modules/mente/overview/route.ts(44,34): error TS7006: Parameter 'x' implicitly has an 'any' type.
app/api/modules/sonrisa/quotes/stripe/checkout/route.ts(66,65): error TS2322: Type '"2024-06-20"' is not assignable to type '"2025-08-27.basil"'.
app/api/notify/sms/route.ts(27,44): error TS2339: Property 'value' does not exist on type '{ ok: true; data: { to: string; message: string; org_id?: string | undefined; }; error?: undefined; }'.
app/api/notify/sms/route.ts(27,61): error TS2339: Property 'value' does not exist on type '{ ok: true; data: { to: string; message: string; org_id?: string | undefined; }; error?: undefined; }'.
app/api/notify/whatsapp/route.ts(27,49): error TS2339: Property 'value' does not exist on type '{ ok: true; data: { to: string; message: string; org_id?: string | undefined; }; error?: undefined; }'.
app/api/notify/whatsapp/route.ts(27,66): error TS2339: Property 'value' does not exist on type '{ ok: true; data: { to: string; message: string; org_id?: string | undefined; }; error?: undefined; }'.
app/api/org/features/route.ts(13,68): error TS7006: Parameter 'x' implicitly has an 'any' type.
app/api/patients/[id]/pdf/route.ts(131,28): error TS2322: Type 'Uint8Array<ArrayBufferLike>' is not assignable to type 'BlobPart'.
  Type 'Uint8Array<ArrayBufferLike>' is not assignable to type 'ArrayBufferView<ArrayBuffer>'.
    Types of property 'buffer' are incompatible.
      Type 'ArrayBufferLike' is not assignable to type 'ArrayBuffer'.
        Type 'SharedArrayBuffer' is missing the following properties from type 'ArrayBuffer': resizable, resize, detached, transfer, transferToFixedLength
app/api/patients/[id]/route.ts(40,52): error TS7006: Parameter 'l' implicitly has an 'any' type.
app/api/patients/autocomplete/route.ts(55,29): error TS7006: Parameter 'x' implicitly has an 'any' type.
app/api/prescriptions/[id]/pdf/route.ts(44,37): error TS2347: Untyped function calls may not accept type arguments.
app/api/prescriptions/[id]/pdf2/route.ts(218,27): error TS2345: Argument of type 'Uint8Array<ArrayBufferLike>' is not assignable to parameter of type 'BodyInit | null | undefined'.
  Type 'Uint8Array<ArrayBufferLike>' is missing the following properties from type 'URLSearchParams': size, append, delete, get, and 2 more.
app/api/reminders/templates/preview/route.ts(13,14): error TS2554: Expected 2-3 arguments, but got 1.
app/api/reminders/templates/preview/route.ts(41,76): error TS2345: Argument of type 'Record<any, unknown>' is not assignable to parameter of type 'Record<string, string | number | null | undefined>'.
  'string' index signatures are incompatible.
    Type 'unknown' is not assignable to type 'string | number | null | undefined'.
app/api/reports/agenda/summary/pdf/route.ts(191,25): error TS2345: Argument of type 'Uint8Array<ArrayBufferLike>' is not assignable to parameter of type 'BodyInit | null | undefined'.
  Type 'Uint8Array<ArrayBufferLike>' is missing the following properties from type 'URLSearchParams': size, append, delete, get, and 2 more.
app/api/reports/confirmations/summary/route.ts(35,14): error TS2769: No overload matches this call.
  Overload 1 of 2, '(relation: "organizations" | "patients" | "audit_log" | "org_members" | "patient_files" | "patient_notes" | "patient_shares" | "user_prefs"): PostgrestQueryBuilder<{ PostgrestVersion: "13.0.4"; }, { ...; }, { ...; } | ... 6 more ... | { ...; }, "organizations" | ... 6 more ... | "user_prefs", [] | ... 4 more ... | [...]>', gave the following error.
    Argument of type '"reminders"' is not assignable to parameter of type '"organizations" | "patients" | "audit_log" | "org_members" | "patient_files" | "patient_notes" | "patient_shares" | "user_prefs"'.
  Overload 2 of 2, '(relation: "v_my_orgs"): PostgrestQueryBuilder<{ PostgrestVersion: "13.0.4"; }, { Tables: { audit_log: { Row: { action: string; actor_email: string | null; actor_id: string | null; created_at: string; data: Json; ... 4 more ...; patient_id: string; }; Insert: { ...; }; Update: { ...; }; Relationships: []; }; ... 6 more ...; user_prefs: { ...; }; }; Views: { ...; }; Functions: { ...; }; Enums: {}; CompositeTypes: {}; }, { ...; }, "v_my_orgs", []>', gave the following error.
    Argument of type '"reminders"' is not assignable to parameter of type '"v_my_orgs"'.
app/api/reports/confirmations/summary/route.ts(38,14): error TS2769: No overload matches this call.
  Overload 1 of 2, '(relation: "organizations" | "patients" | "audit_log" | "org_members" | "patient_files" | "patient_notes" | "patient_shares" | "user_prefs"): PostgrestQueryBuilder<{ PostgrestVersion: "13.0.4"; }, { ...; }, { ...; } | ... 6 more ... | { ...; }, "organizations" | ... 6 more ... | "user_prefs", [] | ... 4 more ... | [...]>', gave the following error.
    Argument of type '"reminder_logs"' is not assignable to parameter of type '"organizations" | "patients" | "audit_log" | "org_members" | "patient_files" | "patient_notes" | "patient_shares" | "user_prefs"'.
  Overload 2 of 2, '(relation: "v_my_orgs"): PostgrestQueryBuilder<{ PostgrestVersion: "13.0.4"; }, { Tables: { audit_log: { Row: { action: string; actor_email: string | null; actor_id: string | null; created_at: string; data: Json; ... 4 more ...; patient_id: string; }; Insert: { ...; }; Update: { ...; }; Relationships: []; }; ... 6 more ...; user_prefs: { ...; }; }; Views: { ...; }; Functions: { ...; }; Enums: {}; CompositeTypes: {}; }, { ...; }, "v_my_orgs", []>', gave the following error.
    Argument of type '"reminder_logs"' is not assignable to parameter of type '"v_my_orgs"'.
app/api/reports/confirmations/summary/route.ts(42,14): error TS2769: No overload matches this call.
  Overload 1 of 2, '(relation: "organizations" | "patients" | "audit_log" | "org_members" | "patient_files" | "patient_notes" | "patient_shares" | "user_prefs"): PostgrestQueryBuilder<{ PostgrestVersion: "13.0.4"; }, { ...; }, { ...; } | ... 6 more ... | { ...; }, "organizations" | ... 6 more ... | "user_prefs", [] | ... 4 more ... | [...]>', gave the following error.
    Argument of type '"reminders"' is not assignable to parameter of type '"organizations" | "patients" | "audit_log" | "org_members" | "patient_files" | "patient_notes" | "patient_shares" | "user_prefs"'.
  Overload 2 of 2, '(relation: "v_my_orgs"): PostgrestQueryBuilder<{ PostgrestVersion: "13.0.4"; }, { Tables: { audit_log: { Row: { action: string; actor_email: string | null; actor_id: string | null; created_at: string; data: Json; ... 4 more ...; patient_id: string; }; Insert: { ...; }; Update: { ...; }; Relationships: []; }; ... 6 more ...; user_prefs: { ...; }; }; Views: { ...; }; Functions: { ...; }; Enums: {}; CompositeTypes: {}; }, { ...; }, "v_my_orgs", []>', gave the following error.
    Argument of type '"reminders"' is not assignable to parameter of type '"v_my_orgs"'.
app/api/reports/confirmations/summary/route.ts(45,14): error TS2769: No overload matches this call.
  Overload 1 of 2, '(relation: "organizations" | "patients" | "audit_log" | "org_members" | "patient_files" | "patient_notes" | "patient_shares" | "user_prefs"): PostgrestQueryBuilder<{ PostgrestVersion: "13.0.4"; }, { ...; }, { ...; } | ... 6 more ... | { ...; }, "organizations" | ... 6 more ... | "user_prefs", [] | ... 4 more ... | [...]>', gave the following error.
    Argument of type '"reminder_logs"' is not assignable to parameter of type '"organizations" | "patients" | "audit_log" | "org_members" | "patient_files" | "patient_notes" | "patient_shares" | "user_prefs"'.
  Overload 2 of 2, '(relation: "v_my_orgs"): PostgrestQueryBuilder<{ PostgrestVersion: "13.0.4"; }, { Tables: { audit_log: { Row: { action: string; actor_email: string | null; actor_id: string | null; created_at: string; data: Json; ... 4 more ...; patient_id: string; }; Insert: { ...; }; Update: { ...; }; Relationships: []; }; ... 6 more ...; user_prefs: { ...; }; }; Views: { ...; }; Functions: { ...; }; Enums: {}; CompositeTypes: {}; }, { ...; }, "v_my_orgs", []>', gave the following error.
    Argument of type '"reminder_logs"' is not assignable to parameter of type '"v_my_orgs"'.
app/api/reports/daily-summary/send/route.ts(29,46): error TS2345: Argument of type '"reports_daily_summary_send"' is not assignable to parameter of type '"ensure_personal_org_for" | "gtrgm_compress" | "gtrgm_decompress" | "gtrgm_in" | "gtrgm_options" | "gtrgm_out" | "is_member" | "jwt_email" | "log_audit" | "role_at_least" | "role_rank" | "set_limit" | "show_limit" | "show_trgm"'.
app/api/reports/daily-summary/send/route.ts(47,13): error TS2769: No overload matches this call.
  Overload 1 of 2, '(relation: "organizations" | "patients" | "audit_log" | "org_members" | "patient_files" | "patient_notes" | "patient_shares" | "user_prefs"): PostgrestQueryBuilder<{ PostgrestVersion: "13.0.4"; }, { ...; }, { ...; } | ... 6 more ... | { ...; }, "organizations" | ... 6 more ... | "user_prefs", [] | ... 4 more ... | [...]>', gave the following error.
    Argument of type '"reminder_logs"' is not assignable to parameter of type '"organizations" | "patients" | "audit_log" | "org_members" | "patient_files" | "patient_notes" | "patient_shares" | "user_prefs"'.
  Overload 2 of 2, '(relation: "v_my_orgs"): PostgrestQueryBuilder<{ PostgrestVersion: "13.0.4"; }, { Tables: { audit_log: { Row: { action: string; actor_email: string | null; actor_id: string | null; created_at: string; data: Json; ... 4 more ...; patient_id: string; }; Insert: { ...; }; Update: { ...; }; Relationships: []; }; ... 6 more ...; user_prefs: { ...; }; }; Views: { ...; }; Functions: { ...; }; Enums: {}; CompositeTypes: {}; }, { ...; }, "v_my_orgs", []>', gave the following error.
    Argument of type '"reminder_logs"' is not assignable to parameter of type '"v_my_orgs"'.
app/api/reports/daily-summary/send/route.ts(54,47): error TS2339: Property 'status' does not exist on type 'SelectQueryError<"column 'status' does not exist on 'organizations'."> | SelectQueryError<"column 'status' does not exist on 'patients'."> | ... 5 more ... | SelectQueryError<...>'.
  Property 'status' does not exist on type 'SelectQueryError<"column 'status' does not exist on 'organizations'.">'.
app/api/reports/daily-summary/send/route.ts(55,49): error TS2339: Property 'status' does not exist on type 'SelectQueryError<"column 'status' does not exist on 'organizations'."> | SelectQueryError<"column 'status' does not exist on 'patients'."> | ... 5 more ... | SelectQueryError<...>'.
  Property 'status' does not exist on type 'SelectQueryError<"column 'status' does not exist on 'organizations'.">'.
app/api/reports/daily-summary/send/route.ts(78,15): error TS2769: No overload matches this call.
  Overload 1 of 2, '(relation: "organizations" | "patients" | "audit_log" | "org_members" | "patient_files" | "patient_notes" | "patient_shares" | "user_prefs"): PostgrestQueryBuilder<{ PostgrestVersion: "13.0.4"; }, { ...; }, { ...; } | ... 6 more ... | { ...; }, "organizations" | ... 6 more ... | "user_prefs", [] | ... 4 more ... | [...]>', gave the following error.
    Argument of type '"rehab_sessions"' is not assignable to parameter of type '"organizations" | "patients" | "audit_log" | "org_members" | "patient_files" | "patient_notes" | "patient_shares" | "user_prefs"'.
  Overload 2 of 2, '(relation: "v_my_orgs"): PostgrestQueryBuilder<{ PostgrestVersion: "13.0.4"; }, { Tables: { audit_log: { Row: { action: string; actor_email: string | null; actor_id: string | null; created_at: string; data: Json; ... 4 more ...; patient_id: string; }; Insert: { ...; }; Update: { ...; }; Relationships: []; }; ... 6 more ...; user_prefs: { ...; }; }; Views: { ...; }; Functions: { ...; }; Enums: {}; CompositeTypes: {}; }, { ...; }, "v_my_orgs", []>', gave the following error.
    Argument of type '"rehab_sessions"' is not assignable to parameter of type '"v_my_orgs"'.
app/api/stripe/webhook/route.ts(7,61): error TS2322: Type '"2024-06-20"' is not assignable to type '"2025-08-27.basil"'.
app/api/stripe/webhook/route.ts(35,25): error TS2769: No overload matches this call.
  Overload 1 of 2, '(relation: "organizations" | "patients" | "audit_log" | "org_members" | "patient_files" | "patient_notes" | "patient_shares" | "user_prefs"): PostgrestQueryBuilder<{ PostgrestVersion: "13.0.4"; }, { ...; }, { ...; } | ... 6 more ... | { ...; }, "organizations" | ... 6 more ... | "user_prefs", [] | ... 4 more ... | [...]>', gave the following error.
    Argument of type '"org_features"' is not assignable to parameter of type '"organizations" | "patients" | "audit_log" | "org_members" | "patient_files" | "patient_notes" | "patient_shares" | "user_prefs"'.
  Overload 2 of 2, '(relation: "v_my_orgs"): PostgrestQueryBuilder<{ PostgrestVersion: "13.0.4"; }, { Tables: { audit_log: { Row: { action: string; actor_email: string | null; actor_id: string | null; created_at: string; data: Json; ... 4 more ...; patient_id: string; }; Insert: { ...; }; Update: { ...; }; Relationships: []; }; ... 6 more ...; user_prefs: { ...; }; }; Views: { ...; }; Functions: { ...; }; Enums: {}; CompositeTypes: {}; }, { ...; }, "v_my_orgs", []>', gave the following error.
    Argument of type '"org_features"' is not assignable to parameter of type '"v_my_orgs"'.
app/api/stripe/webhook/route.ts(35,41): error TS2769: No overload matches this call.
  Overload 1 of 2, '(values: { action: string; actor_email?: string | null | undefined; actor_id?: string | null | undefined; created_at?: string | undefined; data?: Json | undefined; entity: string; entity_id: string; id?: string | undefined; org_id?: string | ... 1 more ... | undefined; patient_id: string; } | ... 6 more ... | { ...; }, options?: { ...; } | undefined): PostgrestFilterBuilder<...>', gave the following error.
    Argument of type '{ [x: string]: string | boolean; org_id: string; }' is not assignable to parameter of type '{ action: string; actor_email?: string | null | undefined; actor_id?: string | null | undefined; created_at?: string | undefined; data?: Json | undefined; entity: string; entity_id: string; id?: string | undefined; org_id?: string | ... 1 more ... | undefined; patient_id: string; } | ... 6 more ... | { ...; }'.
      Type '{ [x: string]: string | boolean; org_id: string; }' is missing the following properties from type '{ birthdate?: string | null | undefined; created_at?: string | undefined; edad?: number | null | undefined; email?: string | null | undefined; full_name: string; genero?: string | null | undefined; ... 7 more ...; user_id: string; }': full_name, user_id
  Overload 2 of 2, '(values: ({ action: string; actor_email?: string | null | undefined; actor_id?: string | null | undefined; created_at?: string | undefined; data?: Json | undefined; entity: string; entity_id: string; id?: string | undefined; org_id?: string | ... 1 more ... | undefined; patient_id: string; } | ... 6 more ... | { ...; })[], options?: { ...; } | undefined): PostgrestFilterBuilder<...>', gave the following error.
    Object literal may only specify known properties, and 'org_id' does not exist in type '({ action: string; actor_email?: string | null | undefined; actor_id?: string | null | undefined; created_at?: string | undefined; data?: Json | undefined; entity: string; entity_id: string; id?: string | undefined; org_id?: string | ... 1 more ... | undefined; patient_id: string; } | ... 6 more ... | { ...; })[]'.
app/api/work/assign/route.ts(63,63): error TS7006: Parameter 'r' implicitly has an 'any' type.
app/error.tsx(18,16): error TS2322: Type 'string' is not assignable to type 'number'.
app/error.tsx(24,18): error TS2322: Type 'string' is not assignable to type 'number'.
app/error.tsx(29,20): error TS2322: Type 'string' is not assignable to type 'number'.
app/not-found.tsx(11,16): error TS2322: Type 'string' is not assignable to type 'number'.
app/not-found.tsx(18,20): error TS2322: Type 'string' is not assignable to type 'number'.
app/not-found.tsx(24,20): error TS2322: Type 'string' is not assignable to type 'number'.
components/ExportPDFButton.tsx(85,26): error TS7006: Parameter 'node' implicitly has an 'any' type.
components/Modal.tsx(45,20): error TS2774: This condition will always return true since this function is always defined. Did you mean to call it instead?
components/Navbar.tsx(38,9): error TS2353: Object literal may only specify known properties, and 'emoji' does not exist in type 'ToastInput'.
components/Navbar.tsx(46,7): error TS2353: Object literal may only specify known properties, and 'emoji' does not exist in type 'ToastInput'.
components/Toaster.tsx(27,22): error TS2322: Type 'string' is not assignable to type 'number'.
components/agenda/AppointmentForm.tsx(109,13): error TS2322: Type 'Dispatch<SetStateAction<{ id: string; label: string; } | null>>' is not assignable to type '(p: Item) => void'.
  Types of parameters 'value' and 'p' are incompatible.
    Type 'Item' is not assignable to type 'SetStateAction<{ id: string; label: string; } | null>'.
      Property 'label' is missing in type 'Item' but required in type '{ id: string; label: string; }'.
components/agreements/SendDialog.tsx(89,69): error TS2339: Property 'display_name' does not exist on type 'Hit'.
components/bank/TxTable.tsx(93,11): error TS2322: Type '{ title: string; description: string; action: { label: string; onClick: () => void; }; }' is not assignable to type 'IntrinsicAttributes & { emoji?: string | undefined; title?: string | undefined; hint?: string | undefined; ctaText?: string | undefined; onCta?: (() => void) | undefined; }'.
  Property 'description' does not exist on type 'IntrinsicAttributes & { emoji?: string | undefined; title?: string | undefined; hint?: string | undefined; ctaText?: string | undefined; onCta?: (() => void) | undefined; }'.
components/equilibrio/PlanEditor.tsx(126,13): error TS2322: Type '{ orgId: string; scope: string; onSelect: (p: PatientItem) => void; placeholder: string; }' is not assignable to type 'IntrinsicAttributes & { onSelect?: ((p: Item) => void) | undefined; placeholder?: string | undefined; className?: string | undefined; }'.
  Property 'orgId' does not exist on type 'IntrinsicAttributes & { onSelect?: ((p: Item) => void) | undefined; placeholder?: string | undefined; className?: string | undefined; }'.
components/mente/AssessmentsScreen.tsx(63,13): error TS2322: Type '{ orgId: string; scope: string; onSelect: (p: PatientItem) => void; placeholder: string; }' is not assignable to type 'IntrinsicAttributes & { onSelect?: ((p: Item) => void) | undefined; placeholder?: string | undefined; className?: string | undefined; }'.
  Property 'orgId' does not exist on type 'IntrinsicAttributes & { onSelect?: ((p: Item) => void) | undefined; placeholder?: string | undefined; className?: string | undefined; }'.
components/prescriptions/PrescriptionEditor.tsx(148,13): error TS2322: Type '{ orgId: string; scope: string; onSelect: (p: PatientItem) => void; placeholder: string; }' is not assignable to type 'IntrinsicAttributes & { onSelect?: ((p: Item) => void) | undefined; placeholder?: string | undefined; className?: string | undefined; }'.
  Property 'orgId' does not exist on type 'IntrinsicAttributes & { onSelect?: ((p: Item) => void) | undefined; placeholder?: string | undefined; className?: string | undefined; }'.
components/prescriptions/PrescriptionEditor.tsx(191,27): error TS2322: Type '{ onSelect: (tpl: RxTemplate) => Promise<void>; }' is not assignable to type 'IntrinsicAttributes'.
  Property 'onSelect' does not exist on type 'IntrinsicAttributes'.
components/prescriptions/TemplateEditorModal.tsx(64,18): error TS2322: Type 'string' is not assignable to type 'number'.
components/sonrisa/BudgetEditor.tsx(102,13): error TS2322: Type 'Dispatch<SetStateAction<{ id: string; label: string; } | null>>' is not assignable to type '(p: Item) => void'.
  Types of parameters 'value' and 'p' are incompatible.
    Type 'Item' is not assignable to type 'SetStateAction<{ id: string; label: string; } | null>'.
      Property 'label' is missing in type 'Item' but required in type '{ id: string; label: string; }'.
components/templates/TemplateLibraryModal.tsx(294,56): error TS2345: Argument of type '{ id: string | undefined; org_id: string; name: string; content: PrescriptionTemplateContent; is_active: boolean; } | { id: string | undefined; org_id: string; name: string; content: ReferralTemplateContent; is_active: boolean; }' is not assignable to parameter of type '{ id?: string | undefined; org_id: string; name: string; content: PrescriptionTemplateContent; is_active?: boolean | undefined; }'.
  Type '{ id: string | undefined; org_id: string; name: string; content: ReferralTemplateContent; is_active: boolean; }' is not assignable to type '{ id?: string | undefined; org_id: string; name: string; content: PrescriptionTemplateContent; is_active?: boolean | undefined; }'.
    Types of property 'content' are incompatible.
      Property 'items' is missing in type 'ReferralTemplateContent' but required in type 'PrescriptionTemplateContent'.
components/work/AssignForm.tsx(103,69): error TS2339: Property 'display_name' does not exist on type 'Hit'.
lib/metrics.ts(22,5): error TS2322: Type 'string | null' is not assignable to type 'string | undefined'.
  Type 'null' is not assignable to type 'string | undefined'.
lib/metrics.ts(23,5): error TS2322: Type 'string | null' is not assignable to type 'string | undefined'.
  Type 'null' is not assignable to type 'string | undefined'.
lib/metrics.ts(24,5): error TS2322: Type 'string | null' is not assignable to type 'string | undefined'.
  Type 'null' is not assignable to type 'string | undefined'.
lib/metrics.ts(37,5): error TS2322: Type 'string | null' is not assignable to type 'string | undefined'.
  Type 'null' is not assignable to type 'string | undefined'.
lib/metrics.ts(48,5): error TS2322: Type 'string | null' is not assignable to type 'string | undefined'.
  Type 'null' is not assignable to type 'string | undefined'.
lib/next-themes.tsx(5,3): error TS2724: '"next-themes"' has no exported member named 'ThemeProvider'. Did you mean 'AppThemeProvider'?
lib/next-themes.tsx(6,8): error TS2724: '"next-themes"' has no exported member named 'ThemeProviderProps'. Did you mean 'AppThemeProviderProps'?
lib/org.ts(189,6): error TS2769: No overload matches this call.
  Overload 1 of 2, '(values: { created_at?: string | undefined; created_by: string; id?: string | undefined; is_personal?: boolean | undefined; name: string; owner_user_id?: string | null | undefined; slug?: string | null | undefined; }, options?: { ...; } | undefined): PostgrestFilterBuilder<...>', gave the following error.
    Argument of type '{ owner_user_id: string; name: string; }' is not assignable to parameter of type '{ created_at?: string | undefined; created_by: string; id?: string | undefined; is_personal?: boolean | undefined; name: string; owner_user_id?: string | null | undefined; slug?: string | null | undefined; }'.
      Property 'created_by' is missing in type '{ owner_user_id: string; name: string; }' but required in type '{ created_at?: string | undefined; created_by: string; id?: string | undefined; is_personal?: boolean | undefined; name: string; owner_user_id?: string | null | undefined; slug?: string | null | undefined; }'.
  Overload 2 of 2, '(values: { created_at?: string | undefined; created_by: string; id?: string | undefined; is_personal?: boolean | undefined; name: string; owner_user_id?: string | null | undefined; slug?: string | null | undefined; }[], options?: { ...; } | undefined): PostgrestFilterBuilder<...>', gave the following error.
    Object literal may only specify known properties, and 'owner_user_id' does not exist in type '{ created_at?: string | undefined; created_by: string; id?: string | undefined; is_personal?: boolean | undefined; name: string; owner_user_id?: string | null | undefined; slug?: string | null | undefined; }[]'.
lib/patients.ts(256,66): error TS2769: No overload matches this call.
  Overload 1 of 2, '(values: { birthdate?: string | null | undefined; created_at?: string | undefined; deleted_at?: string | null | undefined; edad?: number | null | undefined; email?: string | null | undefined; ... 10 more ...; user_id: string; }, options?: { ...; } | undefined): PostgrestFilterBuilder<...>', gave the following error.
    Argument of type 'Record<string, unknown>' is not assignable to parameter of type '{ birthdate?: string | null | undefined; created_at?: string | undefined; deleted_at?: string | null | undefined; edad?: number | null | undefined; email?: string | null | undefined; ... 10 more ...; user_id: string; }'.
      Type 'Record<string, unknown>' is missing the following properties from type '{ birthdate?: string | null | undefined; created_at?: string | undefined; deleted_at?: string | null | undefined; edad?: number | null | undefined; email?: string | null | undefined; ... 10 more ...; user_id: string; }': full_name, user_id
  Overload 2 of 2, '(values: { birthdate?: string | null | undefined; created_at?: string | undefined; deleted_at?: string | null | undefined; edad?: number | null | undefined; email?: string | null | undefined; ... 10 more ...; user_id: string; }[], options?: { ...; } | undefined): PostgrestFilterBuilder<...>', gave the following error.
    Argument of type 'Record<string, unknown>' is not assignable to parameter of type '{ birthdate?: string | null | undefined; created_at?: string | undefined; deleted_at?: string | null | undefined; edad?: number | null | undefined; email?: string | null | undefined; ... 10 more ...; user_id: string; }[]'.
      Type 'Record<string, unknown>' is missing the following properties from type '{ birthdate?: string | null | undefined; created_at?: string | undefined; deleted_at?: string | null | undefined; edad?: number | null | undefined; email?: string | null | undefined; ... 10 more ...; user_id: string; }[]': length, pop, push, concat, and 35 more.
lib/prescriptions/templates.ts(37,10): error TS2352: Conversion of type 'SelectQueryError<"column 'content' does not exist on 'prescription_templates'.">[]' to type 'PrescriptionTemplate[]' may be a mistake because neither type sufficiently overlaps with the other. If this was intentional, convert the expression to 'unknown' first.
  Type '{ error: true; } & String' is missing the following properties from type 'PrescriptionTemplate': id, org_id, name, content, is_active
lib/prescriptions/templates.ts(61,15): error TS2561: Object literal may only specify known properties, but 'is_active' does not exist in type '{ active?: boolean | undefined; created_at?: string | undefined; doctor_id?: string | null | undefined; id?: string | undefined; items?: Json | undefined; name?: string | undefined; org_id?: string | undefined; specialty?: string | ... 1 more ... | undefined; }'. Did you mean to write 'active'?
lib/referrals/templates.ts(33,10): error TS2352: Conversion of type 'SelectQueryError<"column 'content' does not exist on 'referral_templates'.">[]' to type 'ReferralTemplate[]' may be a mistake because neither type sufficiently overlaps with the other. If this was intentional, convert the expression to 'unknown' first.
  Type '{ error: true; } & String' is missing the following properties from type 'ReferralTemplate': id, org_id, name, content, is_active
lib/referrals/templates.ts(57,15): error TS2353: Object literal may only specify known properties, and 'is_active' does not exist in type '{ body?: Json | undefined; created_at?: string | undefined; doctor_id?: string | null | undefined; id?: string | undefined; name?: string | undefined; org_id?: string | undefined; specialty?: string | ... 1 more ... | undefined; }'.
lib/reminders/runner.ts(22,11): error TS2769: No overload matches this call.
  Overload 1 of 2, '(relation: "organizations" | "patients" | "audit_log" | "org_members" | "patient_files" | "patient_notes" | "patient_shares" | "user_prefs"): PostgrestQueryBuilder<{ PostgrestVersion: "13.0.4"; }, { ...; }, { ...; } | ... 6 more ... | { ...; }, "organizations" | ... 6 more ... | "user_prefs", [] | ... 4 more ... | [...]>', gave the following error.
    Argument of type '"reminders"' is not assignable to parameter of type '"organizations" | "patients" | "audit_log" | "org_members" | "patient_files" | "patient_notes" | "patient_shares" | "user_prefs"'.
  Overload 2 of 2, '(relation: "v_my_orgs"): PostgrestQueryBuilder<{ PostgrestVersion: "13.0.4"; }, { Tables: { audit_log: { Row: { action: string; actor_email: string | null; actor_id: string | null; created_at: string; data: Json; ... 4 more ...; patient_id: string; }; Insert: { ...; }; Update: { ...; }; Relationships: []; }; ... 6 more ...; user_prefs: { ...; }; }; Views: { ...; }; Functions: { ...; }; Enums: {}; CompositeTypes: {}; }, { ...; }, "v_my_orgs", []>', gave the following error.
    Argument of type '"reminders"' is not assignable to parameter of type '"v_my_orgs"'.
lib/reminders/runner.ts(40,13): error TS2339: Property 'template_id' does not exist on type '{ action: string; actor_email: string | null; actor_id: string | null; created_at: string; data: Json; entity: string; entity_id: string; id: string; org_id: string | null; patient_id: string; } | ... 6 more ... | { ...; }'.
  Property 'template_id' does not exist on type '{ action: string; actor_email: string | null; actor_id: string | null; created_at: string; data: Json; entity: string; entity_id: string; id: string; org_id: string | null; patient_id: string; }'.
lib/reminders/runner.ts(42,17): error TS2769: No overload matches this call.
  Overload 1 of 2, '(relation: "organizations" | "patients" | "audit_log" | "org_members" | "patient_files" | "patient_notes" | "patient_shares" | "user_prefs"): PostgrestQueryBuilder<{ PostgrestVersion: "13.0.4"; }, { ...; }, { ...; } | ... 6 more ... | { ...; }, "organizations" | ... 6 more ... | "user_prefs", [] | ... 4 more ... | [...]>', gave the following error.
    Argument of type '"reminder_templates"' is not assignable to parameter of type '"organizations" | "patients" | "audit_log" | "org_members" | "patient_files" | "patient_notes" | "patient_shares" | "user_prefs"'.
  Overload 2 of 2, '(relation: "v_my_orgs"): PostgrestQueryBuilder<{ PostgrestVersion: "13.0.4"; }, { Tables: { audit_log: { Row: { action: string; actor_email: string | null; actor_id: string | null; created_at: string; data: Json; ... 4 more ...; patient_id: string; }; Insert: { ...; }; Update: { ...; }; Relationships: []; }; ... 6 more ...; user_prefs: { ...; }; }; Views: { ...; }; Functions: { ...; }; Enums: {}; CompositeTypes: {}; }, { ...; }, "v_my_orgs", []>', gave the following error.
    Argument of type '"reminder_templates"' is not assignable to parameter of type '"v_my_orgs"'.
lib/reminders/runner.ts(44,23): error TS2339: Property 'template_id' does not exist on type '{ action: string; actor_email: string | null; actor_id: string | null; created_at: string; data: Json; entity: string; entity_id: string; id: string; org_id: string | null; patient_id: string; } | ... 6 more ... | { ...; }'.
  Property 'template_id' does not exist on type '{ action: string; actor_email: string | null; actor_id: string | null; created_at: string; data: Json; entity: string; entity_id: string; id: string; org_id: string | null; patient_id: string; }'.
lib/reminders/runner.ts(46,36): error TS2339: Property 'body' does not exist on type '{ action: string; actor_email: string | null; actor_id: string | null; created_at: string; data: Json; entity: string; entity_id: string; id: string; org_id: string | null; patient_id: string; } | ... 6 more ... | { ...; }'.
  Property 'body' does not exist on type '{ action: string; actor_email: string | null; actor_id: string | null; created_at: string; data: Json; entity: string; entity_id: string; id: string; org_id: string | null; patient_id: string; }'.
lib/reminders/runner.ts(46,50): error TS2339: Property 'payload' does not exist on type '{ action: string; actor_email: string | null; actor_id: string | null; created_at: string; data: Json; entity: string; entity_id: string; id: string; org_id: string | null; patient_id: string; } | ... 6 more ... | { ...; }'.
  Property 'payload' does not exist on type '{ action: string; actor_email: string | null; actor_id: string | null; created_at: string; data: Json; entity: string; entity_id: string; id: string; org_id: string | null; patient_id: string; }'.
lib/reminders/runner.ts(50,13): error TS2339: Property 'payload' does not exist on type '{ action: string; actor_email: string | null; actor_id: string | null; created_at: string; data: Json; entity: string; entity_id: string; id: string; org_id: string | null; patient_id: string; } | ... 6 more ... | { ...; }'.
  Property 'payload' does not exist on type '{ action: string; actor_email: string | null; actor_id: string | null; created_at: string; data: Json; entity: string; entity_id: string; id: string; org_id: string | null; patient_id: string; }'.
lib/reminders/runner.ts(54,26): error TS2339: Property 'channel' does not exist on type '{ action: string; actor_email: string | null; actor_id: string | null; created_at: string; data: Json; entity: string; entity_id: string; id: string; org_id: string | null; patient_id: string; } | ... 6 more ... | { ...; }'.
  Property 'channel' does not exist on type '{ action: string; actor_email: string | null; actor_id: string | null; created_at: string; data: Json; entity: string; entity_id: string; id: string; org_id: string | null; patient_id: string; }'.
lib/reminders/runner.ts(59,41): error TS2339: Property 'address' does not exist on type '{ action: string; actor_email: string | null; actor_id: string | null; created_at: string; data: Json; entity: string; entity_id: string; id: string; org_id: string | null; patient_id: string; } | ... 6 more ... | { ...; }'.
  Property 'address' does not exist on type '{ action: string; actor_email: string | null; actor_id: string | null; created_at: string; data: Json; entity: string; entity_id: string; id: string; org_id: string | null; patient_id: string; }'.
lib/reminders/runner.ts(61,46): error TS2339: Property 'address' does not exist on type '{ action: string; actor_email: string | null; actor_id: string | null; created_at: string; data: Json; entity: string; entity_id: string; id: string; org_id: string | null; patient_id: string; } | ... 6 more ... | { ...; }'.
  Property 'address' does not exist on type '{ action: string; actor_email: string | null; actor_id: string | null; created_at: string; data: Json; entity: string; entity_id: string; id: string; org_id: string | null; patient_id: string; }'.
lib/reminders/runner.ts(65,23): error TS2769: No overload matches this call.
  Overload 1 of 2, '(relation: "organizations" | "patients" | "audit_log" | "org_members" | "patient_files" | "patient_notes" | "patient_shares" | "user_prefs"): PostgrestQueryBuilder<{ PostgrestVersion: "13.0.4"; }, { ...; }, { ...; } | ... 6 more ... | { ...; }, "organizations" | ... 6 more ... | "user_prefs", [] | ... 4 more ... | [...]>', gave the following error.
    Argument of type '"reminder_logs"' is not assignable to parameter of type '"organizations" | "patients" | "audit_log" | "org_members" | "patient_files" | "patient_notes" | "patient_shares" | "user_prefs"'.
  Overload 2 of 2, '(relation: "v_my_orgs"): PostgrestQueryBuilder<{ PostgrestVersion: "13.0.4"; }, { Tables: { audit_log: { Row: { action: string; actor_email: string | null; actor_id: string | null; created_at: string; data: Json; ... 4 more ...; patient_id: string; }; Insert: { ...; }; Update: { ...; }; Relationships: []; }; ... 6 more ...; user_prefs: { ...; }; }; Views: { ...; }; Functions: { ...; }; Enums: {}; CompositeTypes: {}; }, { ...; }, "v_my_orgs", []>', gave the following error.
    Argument of type '"reminder_logs"' is not assignable to parameter of type '"v_my_orgs"'.
lib/reminders/runner.ts(66,9): error TS2769: No overload matches this call.
  Overload 1 of 2, '(values: { action: string; actor_email?: string | null | undefined; actor_id?: string | null | undefined; created_at?: string | undefined; data?: Json | undefined; entity: string; entity_id: string; id?: string | undefined; org_id?: string | ... 1 more ... | undefined; patient_id: string; } | ... 6 more ... | { ...; }, options?: { ...; } | undefined): PostgrestFilterBuilder<...>', gave the following error.
    Object literal may only specify known properties, and 'reminder_id' does not exist in type '{ action: string; actor_email?: string | null | undefined; actor_id?: string | null | undefined; created_at?: string | undefined; data?: Json | undefined; entity: string; entity_id: string; id?: string | undefined; org_id?: string | ... 1 more ... | undefined; patient_id: string; } | ... 6 more ... | { ...; }'.
  Overload 2 of 2, '(values: ({ action: string; actor_email?: string | null | undefined; actor_id?: string | null | undefined; created_at?: string | undefined; data?: Json | undefined; entity: string; entity_id: string; id?: string | undefined; org_id?: string | ... 1 more ... | undefined; patient_id: string; } | ... 6 more ... | { ...; })[], options?: { ...; } | undefined): PostgrestFilterBuilder<...>', gave the following error.
    Object literal may only specify known properties, and 'reminder_id' does not exist in type '({ action: string; actor_email?: string | null | undefined; actor_id?: string | null | undefined; created_at?: string | undefined; data?: Json | undefined; entity: string; entity_id: string; id?: string | undefined; org_id?: string | ... 1 more ... | undefined; patient_id: string; } | ... 6 more ... | { ...; })[]'.
lib/reminders/runner.ts(66,24): error TS2339: Property 'id' does not exist on type '{ action: string; actor_email: string | null; actor_id: string | null; created_at: string; data: Json; entity: string; entity_id: string; id: string; org_id: string | null; patient_id: string; } | ... 6 more ... | { ...; }'.
  Property 'id' does not exist on type '{ created_at: string; org_id: string; role: string; user_id: string; }'.
lib/reminders/runner.ts(74,15): error TS2769: No overload matches this call.
  Overload 1 of 2, '(relation: "organizations" | "patients" | "audit_log" | "org_members" | "patient_files" | "patient_notes" | "patient_shares" | "user_prefs"): PostgrestQueryBuilder<{ PostgrestVersion: "13.0.4"; }, { ...; }, { ...; } | ... 6 more ... | { ...; }, "organizations" | ... 6 more ... | "user_prefs", [] | ... 4 more ... | [...]>', gave the following error.
    Argument of type '"reminders"' is not assignable to parameter of type '"organizations" | "patients" | "audit_log" | "org_members" | "patient_files" | "patient_notes" | "patient_shares" | "user_prefs"'.
  Overload 2 of 2, '(relation: "v_my_orgs"): PostgrestQueryBuilder<{ PostgrestVersion: "13.0.4"; }, { Tables: { audit_log: { Row: { action: string; actor_email: string | null; actor_id: string | null; created_at: string; data: Json; ... 4 more ...; patient_id: string; }; Insert: { ...; }; Update: { ...; }; Relationships: []; }; ... 6 more ...; user_prefs: { ...; }; }; Views: { ...; }; Functions: { ...; }; Enums: {}; CompositeTypes: {}; }, { ...; }, "v_my_orgs", []>', gave the following error.
    Argument of type '"reminders"' is not assignable to parameter of type '"v_my_orgs"'.
lib/reminders/runner.ts(76,11): error TS2353: Object literal may only specify known properties, and 'status' does not exist in type '{ action?: string | undefined; actor_email?: string | null | undefined; actor_id?: string | null | undefined; created_at?: string | undefined; data?: Json | undefined; entity?: string | undefined; entity_id?: string | undefined; id?: string | undefined; org_id?: string | ... 1 more ... | undefined; patient_id?: stri...'.
lib/reminders/runner.ts(77,24): error TS2339: Property 'attempts' does not exist on type '{ action: string; actor_email: string | null; actor_id: string | null; created_at: string; data: Json; entity: string; entity_id: string; id: string; org_id: string | null; patient_id: string; } | ... 6 more ... | { ...; }'.
  Property 'attempts' does not exist on type '{ action: string; actor_email: string | null; actor_id: string | null; created_at: string; data: Json; entity: string; entity_id: string; id: string; org_id: string | null; patient_id: string; }'.
lib/reminders/runner.ts(79,35): error TS2339: Property 'attempts' does not exist on type '{ action: string; actor_email: string | null; actor_id: string | null; created_at: string; data: Json; entity: string; entity_id: string; id: string; org_id: string | null; patient_id: string; } | ... 6 more ... | { ...; }'.
  Property 'attempts' does not exist on type '{ action: string; actor_email: string | null; actor_id: string | null; created_at: string; data: Json; entity: string; entity_id: string; id: string; org_id: string | null; patient_id: string; }'.
lib/reminders/runner.ts(81,21): error TS2339: Property 'id' does not exist on type '{ action: string; actor_email: string | null; actor_id: string | null; created_at: string; data: Json; entity: string; entity_id: string; id: string; org_id: string | null; patient_id: string; } | ... 6 more ... | { ...; }'.
  Property 'id' does not exist on type '{ created_at: string; org_id: string; role: string; user_id: string; }'.
lib/reminders/runner.ts(84,19): error TS2339: Property 'org_id' does not exist on type '{ action: string; actor_email: string | null; actor_id: string | null; created_at: string; data: Json; entity: string; entity_id: string; id: string; org_id: string | null; patient_id: string; } | ... 6 more ... | { ...; }'.
  Property 'org_id' does not exist on type '{ created_at: string; created_by: string; id: string; is_personal: boolean; name: string; slug: string | null; }'.
lib/reminders/runner.ts(87,24): error TS2339: Property 'template_id' does not exist on type '{ action: string; actor_email: string | null; actor_id: string | null; created_at: string; data: Json; entity: string; entity_id: string; id: string; org_id: string | null; patient_id: string; } | ... 6 more ... | { ...; }'.
  Property 'template_id' does not exist on type '{ action: string; actor_email: string | null; actor_id: string | null; created_at: string; data: Json; entity: string; entity_id: string; id: string; org_id: string | null; patient_id: string; }'.
lib/reminders/runner.ts(90,28): error TS2339: Property 'id' does not exist on type '{ action: string; actor_email: string | null; actor_id: string | null; created_at: string; data: Json; entity: string; entity_id: string; id: string; org_id: string | null; patient_id: string; } | ... 6 more ... | { ...; }'.
  Property 'id' does not exist on type '{ created_at: string; org_id: string; role: string; user_id: string; }'.
lib/reminders/runner.ts(94,23): error TS2769: No overload matches this call.
  Overload 1 of 2, '(relation: "organizations" | "patients" | "audit_log" | "org_members" | "patient_files" | "patient_notes" | "patient_shares" | "user_prefs"): PostgrestQueryBuilder<{ PostgrestVersion: "13.0.4"; }, { ...; }, { ...; } | ... 6 more ... | { ...; }, "organizations" | ... 6 more ... | "user_prefs", [] | ... 4 more ... | [...]>', gave the following error.
    Argument of type '"reminder_logs"' is not assignable to parameter of type '"organizations" | "patients" | "audit_log" | "org_members" | "patient_files" | "patient_notes" | "patient_shares" | "user_prefs"'.
  Overload 2 of 2, '(relation: "v_my_orgs"): PostgrestQueryBuilder<{ PostgrestVersion: "13.0.4"; }, { Tables: { audit_log: { Row: { action: string; actor_email: string | null; actor_id: string | null; created_at: string; data: Json; ... 4 more ...; patient_id: string; }; Insert: { ...; }; Update: { ...; }; Relationships: []; }; ... 6 more ...; user_prefs: { ...; }; }; Views: { ...; }; Functions: { ...; }; Enums: {}; CompositeTypes: {}; }, { ...; }, "v_my_orgs", []>', gave the following error.
    Argument of type '"reminder_logs"' is not assignable to parameter of type '"v_my_orgs"'.
lib/reminders/runner.ts(95,9): error TS2769: No overload matches this call.
  Overload 1 of 2, '(values: { action: string; actor_email?: string | null | undefined; actor_id?: string | null | undefined; created_at?: string | undefined; data?: Json | undefined; entity: string; entity_id: string; id?: string | undefined; org_id?: string | ... 1 more ... | undefined; patient_id: string; } | ... 6 more ... | { ...; }, options?: { ...; } | undefined): PostgrestFilterBuilder<...>', gave the following error.
    Object literal may only specify known properties, and 'reminder_id' does not exist in type '{ action: string; actor_email?: string | null | undefined; actor_id?: string | null | undefined; created_at?: string | undefined; data?: Json | undefined; entity: string; entity_id: string; id?: string | undefined; org_id?: string | ... 1 more ... | undefined; patient_id: string; } | ... 6 more ... | { ...; }'.
  Overload 2 of 2, '(values: ({ action: string; actor_email?: string | null | undefined; actor_id?: string | null | undefined; created_at?: string | undefined; data?: Json | undefined; entity: string; entity_id: string; id?: string | undefined; org_id?: string | ... 1 more ... | undefined; patient_id: string; } | ... 6 more ... | { ...; })[], options?: { ...; } | undefined): PostgrestFilterBuilder<...>', gave the following error.
    Object literal may only specify known properties, and 'reminder_id' does not exist in type '({ action: string; actor_email?: string | null | undefined; actor_id?: string | null | undefined; created_at?: string | undefined; data?: Json | undefined; entity: string; entity_id: string; id?: string | undefined; org_id?: string | ... 1 more ... | undefined; patient_id: string; } | ... 6 more ... | { ...; })[]'.
lib/reminders/runner.ts(95,24): error TS2339: Property 'id' does not exist on type '{ action: string; actor_email: string | null; actor_id: string | null; created_at: string; data: Json; entity: string; entity_id: string; id: string; org_id: string | null; patient_id: string; } | ... 6 more ... | { ...; }'.
  Property 'id' does not exist on type '{ created_at: string; org_id: string; role: string; user_id: string; }'.
lib/reminders/runner.ts(101,29): error TS2339: Property 'attempts' does not exist on type '{ action: string; actor_email: string | null; actor_id: string | null; created_at: string; data: Json; entity: string; entity_id: string; id: string; org_id: string | null; patient_id: string; } | ... 6 more ... | { ...; }'.
  Property 'attempts' does not exist on type '{ action: string; actor_email: string | null; actor_id: string | null; created_at: string; data: Json; entity: string; entity_id: string; id: string; org_id: string | null; patient_id: string; }'.
lib/reminders/runner.ts(101,53): error TS2339: Property 'max_attempts' does not exist on type '{ action: string; actor_email: string | null; actor_id: string | null; created_at: string; data: Json; entity: string; entity_id: string; id: string; org_id: string | null; patient_id: string; } | ... 6 more ... | { ...; }'.
  Property 'max_attempts' does not exist on type '{ action: string; actor_email: string | null; actor_id: string | null; created_at: string; data: Json; entity: string; entity_id: string; id: string; org_id: string | null; patient_id: string; }'.
lib/reminders/runner.ts(104,15): error TS2769: No overload matches this call.
  Overload 1 of 2, '(relation: "organizations" | "patients" | "audit_log" | "org_members" | "patient_files" | "patient_notes" | "patient_shares" | "user_prefs"): PostgrestQueryBuilder<{ PostgrestVersion: "13.0.4"; }, { ...; }, { ...; } | ... 6 more ... | { ...; }, "organizations" | ... 6 more ... | "user_prefs", [] | ... 4 more ... | [...]>', gave the following error.
    Argument of type '"reminders"' is not assignable to parameter of type '"organizations" | "patients" | "audit_log" | "org_members" | "patient_files" | "patient_notes" | "patient_shares" | "user_prefs"'.
  Overload 2 of 2, '(relation: "v_my_orgs"): PostgrestQueryBuilder<{ PostgrestVersion: "13.0.4"; }, { Tables: { audit_log: { Row: { action: string; actor_email: string | null; actor_id: string | null; created_at: string; data: Json; ... 4 more ...; patient_id: string; }; Insert: { ...; }; Update: { ...; }; Relationships: []; }; ... 6 more ...; user_prefs: { ...; }; }; Views: { ...; }; Functions: { ...; }; Enums: {}; CompositeTypes: {}; }, { ...; }, "v_my_orgs", []>', gave the following error.
    Argument of type '"reminders"' is not assignable to parameter of type '"v_my_orgs"'.
lib/reminders/runner.ts(106,11): error TS2353: Object literal may only specify known properties, and 'status' does not exist in type '{ action?: string | undefined; actor_email?: string | null | undefined; actor_id?: string | null | undefined; created_at?: string | undefined; data?: Json | undefined; entity?: string | undefined; entity_id?: string | undefined; id?: string | undefined; org_id?: string | ... 1 more ... | undefined; patient_id?: stri...'.
lib/reminders/runner.ts(107,24): error TS2339: Property 'attempts' does not exist on type '{ action: string; actor_email: string | null; actor_id: string | null; created_at: string; data: Json; entity: string; entity_id: string; id: string; org_id: string | null; patient_id: string; } | ... 6 more ... | { ...; }'.
  Property 'attempts' does not exist on type '{ action: string; actor_email: string | null; actor_id: string | null; created_at: string; data: Json; entity: string; entity_id: string; id: string; org_id: string | null; patient_id: string; }'.
lib/reminders/runner.ts(109,35): error TS2339: Property 'attempts' does not exist on type '{ action: string; actor_email: string | null; actor_id: string | null; created_at: string; data: Json; entity: string; entity_id: string; id: string; org_id: string | null; patient_id: string; } | ... 6 more ... | { ...; }'.
  Property 'attempts' does not exist on type '{ action: string; actor_email: string | null; actor_id: string | null; created_at: string; data: Json; entity: string; entity_id: string; id: string; org_id: string | null; patient_id: string; }'.
lib/reminders/runner.ts(111,21): error TS2339: Property 'id' does not exist on type '{ action: string; actor_email: string | null; actor_id: string | null; created_at: string; data: Json; entity: string; entity_id: string; id: string; org_id: string | null; patient_id: string; } | ... 6 more ... | { ...; }'.
  Property 'id' does not exist on type '{ created_at: string; org_id: string; role: string; user_id: string; }'.
lib/reminders/runner.ts(114,19): error TS2339: Property 'org_id' does not exist on type '{ action: string; actor_email: string | null; actor_id: string | null; created_at: string; data: Json; entity: string; entity_id: string; id: string; org_id: string | null; patient_id: string; } | ... 6 more ... | { ...; }'.
  Property 'org_id' does not exist on type '{ created_at: string; created_by: string; id: string; is_personal: boolean; name: string; slug: string | null; }'.
lib/reminders/runner.ts(115,20): error TS2339: Property 'channel' does not exist on type '{ action: string; actor_email: string | null; actor_id: string | null; created_at: string; data: Json; entity: string; entity_id: string; id: string; org_id: string | null; patient_id: string; } | ... 6 more ... | { ...; }'.
  Property 'channel' does not exist on type '{ action: string; actor_email: string | null; actor_id: string | null; created_at: string; data: Json; entity: string; entity_id: string; id: string; org_id: string | null; patient_id: string; }'.
lib/reminders/runner.ts(117,24): error TS2339: Property 'template_id' does not exist on type '{ action: string; actor_email: string | null; actor_id: string | null; created_at: string; data: Json; entity: string; entity_id: string; id: string; org_id: string | null; patient_id: string; } | ... 6 more ... | { ...; }'.
  Property 'template_id' does not exist on type '{ action: string; actor_email: string | null; actor_id: string | null; created_at: string; data: Json; entity: string; entity_id: string; id: string; org_id: string | null; patient_id: string; }'.
lib/reminders/runner.ts(120,28): error TS2339: Property 'id' does not exist on type '{ action: string; actor_email: string | null; actor_id: string | null; created_at: string; data: Json; entity: string; entity_id: string; id: string; org_id: string | null; patient_id: string; } | ... 6 more ... | { ...; }'.
  Property 'id' does not exist on type '{ created_at: string; org_id: string; role: string; user_id: string; }'.
lib/search-advanced.ts(65,5): error TS2322: Type 'string | null' is not assignable to type 'string | undefined'.
  Type 'null' is not assignable to type 'string | undefined'.
lib/search-advanced.ts(66,5): error TS2322: Type 'string[] | null' is not assignable to type 'string[] | undefined'.
  Type 'null' is not assignable to type 'string[] | undefined'.
lib/search-advanced.ts(67,5): error TS2322: Type 'string | null' is not assignable to type 'string | undefined'.
  Type 'null' is not assignable to type 'string | undefined'.
lib/search-advanced.ts(68,5): error TS2322: Type 'string | null' is not assignable to type 'string | undefined'.
  Type 'null' is not assignable to type 'string | undefined'.
lib/search-advanced.ts(69,5): error TS2322: Type 'Gender | null' is not assignable to type 'string | undefined'.
  Type 'null' is not assignable to type 'string | undefined'.
lib/search.ts(32,5): error TS2322: Type 'string | null' is not assignable to type 'string | undefined'.
  Type 'null' is not assignable to type 'string | undefined'.
lib/supabase/server.ts(38,21): error TS2322: Type '{ data: null; error: { message: string; }; }' is not assignable to type '{ data: any[]; error: { message: string; }; }'.
  Types of property 'data' are incompatible.
    Type 'null' is not assignable to type 'any[]'.
lib/supabase/server.ts(39,21): error TS2322: Type '{ data: null; error: { message: string; }; }' is not assignable to type '{ data: any[]; error: { message: string; }; }'.
  Types of property 'data' are incompatible.
    Type 'null' is not assignable to type 'any[]'.
lib/supabase/server.ts(40,21): error TS2322: Type '{ data: null; error: { message: string; }; }' is not assignable to type '{ data: any[]; error: { message: string; }; }'.
  Types of property 'data' are incompatible.
    Type 'null' is not assignable to type 'any[]'.
lib/supabase/server.ts(41,21): error TS2322: Type '{ data: null; error: { message: string; }; }' is not assignable to type '{ data: any[]; error: { message: string; }; }'.
  Types of property 'data' are incompatible.
    Type 'null' is not assignable to type 'any[]'.
lib/supabase/server.ts(104,24): error TS2339: Property 'get' does not exist on type 'Promise<ReadonlyRequestCookies>'.
lib/supabase/server.ts(112,17): error TS2339: Property 'set' does not exist on type 'Promise<ReadonlyRequestCookies>'.
lib/supabase/server.ts(119,17): error TS2339: Property 'set' does not exist on type 'Promise<ReadonlyRequestCookies>'.
ELIFECYCLE Command failed with exit code 2.
