lib/audit.ts(18,11): error TS2769: No overload matches this call.
  Overload 1 of 2, '(relation: "patients" | "patient_files" | "patient_notes" | "patient_shares" | "user_org_prefs"): PostgrestQueryBuilder<{ PostgrestVersion: "12"; }, { Tables: { patients: { Row: { id: string; nombre: string; ... 4 more ...; user_id?: string | ... 1 more ... | undefined; }; Insert: { ...; }; Update: Partial<...>; Relationships: []; }; patient_files: { ...; }; patient_notes: { ...; }; patient_shares: { ...; }; user_org_prefs: { ...; }; }; Views: {}; Functions: {}; Enums: { ...; }; }, { ...; } | ... 3 more ... | { ...; }, "patients" | ... 3 more ... | "user_org_prefs", []>', gave the following error.
    Argument of type '"audit_log"' is not assignable to parameter of type '"patients" | "patient_files" | "patient_notes" | "patient_shares" | "user_org_prefs"'.
  Overload 2 of 2, '(relation: never): PostgrestQueryBuilder<{ PostgrestVersion: "12"; }, { Tables: { patients: { Row: { id: string; nombre: string; edad: number | null; genero: Gender | null; created_at: string; updated_at: string | null; user_id?: string | ... 1 more ... | undefined; }; Insert: { ...; }; Update: Partial<...>; Relationships: []; }; patient_files: { ...; }; patient_notes: { ...; }; patient_shares: { ...; }; user_org_prefs: { ...; }; }; Views: {}; Functions: {}; Enums: { ...; }; }, never, never, never>', gave the following error.
    Argument of type '"audit_log"' is not assignable to parameter of type 'never'.
lib/org.ts(15,47): error TS2769: No overload matches this call.
  Overload 1 of 2, '(relation: "patients" | "patient_files" | "patient_notes" | "patient_shares" | "user_org_prefs"): PostgrestQueryBuilder<{ PostgrestVersion: "12"; }, { Tables: { patients: { Row: { id: string; nombre: string; ... 4 more ...; user_id?: string | ... 1 more ... | undefined; }; Insert: { ...; }; Update: Partial<...>; Relationships: []; }; patient_files: { ...; }; patient_notes: { ...; }; patient_shares: { ...; }; user_org_prefs: { ...; }; }; Views: {}; Functions: {}; Enums: { ...; }; }, { ...; } | ... 3 more ... | { ...; }, "patients" | ... 3 more ... | "user_org_prefs", []>', gave the following error.
    Argument of type '"v_my_orgs"' is not assignable to parameter of type '"patients" | "patient_files" | "patient_notes" | "patient_shares" | "user_org_prefs"'.
  Overload 2 of 2, '(relation: never): PostgrestQueryBuilder<{ PostgrestVersion: "12"; }, { Tables: { patients: { Row: { id: string; nombre: string; edad: number | null; genero: Gender | null; created_at: string; updated_at: string | null; user_id?: string | ... 1 more ... | undefined; }; Insert: { ...; }; Update: Partial<...>; Relationships: []; }; patient_files: { ...; }; patient_notes: { ...; }; patient_shares: { ...; }; user_org_prefs: { ...; }; }; Views: {}; Functions: {}; Enums: { ...; }; }, never, never, never>', gave the following error.
    Argument of type '"v_my_orgs"' is not assignable to parameter of type 'never'.
lib/org.ts(17,10): error TS2352: Conversion of type '(SelectQueryError<"column 'id' does not exist on 'patients'."> | SelectQueryError<"column 'id' does not exist on 'patient_files'."> | SelectQueryError<...> | SelectQueryError<...> | SelectQueryError<...>)[]' to type 'MyOrg[]' may be a mistake because neither type sufficiently overlaps with the other. If this was intentional, convert the expression to 'unknown' first.
  Type 'SelectQueryError<"column 'id' does not exist on 'patients'."> | SelectQueryError<"column 'id' does not exist on 'patient_files'."> | SelectQueryError<...> | SelectQueryError<...> | SelectQueryError<...>' is not comparable to type 'MyOrg'.
    Type '{ error: true; } & String' is missing the following properties from type 'MyOrg': id, name, slug, is_personal, role
lib/org.ts(28,11): error TS2769: No overload matches this call.
  Overload 1 of 2, '(relation: "patients" | "patient_files" | "patient_notes" | "patient_shares" | "user_org_prefs"): PostgrestQueryBuilder<{ PostgrestVersion: "12"; }, { Tables: { patients: { Row: { id: string; nombre: string; ... 4 more ...; user_id?: string | ... 1 more ... | undefined; }; Insert: { ...; }; Update: Partial<...>; Relationships: []; }; patient_files: { ...; }; patient_notes: { ...; }; patient_shares: { ...; }; user_org_prefs: { ...; }; }; Views: {}; Functions: {}; Enums: { ...; }; }, { ...; } | ... 3 more ... | { ...; }, "patients" | ... 3 more ... | "user_org_prefs", []>', gave the following error.
    Argument of type '"user_prefs"' is not assignable to parameter of type '"patients" | "patient_files" | "patient_notes" | "patient_shares" | "user_org_prefs"'.
  Overload 2 of 2, '(relation: never): PostgrestQueryBuilder<{ PostgrestVersion: "12"; }, { Tables: { patients: { Row: { id: string; nombre: string; edad: number | null; genero: Gender | null; created_at: string; updated_at: string | null; user_id?: string | ... 1 more ... | undefined; }; Insert: { ...; }; Update: Partial<...>; Relationships: []; }; patient_files: { ...; }; patient_notes: { ...; }; patient_shares: { ...; }; user_org_prefs: { ...; }; }; Views: {}; Functions: {}; Enums: { ...; }; }, never, never, never>', gave the following error.
    Argument of type '"user_prefs"' is not assignable to parameter of type 'never'.
lib/org.ts(32,23): error TS2339: Property 'current_org_id' does not exist on type 'SelectQueryError<"column 'current_org_id' does not exist on 'patients'."> | SelectQueryError<"column 'current_org_id' does not exist on 'patient_files'."> | SelectQueryError<...> | SelectQueryError<...> | SelectQueryError<...>'.
  Property 'current_org_id' does not exist on type 'SelectQueryError<"column 'current_org_id' does not exist on 'patients'.">'.
lib/org.ts(33,39): error TS2339: Property 'current_org_id' does not exist on type 'SelectQueryError<"column 'current_org_id' does not exist on 'patients'."> | SelectQueryError<"column 'current_org_id' does not exist on 'patient_files'."> | SelectQueryError<...> | SelectQueryError<...> | SelectQueryError<...>'.
  Property 'current_org_id' does not exist on type 'SelectQueryError<"column 'current_org_id' does not exist on 'patients'.">'.
lib/org.ts(34,17): error TS2339: Property 'current_org_id' does not exist on type 'SelectQueryError<"column 'current_org_id' does not exist on 'patients'."> | SelectQueryError<"column 'current_org_id' does not exist on 'patient_files'."> | SelectQueryError<...> | SelectQueryError<...> | SelectQueryError<...>'.
  Property 'current_org_id' does not exist on type 'SelectQueryError<"column 'current_org_id' does not exist on 'patients'.">'.
lib/org.ts(55,11): error TS2769: No overload matches this call.
  Overload 1 of 2, '(relation: "patients" | "patient_files" | "patient_notes" | "patient_shares" | "user_org_prefs"): PostgrestQueryBuilder<{ PostgrestVersion: "12"; }, { Tables: { patients: { Row: { id: string; nombre: string; ... 4 more ...; user_id?: string | ... 1 more ... | undefined; }; Insert: { ...; }; Update: Partial<...>; Relationships: []; }; patient_files: { ...; }; patient_notes: { ...; }; patient_shares: { ...; }; user_org_prefs: { ...; }; }; Views: {}; Functions: {}; Enums: { ...; }; }, { ...; } | ... 3 more ... | { ...; }, "patients" | ... 3 more ... | "user_org_prefs", []>', gave the following error.
    Argument of type '"user_prefs"' is not assignable to parameter of type '"patients" | "patient_files" | "patient_notes" | "patient_shares" | "user_org_prefs"'.
  Overload 2 of 2, '(relation: never): PostgrestQueryBuilder<{ PostgrestVersion: "12"; }, { Tables: { patients: { Row: { id: string; nombre: string; edad: number | null; genero: Gender | null; created_at: string; updated_at: string | null; user_id?: string | ... 1 more ... | undefined; }; Insert: { ...; }; Update: Partial<...>; Relationships: []; }; patient_files: { ...; }; patient_notes: { ...; }; patient_shares: { ...; }; user_org_prefs: { ...; }; }; Views: {}; Functions: {}; Enums: { ...; }; }, never, never, never>', gave the following error.
    Argument of type '"user_prefs"' is not assignable to parameter of type 'never'.
lib/patient-notes.ts(31,6): error TS2769: No overload matches this call.
  Overload 1 of 2, '(values: { id?: string | undefined; user_id: string; patient_id: string; content: string; created_at?: string | undefined; }, options?: { count?: "exact" | "planned" | "estimated" | undefined; } | undefined): PostgrestFilterBuilder<...>', gave the following error.
    Argument of type '{ patient_id: string; content: string; }' is not assignable to parameter of type '{ id?: string | undefined; user_id: string; patient_id: string; content: string; created_at?: string | undefined; }'.
      Property 'user_id' is missing in type '{ patient_id: string; content: string; }' but required in type '{ id?: string | undefined; user_id: string; patient_id: string; content: string; created_at?: string | undefined; }'.
  Overload 2 of 2, '(values: { id?: string | undefined; user_id: string; patient_id: string; content: string; created_at?: string | undefined; }[], options?: { count?: "exact" | "planned" | "estimated" | undefined; defaultToNull?: boolean | undefined; } | undefined): PostgrestFilterBuilder<...>', gave the following error.
    Object literal may only specify known properties, and 'patient_id' does not exist in type '{ id?: string | undefined; user_id: string; patient_id: string; content: string; created_at?: string | undefined; }[]'.
lib/patient-shares.ts(23,10): error TS2352: Conversion of type '{ id: string; user_id: string; patient_id: string; token: string; expires_at: string | null; created_at: string; }[]' to type 'PatientShare[]' may be a mistake because neither type sufficiently overlaps with the other. If this was intentional, convert the expression to 'unknown' first.
  Type '{ id: string; user_id: string; patient_id: string; token: string; expires_at: string | null; created_at: string; }' is missing the following properties from type 'PatientShare': owner_id, grantee_email, can_edit
lib/patient-shares.ts(38,13): error TS2769: No overload matches this call.
  Overload 1 of 2, '(values: { id?: string | undefined; user_id: string; patient_id: string; token: string; expires_at?: string | null | undefined; created_at?: string | undefined; }, options?: { count?: "exact" | "planned" | "estimated" | undefined; } | undefined): PostgrestFilterBuilder<...>', gave the following error.
    Argument of type '{ owner_id: string; patient_id: string; grantee_email: string; can_edit: boolean; }' is not assignable to parameter of type '{ id?: string | undefined; user_id: string; patient_id: string; token: string; expires_at?: string | null | undefined; created_at?: string | undefined; }'.
      Type '{ owner_id: string; patient_id: string; grantee_email: string; can_edit: boolean; }' is missing the following properties from type '{ id?: string | undefined; user_id: string; patient_id: string; token: string; expires_at?: string | null | undefined; created_at?: string | undefined; }': user_id, token
  Overload 2 of 2, '(values: { id?: string | undefined; user_id: string; patient_id: string; token: string; expires_at?: string | null | undefined; created_at?: string | undefined; }[], options?: { count?: "exact" | "planned" | "estimated" | undefined; defaultToNull?: boolean | undefined; } | undefined): PostgrestFilterBuilder<...>', gave the following error.
    Argument of type '{ owner_id: string; patient_id: string; grantee_email: string; can_edit: boolean; }' is not assignable to parameter of type '{ id?: string | undefined; user_id: string; patient_id: string; token: string; expires_at?: string | null | undefined; created_at?: string | undefined; }[]'.
      Type '{ owner_id: string; patient_id: string; grantee_email: string; can_edit: boolean; }' is missing the following properties from type '{ id?: string | undefined; user_id: string; patient_id: string; token: string; expires_at?: string | null | undefined; created_at?: string | undefined; }[]': length, pop, push, concat, and 35 more.
lib/patient-shares.ts(45,10): error TS2352: Conversion of type '{ id: string; user_id: string; patient_id: string; token: string; expires_at: string | null; created_at: string; }' to type 'PatientShare' may be a mistake because neither type sufficiently overlaps with the other. If this was intentional, convert the expression to 'unknown' first.
  Type '{ id: string; user_id: string; patient_id: string; token: string; expires_at: string | null; created_at: string; }' is missing the following properties from type 'PatientShare': owner_id, grantee_email, can_edit
lib/patients.ts(6,25): error TS2440: Import declaration conflicts with local declaration of 'Gender'.
