app/(app)/pacientes/[id]/page.tsx(6,10): error TS2305: Module '"@/lib/supabase-browser"' has no exported member 'getSupabaseBrowser'.
app/(app)/pacientes/[id]/page.tsx(80,19): error TS18047: 'p' is possibly 'null'.
app/(app)/pacientes/[id]/page.tsx(81,17): error TS18047: 'p' is possibly 'null'.
app/(app)/pacientes/[id]/page.tsx(81,17): error TS2345: Argument of type 'number | null | undefined' is not assignable to parameter of type 'SetStateAction<number | "">'.
  Type 'undefined' is not assignable to type 'SetStateAction<number | "">'.
app/(app)/pacientes/[id]/page.tsx(82,19): error TS18047: 'p' is possibly 'null'.
app/(app)/pacientes/[id]/page.tsx(82,19): error TS2345: Argument of type 'Gender | null | undefined' is not assignable to parameter of type 'SetStateAction<"F" | "M" | "O">'.
  Type 'undefined' is not assignable to type 'SetStateAction<"F" | "M" | "O">'.
app/(app)/pacientes/[id]/page.tsx(239,13): error TS2345: Argument of type 'number | null | undefined' is not assignable to parameter of type 'SetStateAction<number | "">'.
  Type 'undefined' is not assignable to type 'SetStateAction<number | "">'.
app/(app)/pacientes/[id]/page.tsx(240,15): error TS2345: Argument of type 'Gender | null | undefined' is not assignable to parameter of type 'SetStateAction<"F" | "M" | "O">'.
  Type 'undefined' is not assignable to type 'SetStateAction<"F" | "M" | "O">'.
app/(app)/pacientes/[id]/page.tsx(263,72): error TS2322: Type '"F" | "M" | "O"' is not assignable to type 'Gender | null | undefined'.
  Type '"F"' is not assignable to type 'Gender | null | undefined'.
app/(app)/test-ui/upload/page.tsx(4,10): error TS2305: Module '"@/lib/supabase-browser"' has no exported member 'getSupabaseBrowser'.
app/(auth)/login/page.tsx(4,10): error TS2305: Module '"@/lib/supabase-browser"' has no exported member 'getSupabaseBrowser'.
app/(auth)/register/page.tsx(5,10): error TS2305: Module '"@/lib/supabase/client"' has no exported member 'getSupabaseClient'.
app/(auth)/reset-password/page.tsx(4,10): error TS2305: Module '"@/lib/supabase-browser"' has no exported member 'getSupabaseBrowser'.
app/(auth)/update-password/page.tsx(5,10): error TS2305: Module '"@/lib/supabase-browser"' has no exported member 'getSupabaseBrowser'.
components/AuthGate.tsx(5,10): error TS2305: Module '"@/lib/supabase-browser"' has no exported member 'getSupabaseBrowser'.
components/AuthGate.tsx(30,62): error TS7006: Parameter '_event' implicitly has an 'any' type.
components/AuthGate.tsx(30,70): error TS7006: Parameter 'sess' implicitly has an 'any' type.
components/Emoji.tsx(19,7): error TS2322: Type '{ emoji: string; size: any; mode: EmojiMode; color: string; accentColor: string; className: any; title: any; }' is not assignable to type 'IntrinsicAttributes & Props'.
  Property 'mode' does not exist on type 'IntrinsicAttributes & Props'.
components/Navbar.tsx(6,10): error TS2305: Module '"@/lib/supabase-browser"' has no exported member 'getSupabaseBrowser'.
components/Toast.tsx(123,25): error TS2322: Type '{ emoji: string; mode: string; }' is not assignable to type 'IntrinsicAttributes & Props'.
  Property 'mode' does not exist on type 'IntrinsicAttributes & Props'.
hooks/useNotesRealtime.ts(3,10): error TS2305: Module '"@/lib/supabase-browser"' has no exported member 'getSupabaseBrowser'.
hooks/usePatientsRealtime.ts(3,10): error TS2305: Module '"@/lib/supabase-browser"' has no exported member 'getSupabaseBrowser'.
lib/audit.ts(1,10): error TS2305: Module '"@/lib/supabase-browser"' has no exported member 'getSupabaseBrowser'.
lib/org.ts(1,10): error TS2305: Module '"@/lib/supabase-browser"' has no exported member 'getSupabaseBrowser'.
lib/patient-files.ts(1,10): error TS2305: Module '"@/lib/supabase-browser"' has no exported member 'getSupabaseBrowser'.
lib/patient-notes.ts(1,10): error TS2305: Module '"@/lib/supabase-browser"' has no exported member 'getSupabaseBrowser'.
lib/patient-shares.ts(1,10): error TS2305: Module '"@/lib/supabase-browser"' has no exported member 'getSupabaseBrowser'.
lib/patients-search.ts(1,10): error TS2305: Module '"@/lib/supabase-browser"' has no exported member 'getSupabaseBrowser'.
lib/patients.ts(1,10): error TS2305: Module '"@/lib/supabase-browser"' has no exported member 'getSupabaseBrowser'.
lib/storage.ts(1,10): error TS2305: Module '"@/lib/supabase-browser"' has no exported member 'getSupabaseBrowser'.
logs/diag-2025-09-10-050640/snapshot/app/(app)/pacientes/[id]/page.tsx(6,10): error TS2305: Module '"@/lib/supabase-browser"' has no exported member 'getSupabaseBrowser'.
logs/diag-2025-09-10-050640/snapshot/app/(app)/pacientes/[id]/page.tsx(80,19): error TS18047: 'p' is possibly 'null'.
logs/diag-2025-09-10-050640/snapshot/app/(app)/pacientes/[id]/page.tsx(81,17): error TS18047: 'p' is possibly 'null'.
logs/diag-2025-09-10-050640/snapshot/app/(app)/pacientes/[id]/page.tsx(81,17): error TS2345: Argument of type 'number | null | undefined' is not assignable to parameter of type 'SetStateAction<number | "">'.
  Type 'undefined' is not assignable to type 'SetStateAction<number | "">'.
logs/diag-2025-09-10-050640/snapshot/app/(app)/pacientes/[id]/page.tsx(82,19): error TS18047: 'p' is possibly 'null'.
logs/diag-2025-09-10-050640/snapshot/app/(app)/pacientes/[id]/page.tsx(82,19): error TS2345: Argument of type 'Gender | null | undefined' is not assignable to parameter of type 'SetStateAction<"F" | "M" | "O">'.
  Type 'undefined' is not assignable to type 'SetStateAction<"F" | "M" | "O">'.
logs/diag-2025-09-10-050640/snapshot/app/(app)/pacientes/[id]/page.tsx(239,13): error TS2345: Argument of type 'number | null | undefined' is not assignable to parameter of type 'SetStateAction<number | "">'.
  Type 'undefined' is not assignable to type 'SetStateAction<number | "">'.
logs/diag-2025-09-10-050640/snapshot/app/(app)/pacientes/[id]/page.tsx(240,15): error TS2345: Argument of type 'Gender | null | undefined' is not assignable to parameter of type 'SetStateAction<"F" | "M" | "O">'.
  Type 'undefined' is not assignable to type 'SetStateAction<"F" | "M" | "O">'.
logs/diag-2025-09-10-050640/snapshot/app/(app)/pacientes/[id]/page.tsx(263,72): error TS2322: Type '"F" | "M" | "O"' is not assignable to type 'Gender | null | undefined'.
  Type '"F"' is not assignable to type 'Gender | null | undefined'.
logs/diag-2025-09-10-050640/snapshot/app/(app)/test-ui/upload/page.tsx(4,10): error TS2305: Module '"@/lib/supabase-browser"' has no exported member 'getSupabaseBrowser'.
logs/diag-2025-09-10-050640/snapshot/components/Toast.tsx(123,25): error TS2322: Type '{ emoji: string; mode: string; }' is not assignable to type 'IntrinsicAttributes & Props'.
  Property 'mode' does not exist on type 'IntrinsicAttributes & Props'.
logs/diag-2025-09-10-050640/snapshot/lib/audit.ts(1,10): error TS2305: Module '"@/lib/supabase-browser"' has no exported member 'getSupabaseBrowser'.
logs/diag-2025-09-10-050640/snapshot/lib/org.ts(1,10): error TS2305: Module '"@/lib/supabase-browser"' has no exported member 'getSupabaseBrowser'.
logs/diag-2025-09-10-050640/snapshot/lib/patient-files.ts(1,10): error TS2305: Module '"@/lib/supabase-browser"' has no exported member 'getSupabaseBrowser'.
logs/diag-2025-09-10-050640/snapshot/lib/patient-notes.ts(1,10): error TS2305: Module '"@/lib/supabase-browser"' has no exported member 'getSupabaseBrowser'.
logs/diag-2025-09-10-050640/snapshot/lib/patient-shares.ts(1,10): error TS2305: Module '"@/lib/supabase-browser"' has no exported member 'getSupabaseBrowser'.
logs/diag-2025-09-10-050640/snapshot/lib/patients.ts(1,10): error TS2305: Module '"@/lib/supabase-browser"' has no exported member 'getSupabaseBrowser'.
